#
# There is insufficient memory for the Java Runtime Environment to continue.
# Native memory allocation (mmap) failed to map 25165824 bytes for G1 virtual space
# Possible reasons:
#   The system is out of physical RAM or swap space
#   The process is running with CompressedOops enabled, and the Java Heap may be blocking the growth of the native heap
# Possible solutions:
#   Reduce memory load on the system
#   Increase physical memory or swap space
#   Check if swap backing store is full
#   Decrease Java heap size (-Xmx/-Xms)
#   Decrease number of Java threads
#   Decrease Java thread stack sizes (-Xss)
#   Set larger code cache with -XX:ReservedCodeCacheSize=
#   JVM is running with Unscaled Compressed Oops mode in which the Java heap is
#     placed in the first 4GB address space. The Java Heap base address is the
#     maximum limit for the native heap growth. Please use -XX:HeapBaseMinAddress
#     to set the Java Heap base and to place the Java Heap above 4GB virtual address.
# This output file may be truncated or incomplete.
#
#  Out of Memory Error (os_windows.cpp:3769), pid=24092, tid=7652
#
# JRE version: OpenJDK Runtime Environment (17.0.6) (build 17.0.6+0-b2043.56-9586694)
# Java VM: OpenJDK 64-Bit Server VM (17.0.6+0-b2043.56-9586694, mixed mode, tiered, compressed oops, compressed class ptrs, g1 gc, windows-amd64)
# No core dump will be written. Minidumps are not enabled by default on client versions of Windows
#

---------------  S U M M A R Y ------------

Command Line: --add-opens=java.base/java.util=ALL-UNNAMED --add-opens=java.base/java.lang=ALL-UNNAMED --add-opens=java.base/java.lang.invoke=ALL-UNNAMED --add-opens=java.prefs/java.util.prefs=ALL-UNNAMED --add-opens=java.base/java.nio.charset=ALL-UNNAMED --add-opens=java.base/java.net=ALL-UNNAMED --add-opens=java.base/java.util.concurrent.atomic=ALL-UNNAMED -Xmx2048m -Dfile.encoding=UTF-8 -Duser.country=US -Duser.language=en -Duser.variant org.gradle.launcher.daemon.bootstrap.GradleDaemon 8.0

Host: AMD Ryzen 5 3500U with Radeon Vega Mobile Gfx  , 8 cores, 5G,  Windows 11 , 64 bit Build 22621 (10.0.22621.3374)
Time: Mon May 27 12:45:58 2024 India Standard Time elapsed time: 27.325630 seconds (0d 0h 0m 27s)

---------------  T H R E A D  ---------------

Current thread (0x0000024ea7681940):  VMThread "VM Thread" [stack: 0x000000ca28200000,0x000000ca28300000] [id=7652]

Stack: [0x000000ca28200000,0x000000ca28300000]
Native frames: (J=compiled Java code, j=interpreted, Vv=VM code, C=native code)
V  [jvm.dll+0x683b4a]
V  [jvm.dll+0x842654]
V  [jvm.dll+0x843dfe]
V  [jvm.dll+0x844463]
V  [jvm.dll+0x249b75]
V  [jvm.dll+0x680a19]
V  [jvm.dll+0x674f0a]
V  [jvm.dll+0x309acb]
V  [jvm.dll+0x310f86]
V  [jvm.dll+0x3608ee]
V  [jvm.dll+0x360b1f]
V  [jvm.dll+0x2dfbf8]
V  [jvm.dll+0x2ddec4]
V  [jvm.dll+0x2dd4cc]
V  [jvm.dll+0x321f3b]
V  [jvm.dll+0x84893b]
V  [jvm.dll+0x849674]
V  [jvm.dll+0x849b8d]
V  [jvm.dll+0x849f64]
V  [jvm.dll+0x84a030]
V  [jvm.dll+0x7f25fa]
V  [jvm.dll+0x682985]
C  [ucrtbase.dll+0x29333]
C  [KERNEL32.DLL+0x1257d]
C  [ntdll.dll+0x5aa48]

VM_Operation (0x000000ca299f1ae0): G1CollectForAllocation, mode: safepoint, requested by thread 0x0000024eaab8a830


---------------  P R O C E S S  ---------------

Threads class SMR info:
_java_thread_list=0x0000024ea930ade0, length=125, elements={
0x0000024e8d83e090, 0x0000024ea76a3260, 0x0000024ea76a40d0, 0x0000024ea801c020,
0x0000024ea801cb40, 0x0000024ea801e700, 0x0000024ea80210c0, 0x0000024ea8021da0,
0x0000024ea8025c90, 0x0000024ea802e690, 0x0000024ea81c1350, 0x0000024ea81c1820,
0x0000024ea9bce7d0, 0x0000024eaa8da6b0, 0x0000024eaa5ec530, 0x0000024ea98d1720,
0x0000024eaa963050, 0x0000024eaa4977b0, 0x0000024eaab8a830, 0x0000024ea9475870,
0x0000024ea94766e0, 0x0000024ea9476bb0, 0x0000024ea9475d40, 0x0000024ea9477080,
0x0000024ea94783c0, 0x0000024ea9478890, 0x0000024ea9474ed0, 0x0000024ea9477550,
0x0000024ea9477a20, 0x0000024ea9477ef0, 0x0000024ea94753a0, 0x0000024ea9130f30,
0x0000024ea91348f0, 0x0000024ea912f720, 0x0000024ea9133f50, 0x0000024ea9135290,
0x0000024ea9134dc0, 0x0000024ea9135760, 0x0000024ea912fbf0, 0x0000024ea91300c0,
0x0000024ea9136100, 0x0000024ea9130a60, 0x0000024ea91335b0, 0x0000024ea9134420,
0x0000024ea9131400, 0x0000024ea91318d0, 0x0000024ea9131da0, 0x0000024ea9132270,
0x0000024ea9132740, 0x0000024ea9132c10, 0x0000024ea91330e0, 0x0000024eacb081f0,
0x0000024eacb06eb0, 0x0000024eacb04d00, 0x0000024eacb07380, 0x0000024eacb06510,
0x0000024eacb07850, 0x0000024eacb00e70, 0x0000024eacb07d20, 0x0000024eacb01340,
0x0000024eacb03020, 0x0000024eacb034f0, 0x0000024eacb02680, 0x0000024eacb02b50,
0x0000024eacb009a0, 0x0000024eacb039c0, 0x0000024eacb051d0, 0x0000024eacb01810,
0x0000024eacb06040, 0x0000024eacb04830, 0x0000024eacb069e0, 0x0000024eacb056a0,
0x0000024eacb01ce0, 0x0000024eacb021b0, 0x0000024eacb03e90, 0x0000024eacb05b70,
0x0000024eacb04360, 0x0000024ea80fe4a0, 0x0000024ea81044e0, 0x0000024ea80fdb00,
0x0000024ea8104010, 0x0000024ea8100b20, 0x0000024ea8100180, 0x0000024ea8100ff0,
0x0000024ea80fee40, 0x0000024ea80fe970, 0x0000024ea80ff310, 0x0000024ea81014c0,
0x0000024ea8100650, 0x0000024ea80ff7e0, 0x0000024ea8104e80, 0x0000024ea8101990,
0x0000024ea8102330, 0x0000024ea80fdfd0, 0x0000024ea81049b0, 0x0000024ea80ffcb0,
0x0000024ea8103b40, 0x0000024ea8101e60, 0x0000024ea8102800, 0x0000024ea8102cd0,
0x0000024ea81031a0, 0x0000024ea8103670, 0x0000024ea8105350, 0x0000024eaa7fc430,
0x0000024eaa7fef80, 0x0000024eaa7f98e0, 0x0000024eaa7f9410, 0x0000024eaa7fdc40,
0x0000024eaa7fd2a0, 0x0000024eaa7ffdf0, 0x0000024eaa7fb0f0, 0x0000024eaa7f9db0,
0x0000024eaa7fa280, 0x0000024eaa7feab0, 0x0000024eaa7fd770, 0x0000024eaa7ff450,
0x0000024eaa7fe5e0, 0x0000024eaa8002c0, 0x0000024eaa7ff920, 0x0000024eaa7fcdd0,
0x0000024eaa7fa750, 0x0000024eaa7fac20, 0x0000024eaa7f8f40, 0x0000024eaa800790,
0x0000024eaa7fe110
}

Java Threads: ( => current thread )
  0x0000024e8d83e090 JavaThread "main" [_thread_blocked, id=19184, stack(0x000000ca27c00000,0x000000ca27d00000)]
  0x0000024ea76a3260 JavaThread "Reference Handler" daemon [_thread_blocked, id=23696, stack(0x000000ca28300000,0x000000ca28400000)]
  0x0000024ea76a40d0 JavaThread "Finalizer" daemon [_thread_blocked, id=24676, stack(0x000000ca28400000,0x000000ca28500000)]
  0x0000024ea801c020 JavaThread "Signal Dispatcher" daemon [_thread_blocked, id=17284, stack(0x000000ca28500000,0x000000ca28600000)]
  0x0000024ea801cb40 JavaThread "Attach Listener" daemon [_thread_blocked, id=13600, stack(0x000000ca28600000,0x000000ca28700000)]
  0x0000024ea801e700 JavaThread "Service Thread" daemon [_thread_blocked, id=23836, stack(0x000000ca28700000,0x000000ca28800000)]
  0x0000024ea80210c0 JavaThread "Monitor Deflation Thread" daemon [_thread_blocked, id=12736, stack(0x000000ca28800000,0x000000ca28900000)]
  0x0000024ea8021da0 JavaThread "C2 CompilerThread0" daemon [_thread_blocked, id=15356, stack(0x000000ca28900000,0x000000ca28a00000)]
  0x0000024ea8025c90 JavaThread "C1 CompilerThread0" daemon [_thread_blocked, id=12652, stack(0x000000ca28a00000,0x000000ca28b00000)]
  0x0000024ea802e690 JavaThread "Sweeper thread" daemon [_thread_blocked, id=27828, stack(0x000000ca28b00000,0x000000ca28c00000)]
  0x0000024ea81c1350 JavaThread "Common-Cleaner" daemon [_thread_blocked, id=4184, stack(0x000000ca28c00000,0x000000ca28d00000)]
  0x0000024ea81c1820 JavaThread "Notification Thread" daemon [_thread_blocked, id=12204, stack(0x000000ca28d00000,0x000000ca28e00000)]
  0x0000024ea9bce7d0 JavaThread "Daemon health stats" [_thread_blocked, id=25244, stack(0x000000ca29400000,0x000000ca29500000)]
  0x0000024eaa8da6b0 JavaThread "Incoming local TCP Connector on port 49410" [_thread_in_native, id=14056, stack(0x000000ca29300000,0x000000ca29400000)]
  0x0000024eaa5ec530 JavaThread "Daemon periodic checks" [_thread_blocked, id=24696, stack(0x000000ca29500000,0x000000ca29600000)]
  0x0000024ea98d1720 JavaThread "Daemon" [_thread_blocked, id=11540, stack(0x000000ca29600000,0x000000ca29700000)]
  0x0000024eaa963050 JavaThread "Handler for socket connection from /127.0.0.1:49410 to /127.0.0.1:49411" [_thread_in_native, id=14692, stack(0x000000ca29700000,0x000000ca29800000)]
  0x0000024eaa4977b0 JavaThread "Cancel handler" [_thread_blocked, id=28228, stack(0x000000ca29800000,0x000000ca29900000)]
  0x0000024eaab8a830 JavaThread "Daemon worker" [_thread_blocked, id=5264, stack(0x000000ca29900000,0x000000ca29a00000)]
  0x0000024ea9475870 JavaThread "Asynchronous log dispatcher for DefaultDaemonConnection: socket connection from /127.0.0.1:49410 to /127.0.0.1:49411" [_thread_blocked, id=23672, stack(0x000000ca29a00000,0x000000ca29b00000)]
  0x0000024ea94766e0 JavaThread "Stdin handler" [_thread_blocked, id=25100, stack(0x000000ca29b00000,0x000000ca29c00000)]
  0x0000024ea9476bb0 JavaThread "Daemon client event forwarder" [_thread_blocked, id=9680, stack(0x000000ca29c00000,0x000000ca29d00000)]
  0x0000024ea9475d40 JavaThread "Cache worker for journal cache (C:\Users\ASHWANI KUMAR\.gradle\caches\journal-1)" [_thread_blocked, id=22780, stack(0x000000ca2a100000,0x000000ca2a200000)]
  0x0000024ea9477080 JavaThread "File lock request listener" [_thread_in_native, id=19904, stack(0x000000ca2a200000,0x000000ca2a300000)]
  0x0000024ea94783c0 JavaThread "Cache worker for file hash cache (C:\Users\ASHWANI KUMAR\.gradle\caches\8.0\fileHashes)" [_thread_blocked, id=19208, stack(0x000000ca2a300000,0x000000ca2a400000)]
  0x0000024ea9478890 JavaThread "File watcher server" daemon [_thread_in_native, id=3748, stack(0x000000ca2a500000,0x000000ca2a600000)]
  0x0000024ea9474ed0 JavaThread "File watcher consumer" daemon [_thread_blocked, id=22712, stack(0x000000ca2a600000,0x000000ca2a700000)]
  0x0000024ea9477550 JavaThread "Cache worker for checksums cache (C:\Users\ASHWANI KUMAR\AndroidStudioProjects\DashboardApp\.gradle\8.0\checksums)" [_thread_blocked, id=15132, stack(0x000000ca2a700000,0x000000ca2a800000)]
  0x0000024ea9477a20 JavaThread "Cache worker for cache directory md-rule (C:\Users\ASHWANI KUMAR\.gradle\caches\8.0\md-rule)" [_thread_blocked, id=13848, stack(0x000000ca2a800000,0x000000ca2a900000)]
  0x0000024ea9477ef0 JavaThread "Cache worker for file content cache (C:\Users\ASHWANI KUMAR\.gradle\caches\8.0\fileContent)" [_thread_blocked, id=14176, stack(0x000000ca2a900000,0x000000ca2aa00000)]
  0x0000024ea94753a0 JavaThread "Cache worker for file hash cache (C:\Users\ASHWANI KUMAR\AndroidStudioProjects\DashboardApp\.gradle\8.0\fileHashes)" [_thread_blocked, id=27756, stack(0x000000ca2aa00000,0x000000ca2ab00000)]
  0x0000024ea9130f30 JavaThread "Cache worker for cache directory md-supplier (C:\Users\ASHWANI KUMAR\.gradle\caches\8.0\md-supplier)" [_thread_blocked, id=11392, stack(0x000000ca2ab00000,0x000000ca2ac00000)]
  0x0000024ea91348f0 JavaThread "Cache worker for execution history cache (C:\Users\ASHWANI KUMAR\.gradle\caches\8.0\executionHistory)" [_thread_blocked, id=9284, stack(0x000000ca2a400000,0x000000ca2a500000)]
  0x0000024ea912f720 JavaThread "jar transforms" [_thread_blocked, id=20972, stack(0x000000ca2ac00000,0x000000ca2ad00000)]
  0x0000024ea9133f50 JavaThread "jar transforms Thread 2" [_thread_blocked, id=8948, stack(0x000000ca2ad00000,0x000000ca2ae00000)]
  0x0000024ea9135290 JavaThread "jar transforms Thread 3" [_thread_blocked, id=13332, stack(0x000000ca2af00000,0x000000ca2b000000)]
  0x0000024ea9134dc0 JavaThread "jar transforms Thread 4" [_thread_blocked, id=19736, stack(0x000000ca2b100000,0x000000ca2b200000)]
  0x0000024ea9135760 JavaThread "Cache worker for dependencies-accessors (C:\Users\ASHWANI KUMAR\AndroidStudioProjects\DashboardApp\.gradle\8.0\dependencies-accessors)" [_thread_blocked, id=26244, stack(0x000000ca2b200000,0x000000ca2b300000)]
  0x0000024ea912fbf0 JavaThread "jar transforms Thread 5" [_thread_blocked, id=28208, stack(0x000000ca2b000000,0x000000ca2b100000)]
  0x0000024ea91300c0 JavaThread "Cache worker for Build Output Cleanup Cache (C:\Users\ASHWANI KUMAR\AndroidStudioProjects\DashboardApp\.gradle\buildOutputCleanup)" [_thread_blocked, id=21108, stack(0x000000ca2b300000,0x000000ca2b400000)]
  0x0000024ea9136100 JavaThread "Unconstrained build operations" [_thread_blocked, id=24392, stack(0x000000ca2b400000,0x000000ca2b500000)]
  0x0000024ea9130a60 JavaThread "Unconstrained build operations Thread 2" [_thread_blocked, id=13896, stack(0x000000ca2b500000,0x000000ca2b600000)]
  0x0000024ea91335b0 JavaThread "Unconstrained build operations Thread 3" [_thread_blocked, id=9868, stack(0x000000ca2b600000,0x000000ca2b700000)]
  0x0000024ea9134420 JavaThread "Unconstrained build operations Thread 4" [_thread_blocked, id=15712, stack(0x000000ca2b700000,0x000000ca2b800000)]
  0x0000024ea9131400 JavaThread "Unconstrained build operations Thread 5" [_thread_blocked, id=21352, stack(0x000000ca2b800000,0x000000ca2b900000)]
  0x0000024ea91318d0 JavaThread "Unconstrained build operations Thread 6" [_thread_blocked, id=26752, stack(0x000000ca2b900000,0x000000ca2ba00000)]
  0x0000024ea9131da0 JavaThread "Unconstrained build operations Thread 7" [_thread_blocked, id=22068, stack(0x000000ca2ba00000,0x000000ca2bb00000)]
  0x0000024ea9132270 JavaThread "Unconstrained build operations Thread 8" [_thread_blocked, id=18652, stack(0x000000ca2bb00000,0x000000ca2bc00000)]
  0x0000024ea9132740 JavaThread "Unconstrained build operations Thread 9" [_thread_blocked, id=17272, stack(0x000000ca2bc00000,0x000000ca2bd00000)]
  0x0000024ea9132c10 JavaThread "Unconstrained build operations Thread 10" [_thread_blocked, id=24808, stack(0x000000ca2bd00000,0x000000ca2be00000)]
  0x0000024ea91330e0 JavaThread "Unconstrained build operations Thread 11" [_thread_blocked, id=25664, stack(0x000000ca2be00000,0x000000ca2bf00000)]
  0x0000024eacb081f0 JavaThread "Unconstrained build operations Thread 12" [_thread_blocked, id=27688, stack(0x000000ca2bf00000,0x000000ca2c000000)]
  0x0000024eacb06eb0 JavaThread "Unconstrained build operations Thread 13" [_thread_blocked, id=2472, stack(0x000000ca2c000000,0x000000ca2c100000)]
  0x0000024eacb04d00 JavaThread "Unconstrained build operations Thread 14" [_thread_blocked, id=28344, stack(0x000000ca2c100000,0x000000ca2c200000)]
  0x0000024eacb07380 JavaThread "Unconstrained build operations Thread 15" [_thread_blocked, id=20136, stack(0x000000ca2c200000,0x000000ca2c300000)]
  0x0000024eacb06510 JavaThread "Unconstrained build operations Thread 16" [_thread_blocked, id=1740, stack(0x000000ca2c300000,0x000000ca2c400000)]
  0x0000024eacb07850 JavaThread "Unconstrained build operations Thread 17" [_thread_blocked, id=11268, stack(0x000000ca2c400000,0x000000ca2c500000)]
  0x0000024eacb00e70 JavaThread "Unconstrained build operations Thread 18" [_thread_blocked, id=25888, stack(0x000000ca2c500000,0x000000ca2c600000)]
  0x0000024eacb07d20 JavaThread "Unconstrained build operations Thread 19" [_thread_blocked, id=11448, stack(0x000000ca2c600000,0x000000ca2c700000)]
  0x0000024eacb01340 JavaThread "Unconstrained build operations Thread 20" [_thread_blocked, id=26256, stack(0x000000ca2c700000,0x000000ca2c800000)]
  0x0000024eacb03020 JavaThread "Unconstrained build operations Thread 21" [_thread_blocked, id=9944, stack(0x000000ca2c800000,0x000000ca2c900000)]
  0x0000024eacb034f0 JavaThread "Unconstrained build operations Thread 22" [_thread_blocked, id=9700, stack(0x000000ca2c900000,0x000000ca2ca00000)]
  0x0000024eacb02680 JavaThread "Unconstrained build operations Thread 23" [_thread_blocked, id=8140, stack(0x000000ca2ca00000,0x000000ca2cb00000)]
  0x0000024eacb02b50 JavaThread "Unconstrained build operations Thread 24" [_thread_blocked, id=18308, stack(0x000000ca2cb00000,0x000000ca2cc00000)]
  0x0000024eacb009a0 JavaThread "Unconstrained build operations Thread 25" [_thread_blocked, id=15280, stack(0x000000ca2cc00000,0x000000ca2cd00000)]
  0x0000024eacb039c0 JavaThread "Unconstrained build operations Thread 26" [_thread_blocked, id=3492, stack(0x000000ca2cd00000,0x000000ca2ce00000)]
  0x0000024eacb051d0 JavaThread "Unconstrained build operations Thread 27" [_thread_blocked, id=20256, stack(0x000000ca2ce00000,0x000000ca2cf00000)]
  0x0000024eacb01810 JavaThread "Unconstrained build operations Thread 28" [_thread_blocked, id=28188, stack(0x000000ca2cf00000,0x000000ca2d000000)]
  0x0000024eacb06040 JavaThread "Unconstrained build operations Thread 29" [_thread_blocked, id=1092, stack(0x000000ca2d000000,0x000000ca2d100000)]
  0x0000024eacb04830 JavaThread "Unconstrained build operations Thread 30" [_thread_blocked, id=27884, stack(0x000000ca2d100000,0x000000ca2d200000)]
  0x0000024eacb069e0 JavaThread "Unconstrained build operations Thread 31" [_thread_blocked, id=27660, stack(0x000000ca2d200000,0x000000ca2d300000)]
  0x0000024eacb056a0 JavaThread "Unconstrained build operations Thread 32" [_thread_blocked, id=20508, stack(0x000000ca2d300000,0x000000ca2d400000)]
  0x0000024eacb01ce0 JavaThread "Unconstrained build operations Thread 33" [_thread_blocked, id=9084, stack(0x000000ca2d400000,0x000000ca2d500000)]
  0x0000024eacb021b0 JavaThread "Unconstrained build operations Thread 34" [_thread_blocked, id=13884, stack(0x000000ca2d500000,0x000000ca2d600000)]
  0x0000024eacb03e90 JavaThread "Unconstrained build operations Thread 35" [_thread_blocked, id=23608, stack(0x000000ca2d600000,0x000000ca2d700000)]
  0x0000024eacb05b70 JavaThread "Unconstrained build operations Thread 36" [_thread_blocked, id=5344, stack(0x000000ca2d700000,0x000000ca2d800000)]
  0x0000024eacb04360 JavaThread "Unconstrained build operations Thread 37" [_thread_blocked, id=27248, stack(0x000000ca2d800000,0x000000ca2d900000)]
  0x0000024ea80fe4a0 JavaThread "Unconstrained build operations Thread 38" [_thread_blocked, id=10060, stack(0x000000ca2d900000,0x000000ca2da00000)]
  0x0000024ea81044e0 JavaThread "Unconstrained build operations Thread 39" [_thread_blocked, id=27228, stack(0x000000ca2da00000,0x000000ca2db00000)]
  0x0000024ea80fdb00 JavaThread "Unconstrained build operations Thread 40" [_thread_blocked, id=804, stack(0x000000ca2db00000,0x000000ca2dc00000)]
  0x0000024ea8104010 JavaThread "Unconstrained build operations Thread 41" [_thread_blocked, id=10484, stack(0x000000ca2dc00000,0x000000ca2dd00000)]
  0x0000024ea8100b20 JavaThread "Unconstrained build operations Thread 42" [_thread_blocked, id=23868, stack(0x000000ca2dd00000,0x000000ca2de00000)]
  0x0000024ea8100180 JavaThread "Unconstrained build operations Thread 43" [_thread_blocked, id=15576, stack(0x000000ca2de00000,0x000000ca2df00000)]
  0x0000024ea8100ff0 JavaThread "Unconstrained build operations Thread 44" [_thread_blocked, id=26248, stack(0x000000ca2df00000,0x000000ca2e000000)]
  0x0000024ea80fee40 JavaThread "Unconstrained build operations Thread 45" [_thread_blocked, id=11612, stack(0x000000ca2e000000,0x000000ca2e100000)]
  0x0000024ea80fe970 JavaThread "Unconstrained build operations Thread 46" [_thread_blocked, id=19368, stack(0x000000ca2e100000,0x000000ca2e200000)]
  0x0000024ea80ff310 JavaThread "Unconstrained build operations Thread 47" [_thread_blocked, id=23928, stack(0x000000ca2e200000,0x000000ca2e300000)]
  0x0000024ea81014c0 JavaThread "Unconstrained build operations Thread 48" [_thread_blocked, id=24960, stack(0x000000ca2e300000,0x000000ca2e400000)]
  0x0000024ea8100650 JavaThread "Unconstrained build operations Thread 49" [_thread_blocked, id=23600, stack(0x000000ca2e400000,0x000000ca2e500000)]
  0x0000024ea80ff7e0 JavaThread "Unconstrained build operations Thread 50" [_thread_blocked, id=27808, stack(0x000000ca2e500000,0x000000ca2e600000)]
  0x0000024ea8104e80 JavaThread "Unconstrained build operations Thread 51" [_thread_blocked, id=17656, stack(0x000000ca2e600000,0x000000ca2e700000)]
  0x0000024ea8101990 JavaThread "Unconstrained build operations Thread 52" [_thread_blocked, id=14560, stack(0x000000ca2e700000,0x000000ca2e800000)]
  0x0000024ea8102330 JavaThread "Unconstrained build operations Thread 53" [_thread_blocked, id=25476, stack(0x000000ca2e800000,0x000000ca2e900000)]
  0x0000024ea80fdfd0 JavaThread "Unconstrained build operations Thread 54" [_thread_blocked, id=1568, stack(0x000000ca2e900000,0x000000ca2ea00000)]
  0x0000024ea81049b0 JavaThread "Unconstrained build operations Thread 55" [_thread_blocked, id=26060, stack(0x000000ca2ea00000,0x000000ca2eb00000)]
  0x0000024ea80ffcb0 JavaThread "Unconstrained build operations Thread 56" [_thread_blocked, id=16836, stack(0x000000ca2eb00000,0x000000ca2ec00000)]
  0x0000024ea8103b40 JavaThread "Unconstrained build operations Thread 57" [_thread_blocked, id=14856, stack(0x000000ca2ec00000,0x000000ca2ed00000)]
  0x0000024ea8101e60 JavaThread "Unconstrained build operations Thread 58" [_thread_blocked, id=27452, stack(0x000000ca2ed00000,0x000000ca2ee00000)]
  0x0000024ea8102800 JavaThread "Unconstrained build operations Thread 59" [_thread_blocked, id=15900, stack(0x000000ca2ee00000,0x000000ca2ef00000)]
  0x0000024ea8102cd0 JavaThread "Unconstrained build operations Thread 60" [_thread_blocked, id=8680, stack(0x000000ca2ef00000,0x000000ca2f000000)]
  0x0000024ea81031a0 JavaThread "Unconstrained build operations Thread 61" [_thread_blocked, id=10648, stack(0x000000ca2f000000,0x000000ca2f100000)]
  0x0000024ea8103670 JavaThread "Unconstrained build operations Thread 62" [_thread_blocked, id=26808, stack(0x000000ca2f100000,0x000000ca2f200000)]
  0x0000024ea8105350 JavaThread "Unconstrained build operations Thread 63" [_thread_blocked, id=24832, stack(0x000000ca2f200000,0x000000ca2f300000)]
  0x0000024eaa7fc430 JavaThread "Unconstrained build operations Thread 64" [_thread_blocked, id=28088, stack(0x000000ca2f300000,0x000000ca2f400000)]
  0x0000024eaa7fef80 JavaThread "Unconstrained build operations Thread 65" [_thread_blocked, id=25644, stack(0x000000ca2f400000,0x000000ca2f500000)]
  0x0000024eaa7f98e0 JavaThread "Unconstrained build operations Thread 66" [_thread_blocked, id=8692, stack(0x000000ca2f500000,0x000000ca2f600000)]
  0x0000024eaa7f9410 JavaThread "Unconstrained build operations Thread 67" [_thread_blocked, id=11096, stack(0x000000ca2f600000,0x000000ca2f700000)]
  0x0000024eaa7fdc40 JavaThread "Unconstrained build operations Thread 68" [_thread_blocked, id=22212, stack(0x000000ca2f700000,0x000000ca2f800000)]
  0x0000024eaa7fd2a0 JavaThread "Unconstrained build operations Thread 69" [_thread_blocked, id=15248, stack(0x000000ca2f800000,0x000000ca2f900000)]
  0x0000024eaa7ffdf0 JavaThread "Unconstrained build operations Thread 70" [_thread_blocked, id=26648, stack(0x000000ca2f900000,0x000000ca2fa00000)]
  0x0000024eaa7fb0f0 JavaThread "Unconstrained build operations Thread 71" [_thread_blocked, id=27752, stack(0x000000ca2fa00000,0x000000ca2fb00000)]
  0x0000024eaa7f9db0 JavaThread "Unconstrained build operations Thread 72" [_thread_blocked, id=18704, stack(0x000000ca2fb00000,0x000000ca2fc00000)]
  0x0000024eaa7fa280 JavaThread "Unconstrained build operations Thread 73" [_thread_blocked, id=5716, stack(0x000000ca2fc00000,0x000000ca2fd00000)]
  0x0000024eaa7feab0 JavaThread "Unconstrained build operations Thread 74" [_thread_blocked, id=21120, stack(0x000000ca2fd00000,0x000000ca2fe00000)]
  0x0000024eaa7fd770 JavaThread "Unconstrained build operations Thread 75" [_thread_blocked, id=21816, stack(0x000000ca2fe00000,0x000000ca2ff00000)]
  0x0000024eaa7ff450 JavaThread "Unconstrained build operations Thread 76" [_thread_blocked, id=28324, stack(0x000000ca2ff00000,0x000000ca30000000)]
  0x0000024eaa7fe5e0 JavaThread "Unconstrained build operations Thread 77" [_thread_blocked, id=26744, stack(0x000000ca30000000,0x000000ca30100000)]
  0x0000024eaa8002c0 JavaThread "Unconstrained build operations Thread 78" [_thread_blocked, id=3164, stack(0x000000ca30100000,0x000000ca30200000)]
  0x0000024eaa7ff920 JavaThread "Unconstrained build operations Thread 79" [_thread_blocked, id=28644, stack(0x000000ca30200000,0x000000ca30300000)]
  0x0000024eaa7fcdd0 JavaThread "Unconstrained build operations Thread 80" [_thread_blocked, id=27568, stack(0x000000ca30300000,0x000000ca30400000)]
  0x0000024eaa7fa750 JavaThread "jar transforms Thread 6" [_thread_blocked, id=26736, stack(0x000000ca30400000,0x000000ca30500000)]
  0x0000024eaa7fac20 JavaThread "jar transforms Thread 7" [_thread_blocked, id=27396, stack(0x000000ca30500000,0x000000ca30600000)]
  0x0000024eaa7f8f40 JavaThread "jar transforms Thread 8" [_thread_blocked, id=22084, stack(0x000000ca30600000,0x000000ca30700000)]
  0x0000024eaa800790 JavaThread "build event listener" [_thread_blocked, id=28504, stack(0x000000ca30700000,0x000000ca30800000)]
  0x0000024eaa7fe110 JavaThread "Memory manager" [_thread_blocked, id=8984, stack(0x000000ca30800000,0x000000ca30900000)]

Other Threads:
=>0x0000024ea7681940 VMThread "VM Thread" [stack: 0x000000ca28200000,0x000000ca28300000] [id=7652]
  0x0000024e8d8c5f60 WatcherThread [stack: 0x000000ca28e00000,0x000000ca28f00000] [id=21096]
  0x0000024e8d89d000 GCTaskThread "GC Thread#0" [stack: 0x000000ca27d00000,0x000000ca27e00000] [id=28184]
  0x0000024ea912df10 GCTaskThread "GC Thread#1" [stack: 0x000000ca29000000,0x000000ca29100000] [id=10048]
  0x0000024ea8e12010 GCTaskThread "GC Thread#2" [stack: 0x000000ca29100000,0x000000ca29200000] [id=14592]
  0x0000024ea8d63600 GCTaskThread "GC Thread#3" [stack: 0x000000ca29200000,0x000000ca29300000] [id=16124]
  0x0000024ea8c47b20 GCTaskThread "GC Thread#4" [stack: 0x000000ca28f00000,0x000000ca29000000] [id=27880]
  0x0000024eaa728f40 GCTaskThread "GC Thread#5" [stack: 0x000000ca29d00000,0x000000ca29e00000] [id=21956]
  0x0000024ea9a31d30 GCTaskThread "GC Thread#6" [stack: 0x000000ca29e00000,0x000000ca29f00000] [id=1816]
  0x0000024eaa728840 GCTaskThread "GC Thread#7" [stack: 0x000000ca29f00000,0x000000ca2a000000] [id=1640]
  0x0000024e8d8adf40 ConcurrentGCThread "G1 Main Marker" [stack: 0x000000ca27e00000,0x000000ca27f00000] [id=19936]
  0x0000024e8d8af0f0 ConcurrentGCThread "G1 Conc#0" [stack: 0x000000ca27f00000,0x000000ca28000000] [id=8776]
  0x0000024eaa534360 ConcurrentGCThread "G1 Conc#1" [stack: 0x000000ca2a000000,0x000000ca2a100000] [id=11472]
  0x0000024e8d8fd940 ConcurrentGCThread "G1 Refine#0" [stack: 0x000000ca28000000,0x000000ca28100000] [id=5424]
  0x0000024ea82ea530 ConcurrentGCThread "G1 Refine#1" [stack: 0x000000ca2ae00000,0x000000ca2af00000] [id=10300]
  0x0000024e8d8fe360 ConcurrentGCThread "G1 Service" [stack: 0x000000ca28100000,0x000000ca28200000] [id=28372]

Threads with active compile tasks:
C2 CompilerThread0    27382 6934       4       org.objectweb.asm.MethodWriter::visitLabel (328 bytes)

VM state: at safepoint (normal execution)

VM Mutex/Monitor currently owned by a thread:  ([mutex/lock_event])
[0x0000024e8d839be0] Threads_lock - owner thread: 0x0000024ea7681940
[0x0000024e8d839f40] Heap_lock - owner thread: 0x0000024eaab8a830

Heap address: 0x0000000080000000, size: 2048 MB, Compressed Oops mode: 32-bit

CDS archive(s) not mapped
Compressed class space mapped at: 0x0000000100000000-0x0000000140000000, reserved size: 1073741824
Narrow klass base: 0x0000000000000000, Narrow klass shift: 3, Narrow klass range: 0x140000000

GC Precious Log:
 CPUs: 8 total, 8 available
 Memory: 6091M
 Large Page Support: Disabled
 NUMA Support: Disabled
 Compressed Oops: Enabled (32-bit)
 Heap Region Size: 1M
 Heap Min Capacity: 8M
 Heap Initial Capacity: 96M
 Heap Max Capacity: 2G
 Pre-touch: Disabled
 Parallel Workers: 8
 Concurrent Workers: 2
 Concurrent Refinement Workers: 8
 Periodic GC: Disabled

Heap:
 garbage-first heap   total 119808K, used 61119K [0x0000000080000000, 0x0000000100000000)
  region size 1024K, 3 young (3072K), 3 survivors (3072K)
 Metaspace       used 67058K, committed 67584K, reserved 1114112K
  class space    used 8791K, committed 9024K, reserved 1048576K

Heap Regions: E=young(eden), S=young(survivor), O=old, HS=humongous(starts), HC=humongous(continues), CS=collection set, F=free, OA=open archive, CA=closed archive, TAMS=top-at-mark-start (previous, next)
|   0|0x0000000080000000, 0x0000000080100000, 0x0000000080100000|100%|HS|  |TAMS 0x0000000080100000, 0x0000000080100000| Complete 
|   1|0x0000000080100000, 0x0000000080200000, 0x0000000080200000|100%|HC|  |TAMS 0x0000000080200000, 0x0000000080200000| Complete 
|   2|0x0000000080200000, 0x0000000080300000, 0x0000000080300000|100%|HC|  |TAMS 0x0000000080300000, 0x0000000080300000| Complete 
|   3|0x0000000080300000, 0x0000000080400000, 0x0000000080400000|100%|HC|  |TAMS 0x0000000080400000, 0x0000000080400000| Complete 
|   4|0x0000000080400000, 0x0000000080500000, 0x0000000080500000|100%| O|  |TAMS 0x0000000080500000, 0x0000000080500000| Untracked 
|   5|0x0000000080500000, 0x0000000080600000, 0x0000000080600000|100%| O|  |TAMS 0x0000000080600000, 0x0000000080600000| Untracked 
|   6|0x0000000080600000, 0x0000000080700000, 0x0000000080700000|100%| O|  |TAMS 0x0000000080700000, 0x0000000080700000| Untracked 
|   7|0x0000000080700000, 0x00000000807d6000, 0x0000000080800000| 83%| O|  |TAMS 0x00000000807d6000, 0x00000000807d6000| Untracked 
|   8|0x0000000080800000, 0x0000000080900000, 0x0000000080900000|100%| O|  |TAMS 0x0000000080900000, 0x0000000080900000| Untracked 
|   9|0x0000000080900000, 0x0000000080a00000, 0x0000000080a00000|100%| O|  |TAMS 0x0000000080a00000, 0x0000000080a00000| Untracked 
|  10|0x0000000080a00000, 0x0000000080b00000, 0x0000000080b00000|100%| O|  |TAMS 0x0000000080b00000, 0x0000000080b00000| Untracked 
|  11|0x0000000080b00000, 0x0000000080c00000, 0x0000000080c00000|100%| O|  |TAMS 0x0000000080c00000, 0x0000000080c00000| Untracked 
|  12|0x0000000080c00000, 0x0000000080d00000, 0x0000000080d00000|100%| O|  |TAMS 0x0000000080d00000, 0x0000000080d00000| Untracked 
|  13|0x0000000080d00000, 0x0000000080e00000, 0x0000000080e00000|100%| O|  |TAMS 0x0000000080e00000, 0x0000000080e00000| Untracked 
|  14|0x0000000080e00000, 0x0000000080f00000, 0x0000000080f00000|100%| O|  |TAMS 0x0000000080f00000, 0x0000000080f00000| Untracked 
|  15|0x0000000080f00000, 0x0000000081000000, 0x0000000081000000|100%| O|  |TAMS 0x0000000081000000, 0x0000000081000000| Untracked 
|  16|0x0000000081000000, 0x0000000081100000, 0x0000000081100000|100%| O|  |TAMS 0x0000000081100000, 0x0000000081100000| Untracked 
|  17|0x0000000081100000, 0x0000000081200000, 0x0000000081200000|100%| O|  |TAMS 0x0000000081200000, 0x0000000081200000| Untracked 
|  18|0x0000000081200000, 0x0000000081300000, 0x0000000081300000|100%| O|  |TAMS 0x0000000081300000, 0x0000000081300000| Untracked 
|  19|0x0000000081300000, 0x0000000081400000, 0x0000000081400000|100%| O|  |TAMS 0x0000000081400000, 0x0000000081400000| Untracked 
|  20|0x0000000081400000, 0x0000000081500000, 0x0000000081500000|100%| O|  |TAMS 0x0000000081500000, 0x0000000081500000| Untracked 
|  21|0x0000000081500000, 0x0000000081600000, 0x0000000081600000|100%| O|  |TAMS 0x0000000081600000, 0x0000000081600000| Untracked 
|  22|0x0000000081600000, 0x0000000081700000, 0x0000000081700000|100%| O|  |TAMS 0x0000000081700000, 0x0000000081700000| Untracked 
|  23|0x0000000081700000, 0x0000000081800000, 0x0000000081800000|100%| O|  |TAMS 0x0000000081700000, 0x0000000081800000| Untracked 
|  24|0x0000000081800000, 0x0000000081900000, 0x0000000081900000|100%| O|  |TAMS 0x0000000081900000, 0x0000000081900000| Untracked 
|  25|0x0000000081900000, 0x0000000081a00000, 0x0000000081a00000|100%| O|  |TAMS 0x0000000081a00000, 0x0000000081a00000| Untracked 
|  26|0x0000000081a00000, 0x0000000081b00000, 0x0000000081b00000|100%| O|  |TAMS 0x0000000081b00000, 0x0000000081b00000| Untracked 
|  27|0x0000000081b00000, 0x0000000081c00000, 0x0000000081c00000|100%| O|  |TAMS 0x0000000081c00000, 0x0000000081c00000| Untracked 
|  28|0x0000000081c00000, 0x0000000081d00000, 0x0000000081d00000|100%| O|  |TAMS 0x0000000081d00000, 0x0000000081d00000| Untracked 
|  29|0x0000000081d00000, 0x0000000081e00000, 0x0000000081e00000|100%| O|  |TAMS 0x0000000081e00000, 0x0000000081e00000| Untracked 
|  30|0x0000000081e00000, 0x0000000081f00000, 0x0000000081f00000|100%| O|  |TAMS 0x0000000081f00000, 0x0000000081f00000| Untracked 
|  31|0x0000000081f00000, 0x0000000082000000, 0x0000000082000000|100%| O|  |TAMS 0x0000000082000000, 0x0000000082000000| Untracked 
|  32|0x0000000082000000, 0x0000000082100000, 0x0000000082100000|100%| O|  |TAMS 0x0000000082100000, 0x0000000082100000| Untracked 
|  33|0x0000000082100000, 0x0000000082200000, 0x0000000082200000|100%| O|  |TAMS 0x0000000082200000, 0x0000000082200000| Untracked 
|  34|0x0000000082200000, 0x0000000082300000, 0x0000000082300000|100%| O|  |TAMS 0x0000000082300000, 0x0000000082300000| Untracked 
|  35|0x0000000082300000, 0x0000000082400000, 0x0000000082400000|100%| O|  |TAMS 0x0000000082400000, 0x0000000082400000| Untracked 
|  36|0x0000000082400000, 0x0000000082500000, 0x0000000082500000|100%|HS|  |TAMS 0x0000000082500000, 0x0000000082500000| Complete 
|  37|0x0000000082500000, 0x0000000082600000, 0x0000000082600000|100%| O|  |TAMS 0x0000000082600000, 0x0000000082600000| Untracked 
|  38|0x0000000082600000, 0x0000000082700000, 0x0000000082700000|100%| O|  |TAMS 0x0000000082700000, 0x0000000082700000| Untracked 
|  39|0x0000000082700000, 0x0000000082800000, 0x0000000082800000|100%|HS|  |TAMS 0x0000000082800000, 0x0000000082800000| Complete 
|  40|0x0000000082800000, 0x0000000082900000, 0x0000000082900000|100%|HC|  |TAMS 0x0000000082900000, 0x0000000082900000| Complete 
|  41|0x0000000082900000, 0x0000000082a00000, 0x0000000082a00000|100%|HS|  |TAMS 0x0000000082a00000, 0x0000000082a00000| Complete 
|  42|0x0000000082a00000, 0x0000000082b00000, 0x0000000082b00000|100%| O|  |TAMS 0x0000000082b00000, 0x0000000082b00000| Untracked 
|  43|0x0000000082b00000, 0x0000000082c00000, 0x0000000082c00000|100%|HS|  |TAMS 0x0000000082c00000, 0x0000000082c00000| Complete 
|  44|0x0000000082c00000, 0x0000000082d00000, 0x0000000082d00000|100%|HC|  |TAMS 0x0000000082d00000, 0x0000000082d00000| Complete 
|  45|0x0000000082d00000, 0x0000000082e00000, 0x0000000082e00000|100%|HC|  |TAMS 0x0000000082e00000, 0x0000000082e00000| Complete 
|  46|0x0000000082e00000, 0x0000000082f00000, 0x0000000082f00000|100%|HC|  |TAMS 0x0000000082f00000, 0x0000000082f00000| Complete 
|  47|0x0000000082f00000, 0x0000000083000000, 0x0000000083000000|100%| O|  |TAMS 0x0000000083000000, 0x0000000083000000| Untracked 
|  48|0x0000000083000000, 0x0000000083100000, 0x0000000083100000|100%| O|  |TAMS 0x0000000083100000, 0x0000000083100000| Untracked 
|  49|0x0000000083100000, 0x0000000083200000, 0x0000000083200000|100%| O|  |TAMS 0x0000000083200000, 0x0000000083200000| Untracked 
|  50|0x0000000083200000, 0x0000000083300000, 0x0000000083300000|100%| O|  |TAMS 0x0000000083300000, 0x0000000083300000| Untracked 
|  51|0x0000000083300000, 0x0000000083400000, 0x0000000083400000|100%| O|  |TAMS 0x0000000083400000, 0x0000000083400000| Untracked 
|  52|0x0000000083400000, 0x0000000083500000, 0x0000000083500000|100%| O|  |TAMS 0x00000000834f2a00, 0x0000000083500000| Untracked 
|  53|0x0000000083500000, 0x0000000083600000, 0x0000000083600000|100%| O|  |TAMS 0x0000000083500000, 0x0000000083600000| Untracked 
|  54|0x0000000083600000, 0x0000000083700000, 0x0000000083700000|100%| O|  |TAMS 0x0000000083600000, 0x0000000083600000| Untracked 
|  55|0x0000000083700000, 0x0000000083800000, 0x0000000083800000|100%| O|  |TAMS 0x0000000083700000, 0x0000000083700000| Untracked 
|  56|0x0000000083800000, 0x0000000083836e00, 0x0000000083900000| 21%| O|  |TAMS 0x0000000083800000, 0x0000000083800000| Untracked 
|  57|0x0000000083900000, 0x0000000083900000, 0x0000000083a00000|  0%| F|  |TAMS 0x0000000083900000, 0x0000000083900000| Untracked 
|  58|0x0000000083a00000, 0x0000000083a00000, 0x0000000083b00000|  0%| F|  |TAMS 0x0000000083a00000, 0x0000000083a00000| Untracked 
|  59|0x0000000083b00000, 0x0000000083b00000, 0x0000000083c00000|  0%| F|  |TAMS 0x0000000083b00000, 0x0000000083b00000| Untracked 
|  60|0x0000000083c00000, 0x0000000083d00000, 0x0000000083d00000|100%| O|  |TAMS 0x0000000083c00000, 0x0000000083c3b800| Untracked 
|  61|0x0000000083d00000, 0x0000000083d00000, 0x0000000083e00000|  0%| F|  |TAMS 0x0000000083d00000, 0x0000000083d00000| Untracked 
|  62|0x0000000083e00000, 0x0000000083e00000, 0x0000000083f00000|  0%| F|  |TAMS 0x0000000083e00000, 0x0000000083e00000| Untracked 
|  63|0x0000000083f00000, 0x0000000083f00000, 0x0000000084000000|  0%| F|  |TAMS 0x0000000083f00000, 0x0000000083f00000| Untracked 
|  64|0x0000000084000000, 0x0000000084000000, 0x0000000084100000|  0%| F|  |TAMS 0x0000000084000000, 0x0000000084000000| Untracked 
|  65|0x0000000084100000, 0x0000000084100000, 0x0000000084200000|  0%| F|  |TAMS 0x0000000084100000, 0x0000000084100000| Untracked 
|  66|0x0000000084200000, 0x0000000084200000, 0x0000000084300000|  0%| F|  |TAMS 0x0000000084200000, 0x0000000084200000| Untracked 
|  67|0x0000000084300000, 0x0000000084300000, 0x0000000084400000|  0%| F|  |TAMS 0x0000000084300000, 0x0000000084300000| Untracked 
|  68|0x0000000084400000, 0x0000000084400000, 0x0000000084500000|  0%| F|  |TAMS 0x0000000084400000, 0x0000000084400000| Untracked 
|  69|0x0000000084500000, 0x0000000084500000, 0x0000000084600000|  0%| F|  |TAMS 0x0000000084500000, 0x0000000084500000| Untracked 
|  70|0x0000000084600000, 0x0000000084600000, 0x0000000084700000|  0%| F|  |TAMS 0x0000000084600000, 0x0000000084600000| Untracked 
|  71|0x0000000084700000, 0x0000000084700000, 0x0000000084800000|  0%| F|  |TAMS 0x0000000084700000, 0x0000000084700000| Untracked 
|  72|0x0000000084800000, 0x0000000084800000, 0x0000000084900000|  0%| F|  |TAMS 0x0000000084800000, 0x0000000084800000| Untracked 
|  73|0x0000000084900000, 0x0000000084900000, 0x0000000084a00000|  0%| F|  |TAMS 0x0000000084900000, 0x0000000084900000| Untracked 
|  74|0x0000000084a00000, 0x0000000084a00000, 0x0000000084b00000|  0%| F|  |TAMS 0x0000000084a00000, 0x0000000084a00000| Untracked 
|  75|0x0000000084b00000, 0x0000000084b00000, 0x0000000084c00000|  0%| F|  |TAMS 0x0000000084b00000, 0x0000000084b00000| Untracked 
|  76|0x0000000084c00000, 0x0000000084c00000, 0x0000000084d00000|  0%| F|  |TAMS 0x0000000084c00000, 0x0000000084c00000| Untracked 
|  77|0x0000000084d00000, 0x0000000084d00000, 0x0000000084e00000|  0%| F|  |TAMS 0x0000000084d00000, 0x0000000084d00000| Untracked 
|  78|0x0000000084e00000, 0x0000000084e00000, 0x0000000084f00000|  0%| F|  |TAMS 0x0000000084e00000, 0x0000000084e00000| Untracked 
|  79|0x0000000084f00000, 0x0000000084f00000, 0x0000000085000000|  0%| F|  |TAMS 0x0000000084f00000, 0x0000000084f00000| Untracked 
|  80|0x0000000085000000, 0x0000000085000000, 0x0000000085100000|  0%| F|  |TAMS 0x0000000085000000, 0x0000000085000000| Untracked 
|  81|0x0000000085100000, 0x0000000085100000, 0x0000000085200000|  0%| F|  |TAMS 0x0000000085100000, 0x0000000085100000| Untracked 
|  82|0x0000000085200000, 0x0000000085200000, 0x0000000085300000|  0%| F|  |TAMS 0x0000000085200000, 0x0000000085200000| Untracked 
|  83|0x0000000085300000, 0x00000000853a3070, 0x0000000085400000| 63%| S|CS|TAMS 0x0000000085300000, 0x0000000085300000| Complete 
|  84|0x0000000085400000, 0x0000000085500000, 0x0000000085500000|100%| S|CS|TAMS 0x0000000085400000, 0x0000000085400000| Complete 
|  85|0x0000000085500000, 0x0000000085600000, 0x0000000085600000|100%| S|CS|TAMS 0x0000000085500000, 0x0000000085500000| Complete 
|  86|0x0000000085600000, 0x0000000085600000, 0x0000000085700000|  0%| F|  |TAMS 0x0000000085600000, 0x0000000085600000| Untracked 
|  87|0x0000000085700000, 0x0000000085700000, 0x0000000085800000|  0%| F|  |TAMS 0x0000000085700000, 0x0000000085700000| Untracked 
|  88|0x0000000085800000, 0x0000000085800000, 0x0000000085900000|  0%| F|  |TAMS 0x0000000085800000, 0x0000000085800000| Untracked 
|  89|0x0000000085900000, 0x0000000085900000, 0x0000000085a00000|  0%| F|  |TAMS 0x0000000085900000, 0x0000000085900000| Untracked 
|  90|0x0000000085a00000, 0x0000000085a00000, 0x0000000085b00000|  0%| F|  |TAMS 0x0000000085a00000, 0x0000000085a00000| Untracked 
|  91|0x0000000085b00000, 0x0000000085b00000, 0x0000000085c00000|  0%| F|  |TAMS 0x0000000085b00000, 0x0000000085b00000| Untracked 
|  92|0x0000000085c00000, 0x0000000085c00000, 0x0000000085d00000|  0%| F|  |TAMS 0x0000000085c00000, 0x0000000085c00000| Untracked 
|  93|0x0000000085d00000, 0x0000000085d00000, 0x0000000085e00000|  0%| F|  |TAMS 0x0000000085d00000, 0x0000000085d00000| Untracked 
|  94|0x0000000085e00000, 0x0000000085e00000, 0x0000000085f00000|  0%| F|  |TAMS 0x0000000085e00000, 0x0000000085e00000| Untracked 
|  95|0x0000000085f00000, 0x0000000085f00000, 0x0000000086000000|  0%| F|  |TAMS 0x0000000085f00000, 0x0000000085f00000| Untracked 
|  96|0x0000000086000000, 0x0000000086000000, 0x0000000086100000|  0%| F|  |TAMS 0x0000000086000000, 0x0000000086000000| Untracked 
|  97|0x0000000086100000, 0x0000000086100000, 0x0000000086200000|  0%| F|  |TAMS 0x0000000086100000, 0x0000000086100000| Untracked 
|  98|0x0000000086200000, 0x0000000086200000, 0x0000000086300000|  0%| F|  |TAMS 0x0000000086200000, 0x0000000086200000| Untracked 
|  99|0x0000000086300000, 0x0000000086300000, 0x0000000086400000|  0%| F|  |TAMS 0x0000000086300000, 0x0000000086300000| Untracked 
| 100|0x0000000086400000, 0x0000000086400000, 0x0000000086500000|  0%| F|  |TAMS 0x0000000086400000, 0x0000000086400000| Untracked 
| 101|0x0000000086500000, 0x0000000086500000, 0x0000000086600000|  0%| F|  |TAMS 0x0000000086500000, 0x0000000086500000| Untracked 
| 102|0x0000000086600000, 0x0000000086600000, 0x0000000086700000|  0%| F|  |TAMS 0x0000000086600000, 0x0000000086600000| Untracked 
| 103|0x0000000086700000, 0x0000000086700000, 0x0000000086800000|  0%| F|  |TAMS 0x0000000086700000, 0x0000000086700000| Untracked 
| 104|0x0000000086800000, 0x0000000086800000, 0x0000000086900000|  0%| F|  |TAMS 0x0000000086800000, 0x0000000086800000| Untracked 
| 105|0x0000000086900000, 0x0000000086900000, 0x0000000086a00000|  0%| F|  |TAMS 0x0000000086900000, 0x0000000086900000| Untracked 
| 106|0x0000000086a00000, 0x0000000086a00000, 0x0000000086b00000|  0%| F|  |TAMS 0x0000000086a00000, 0x0000000086a00000| Untracked 
| 107|0x0000000086b00000, 0x0000000086b00000, 0x0000000086c00000|  0%| F|  |TAMS 0x0000000086b00000, 0x0000000086b00000| Untracked 
| 108|0x0000000086c00000, 0x0000000086c00000, 0x0000000086d00000|  0%| F|  |TAMS 0x0000000086c00000, 0x0000000086c00000| Untracked 
| 109|0x0000000086d00000, 0x0000000086d00000, 0x0000000086e00000|  0%| F|  |TAMS 0x0000000086d00000, 0x0000000086d00000| Untracked 
| 110|0x0000000086e00000, 0x0000000086e00000, 0x0000000086f00000|  0%| F|  |TAMS 0x0000000086e00000, 0x0000000086e00000| Untracked 
| 111|0x0000000086f00000, 0x0000000086f00000, 0x0000000087000000|  0%| F|  |TAMS 0x0000000086f00000, 0x0000000086f00000| Untracked 
| 112|0x0000000087000000, 0x0000000087000000, 0x0000000087100000|  0%| F|  |TAMS 0x0000000087000000, 0x0000000087000000| Untracked 
| 113|0x0000000087100000, 0x0000000087100000, 0x0000000087200000|  0%| F|  |TAMS 0x0000000087100000, 0x0000000087100000| Untracked 
| 114|0x0000000087200000, 0x0000000087200000, 0x0000000087300000|  0%| F|  |TAMS 0x0000000087200000, 0x0000000087200000| Untracked 
| 115|0x0000000087300000, 0x0000000087300000, 0x0000000087400000|  0%| F|  |TAMS 0x0000000087300000, 0x0000000087300000| Untracked 
| 116|0x0000000087400000, 0x0000000087400000, 0x0000000087500000|  0%| F|  |TAMS 0x0000000087400000, 0x0000000087400000| Untracked 

Card table byte_map: [0x0000024ea0430000,0x0000024ea0830000] _byte_map_base: 0x0000024ea0030000

Marking Bits (Prev, Next): (CMBitMap*) 0x0000024e8d89d650, (CMBitMap*) 0x0000024e8d89d610
 Prev Bits: [0x0000024ea2c30000, 0x0000024ea4c30000)
 Next Bits: [0x0000024ea0c30000, 0x0000024ea2c30000)

Polling page: 0x0000024e8b7a0000

Metaspace:

Usage:
  Non-class:     56.90 MB used.
      Class:      8.59 MB used.
       Both:     65.49 MB used.

Virtual space:
  Non-class space:       64.00 MB reserved,      57.19 MB ( 89%) committed,  8 nodes.
      Class space:        1.00 GB reserved,       8.81 MB ( <1%) committed,  1 nodes.
             Both:        1.06 GB reserved,      66.00 MB (  6%) committed. 

Chunk freelists:
   Non-Class:  2.39 MB
       Class:  3.23 MB
        Both:  5.62 MB

MaxMetaspaceSize: unlimited
CompressedClassSpaceSize: 1.00 GB
Initial GC threshold: 21.00 MB
Current GC threshold: 105.00 MB
CDS: off
MetaspaceReclaimPolicy: balanced
 - commit_granule_bytes: 65536.
 - commit_granule_words: 8192.
 - virtual_space_node_default_size: 1048576.
 - enlarge_chunks_in_place: 1.
 - new_chunks_are_fully_committed: 0.
 - uncommit_free_chunks: 1.
 - use_allocation_guard: 0.
 - handle_deallocations: 1.


Internal statistics:

num_allocs_failed_limit: 6.
num_arena_births: 614.
num_arena_deaths: 0.
num_vsnodes_births: 9.
num_vsnodes_deaths: 0.
num_space_committed: 1056.
num_space_uncommitted: 0.
num_chunks_returned_to_freelist: 6.
num_chunks_taken_from_freelist: 2831.
num_chunk_merges: 6.
num_chunk_splits: 1878.
num_chunks_enlarged: 1267.
num_purges: 0.
num_inconsistent_stats: 0.

CodeHeap 'non-profiled nmethods': size=120000Kb used=2618Kb max_used=3337Kb free=117382Kb
 bounds [0x0000024e987d0000, 0x0000024e98b20000, 0x0000024e9fd00000]
CodeHeap 'profiled nmethods': size=120000Kb used=11768Kb max_used=13100Kb free=108231Kb
 bounds [0x0000024e90d00000, 0x0000024e919d0000, 0x0000024e98230000]
CodeHeap 'non-nmethods': size=5760Kb used=2351Kb max_used=2386Kb free=3408Kb
 bounds [0x0000024e98230000, 0x0000024e984a0000, 0x0000024e987d0000]
 total_blobs=6914 nmethods=6040 adapters=785
 compilation: enabled
              stopped_count=0, restarted_count=0
 full_count=0

Compilation events (20 events):
Event: 27.278 Thread 0x0000024ea8025c90 6938       3       org.gradle.api.artifacts.Configuration$Namer::determineName (9 bytes)
Event: 27.278 Thread 0x0000024ea8025c90 nmethod 6938 0x0000024e9102f410 code [0x0000024e9102f5c0, 0x0000024e9102f908]
Event: 27.278 Thread 0x0000024ea8025c90 6939       3       org.gradle.api.artifacts.Configuration$Namer::determineName (7 bytes)
Event: 27.279 Thread 0x0000024ea8025c90 nmethod 6939 0x0000024e9102ef90 code [0x0000024e9102f140, 0x0000024e9102f308]
Event: 27.279 Thread 0x0000024ea8025c90 6940       3       org.gradle.tooling.internal.provider.runner.PluginApplicationTracker$$Lambda$535/0x0000000100620ed8::test (16 bytes)
Event: 27.279 Thread 0x0000024ea8025c90 nmethod 6940 0x0000024e910e0910 code [0x0000024e910e0ae0, 0x0000024e910e1038]
Event: 27.280 Thread 0x0000024ea8025c90 6942       1       jdk.internal.reflect.ClassFileAssembler::setMaxLocals (6 bytes)
Event: 27.280 Thread 0x0000024ea8025c90 nmethod 6942 0x0000024e9899c310 code [0x0000024e9899c4a0, 0x0000024e9899c578]
Event: 27.280 Thread 0x0000024ea8025c90 6943       3       jdk.internal.reflect.ByteVectorFactory::create (8 bytes)
Event: 27.281 Thread 0x0000024ea8025c90 nmethod 6943 0x0000024e9102e790 code [0x0000024e9102e940, 0x0000024e9102ec98]
Event: 27.281 Thread 0x0000024ea8025c90 6944       3       jdk.internal.reflect.ByteVectorImpl::<init> (7 bytes)
Event: 27.281 Thread 0x0000024ea8025c90 nmethod 6944 0x0000024e910e0390 code [0x0000024e910e0540, 0x0000024e910e0818]
Event: 27.281 Thread 0x0000024ea8025c90 6945       3       org.gradle.internal.reflect.JavaPropertyReflectionUtil::getAnnotation (7 bytes)
Event: 27.281 Thread 0x0000024ea8025c90 nmethod 6945 0x0000024e9119f510 code [0x0000024e9119f6a0, 0x0000024e9119f7c8]
Event: 27.282 Thread 0x0000024ea8025c90 6946   !   3       org.gradle.internal.instantiation.generator.AsmBackedClassGenerator$ClassBuilderImpl::getAnnotationParameterValue (16 bytes)
Event: 27.282 Thread 0x0000024ea8025c90 nmethod 6946 0x0000024e912db790 code [0x0000024e912db9a0, 0x0000024e912dbfa8]
Event: 27.294 Thread 0x0000024ea8021da0 nmethod 6917 0x0000024e9899ef90 code [0x0000024e9899f160, 0x0000024e9899fce8]
Event: 27.294 Thread 0x0000024ea8021da0 6929       4       org.objectweb.asm.MethodVisitor::<init> (94 bytes)
Event: 27.296 Thread 0x0000024ea8021da0 nmethod 6929 0x0000024e9899bd90 code [0x0000024e9899bf00, 0x0000024e9899c078]
Event: 27.296 Thread 0x0000024ea8021da0 6934       4       org.objectweb.asm.MethodWriter::visitLabel (328 bytes)

GC Heap History (20 events):
Event: 23.322 GC heap after
{Heap after GC invocations=23 (full 0):
 garbage-first heap   total 73728K, used 42622K [0x0000000080000000, 0x0000000100000000)
  region size 1024K, 2 young (2048K), 2 survivors (2048K)
 Metaspace       used 52096K, committed 52608K, reserved 1097728K
  class space    used 6878K, committed 7104K, reserved 1048576K
}
Event: 23.600 GC heap before
{Heap before GC invocations=24 (full 0):
 garbage-first heap   total 76800K, used 44670K [0x0000000080000000, 0x0000000100000000)
  region size 1024K, 5 young (5120K), 2 survivors (2048K)
 Metaspace       used 52106K, committed 52608K, reserved 1097728K
  class space    used 6878K, committed 7104K, reserved 1048576K
}
Event: 23.603 GC heap after
{Heap after GC invocations=25 (full 0):
 garbage-first heap   total 76800K, used 45673K [0x0000000080000000, 0x0000000100000000)
  region size 1024K, 2 young (2048K), 2 survivors (2048K)
 Metaspace       used 52106K, committed 52608K, reserved 1097728K
  class space    used 6878K, committed 7104K, reserved 1048576K
}
Event: 23.980 GC heap before
{Heap before GC invocations=26 (full 0):
 garbage-first heap   total 91136K, used 58985K [0x0000000080000000, 0x0000000100000000)
  region size 1024K, 11 young (11264K), 2 survivors (2048K)
 Metaspace       used 52836K, committed 53312K, reserved 1097728K
  class space    used 6970K, committed 7168K, reserved 1048576K
}
Event: 23.983 GC heap after
{Heap after GC invocations=27 (full 0):
 garbage-first heap   total 91136K, used 53360K [0x0000000080000000, 0x0000000100000000)
  region size 1024K, 2 young (2048K), 2 survivors (2048K)
 Metaspace       used 52836K, committed 53312K, reserved 1097728K
  class space    used 6970K, committed 7168K, reserved 1048576K
}
Event: 24.307 GC heap before
{Heap before GC invocations=27 (full 0):
 garbage-first heap   total 91136K, used 64624K [0x0000000080000000, 0x0000000100000000)
  region size 1024K, 13 young (13312K), 2 survivors (2048K)
 Metaspace       used 54265K, committed 54656K, reserved 1097728K
  class space    used 7178K, committed 7360K, reserved 1048576K
}
Event: 24.311 GC heap after
{Heap after GC invocations=28 (full 0):
 garbage-first heap   total 91136K, used 53517K [0x0000000080000000, 0x0000000100000000)
  region size 1024K, 1 young (1024K), 1 survivors (1024K)
 Metaspace       used 54265K, committed 54656K, reserved 1097728K
  class space    used 7178K, committed 7360K, reserved 1048576K
}
Event: 24.741 GC heap before
{Heap before GC invocations=29 (full 0):
 garbage-first heap   total 94208K, used 65805K [0x0000000080000000, 0x0000000100000000)
  region size 1024K, 13 young (13312K), 1 survivors (1024K)
 Metaspace       used 56211K, committed 56640K, reserved 1105920K
  class space    used 7422K, committed 7616K, reserved 1048576K
}
Event: 24.744 GC heap after
{Heap after GC invocations=30 (full 0):
 garbage-first heap   total 94208K, used 54012K [0x0000000080000000, 0x0000000100000000)
  region size 1024K, 1 young (1024K), 1 survivors (1024K)
 Metaspace       used 56211K, committed 56640K, reserved 1105920K
  class space    used 7422K, committed 7616K, reserved 1048576K
}
Event: 24.834 GC heap before
{Heap before GC invocations=30 (full 0):
 garbage-first heap   total 94208K, used 57084K [0x0000000080000000, 0x0000000100000000)
  region size 1024K, 4 young (4096K), 1 survivors (1024K)
 Metaspace       used 56772K, committed 57216K, reserved 1105920K
  class space    used 7488K, committed 7680K, reserved 1048576K
}
Event: 24.839 GC heap after
{Heap after GC invocations=31 (full 0):
 garbage-first heap   total 94208K, used 53641K [0x0000000080000000, 0x0000000100000000)
  region size 1024K, 1 young (1024K), 1 survivors (1024K)
 Metaspace       used 56772K, committed 57216K, reserved 1105920K
  class space    used 7488K, committed 7680K, reserved 1048576K
}
Event: 25.456 GC heap before
{Heap before GC invocations=31 (full 0):
 garbage-first heap   total 94208K, used 69001K [0x0000000080000000, 0x0000000100000000)
  region size 1024K, 16 young (16384K), 1 survivors (1024K)
 Metaspace       used 59451K, committed 59904K, reserved 1105920K
  class space    used 7788K, committed 8000K, reserved 1048576K
}
Event: 25.459 GC heap after
{Heap after GC invocations=32 (full 0):
 garbage-first heap   total 94208K, used 54340K [0x0000000080000000, 0x0000000100000000)
  region size 1024K, 2 young (2048K), 2 survivors (2048K)
 Metaspace       used 59451K, committed 59904K, reserved 1105920K
  class space    used 7788K, committed 8000K, reserved 1048576K
}
Event: 26.106 GC heap before
{Heap before GC invocations=33 (full 0):
 garbage-first heap   total 96256K, used 70724K [0x0000000080000000, 0x0000000100000000)
  region size 1024K, 18 young (18432K), 2 survivors (2048K)
 Metaspace       used 62345K, committed 62912K, reserved 1105920K
  class space    used 8219K, committed 8448K, reserved 1048576K
}
Event: 26.111 GC heap after
{Heap after GC invocations=34 (full 0):
 garbage-first heap   total 96256K, used 55286K [0x0000000080000000, 0x0000000100000000)
  region size 1024K, 3 young (3072K), 3 survivors (3072K)
 Metaspace       used 62345K, committed 62912K, reserved 1105920K
  class space    used 8219K, committed 8448K, reserved 1048576K
}
Event: 26.368 GC heap before
{Heap before GC invocations=34 (full 0):
 garbage-first heap   total 96256K, used 61430K [0x0000000080000000, 0x0000000100000000)
  region size 1024K, 10 young (10240K), 3 survivors (3072K)
 Metaspace       used 63950K, committed 64512K, reserved 1105920K
  class space    used 8407K, committed 8640K, reserved 1048576K
}
Event: 26.372 GC heap after
{Heap after GC invocations=35 (full 0):
 garbage-first heap   total 96256K, used 56571K [0x0000000080000000, 0x0000000100000000)
  region size 1024K, 3 young (3072K), 3 survivors (3072K)
 Metaspace       used 63950K, committed 64512K, reserved 1105920K
  class space    used 8407K, committed 8640K, reserved 1048576K
}
Event: 26.668 GC heap before
{Heap before GC invocations=36 (full 0):
 garbage-first heap   total 119808K, used 80123K [0x0000000080000000, 0x0000000100000000)
  region size 1024K, 20 young (20480K), 3 survivors (3072K)
 Metaspace       used 64719K, committed 65280K, reserved 1105920K
  class space    used 8515K, committed 8768K, reserved 1048576K
}
Event: 26.673 GC heap after
{Heap after GC invocations=37 (full 0):
 garbage-first heap   total 119808K, used 58438K [0x0000000080000000, 0x0000000100000000)
  region size 1024K, 3 young (3072K), 3 survivors (3072K)
 Metaspace       used 64719K, committed 65280K, reserved 1105920K
  class space    used 8515K, committed 8768K, reserved 1048576K
}
Event: 27.315 GC heap before
{Heap before GC invocations=37 (full 0):
 garbage-first heap   total 119808K, used 87110K [0x0000000080000000, 0x0000000100000000)
  region size 1024K, 31 young (31744K), 3 survivors (3072K)
 Metaspace       used 67058K, committed 67584K, reserved 1114112K
  class space    used 8791K, committed 9024K, reserved 1048576K
}

Dll operation events (2 events):
Event: 0.018 Loaded shared library C:\Program Files\Android\Android Studio1\jbr\bin\java.dll
Event: 1.163 Loaded shared library C:\Program Files\Android\Android Studio1\jbr\bin\verify.dll

Deoptimization events (20 events):
Event: 26.363 Thread 0x0000024eaab8a830 DEOPT PACKING pc=0x0000024e98a02980 sp=0x000000ca299f1580
Event: 26.363 Thread 0x0000024eaab8a830 DEOPT UNPACKING pc=0x0000024e982869a3 sp=0x000000ca299f1490 mode 2
Event: 26.363 Thread 0x0000024eaab8a830 Uncommon trap: trap_request=0xffffff45 fr.pc=0x0000024e98ad0f6c relative=0x000000000000006c
Event: 26.363 Thread 0x0000024eaab8a830 Uncommon trap: reason=unstable_if action=reinterpret pc=0x0000024e98ad0f6c method=java.lang.ClassLoader.compareCerts([Ljava/security/cert/Certificate;[Ljava/security/cert/Certificate;)Z @ 2 c2
Event: 26.363 Thread 0x0000024eaab8a830 DEOPT PACKING pc=0x0000024e98ad0f6c sp=0x000000ca299f14d0
Event: 26.363 Thread 0x0000024eaab8a830 DEOPT UNPACKING pc=0x0000024e982869a3 sp=0x000000ca299f1410 mode 2
Event: 26.364 Thread 0x0000024eaab8a830 Uncommon trap: trap_request=0xffffff54 fr.pc=0x0000024e9891ae00 relative=0x00000000000008a0
Event: 26.364 Thread 0x0000024eaab8a830 Uncommon trap: reason=speculate_null_assert action=make_not_entrant pc=0x0000024e9891ae00 method=java.util.jar.JarFile.getVersionedEntry(Ljava/lang/String;Ljava/util/jar/JarEntry;)Ljava/util/jar/JarEntry; @ 115 c2
Event: 26.364 Thread 0x0000024eaab8a830 DEOPT PACKING pc=0x0000024e9891ae00 sp=0x000000ca299f2f70
Event: 26.364 Thread 0x0000024eaab8a830 DEOPT UNPACKING pc=0x0000024e982869a3 sp=0x000000ca299f2f38 mode 2
Event: 26.411 Thread 0x0000024eaab8a830 Uncommon trap: trap_request=0xffffff45 fr.pc=0x0000024e98aa65b8 relative=0x0000000000000298
Event: 26.411 Thread 0x0000024eaab8a830 Uncommon trap: reason=unstable_if action=reinterpret pc=0x0000024e98aa65b8 method=java.util.LinkedHashMap.get(Ljava/lang/Object;)Ljava/lang/Object; @ 16 c2
Event: 26.411 Thread 0x0000024eaab8a830 DEOPT PACKING pc=0x0000024e98aa65b8 sp=0x000000ca299f27d0
Event: 26.411 Thread 0x0000024eaab8a830 DEOPT UNPACKING pc=0x0000024e982869a3 sp=0x000000ca299f2788 mode 2
Event: 26.701 Thread 0x0000024eaab8a830 Uncommon trap: trap_request=0xffffff45 fr.pc=0x0000024e98a08b28 relative=0x0000000000002d28
Event: 26.701 Thread 0x0000024eaab8a830 Uncommon trap: reason=unstable_if action=reinterpret pc=0x0000024e98a08b28 method=java.util.regex.Pattern.has(I)Z @ 6 c2
Event: 26.701 Thread 0x0000024eaab8a830 DEOPT PACKING pc=0x0000024e98a08b28 sp=0x000000ca299f5f80
Event: 26.701 Thread 0x0000024eaab8a830 DEOPT UNPACKING pc=0x0000024e982869a3 sp=0x000000ca299f5f00 mode 2
Event: 27.052 Thread 0x0000024eaab8a830 DEOPT PACKING pc=0x0000024e910c699b sp=0x000000ca299f4e90
Event: 27.052 Thread 0x0000024eaab8a830 DEOPT UNPACKING pc=0x0000024e98287143 sp=0x000000ca299f4300 mode 0

Classes unloaded (0 events):
No events

Classes redefined (0 events):
No events

Internal exceptions (20 events):
Event: 25.810 Thread 0x0000024eaab8a830 Exception <a 'java/lang/IncompatibleClassChangeError'{0x00000000854059e8}: Found class java.lang.Object, but interface was expected> (0x00000000854059e8) 
thrown [s\src\hotspot\share\interpreter\linkResolver.cpp, line 838]
Event: 25.929 Thread 0x0000024eaab8a830 Implicit null exception at 0x0000024e98aa7bd4 to 0x0000024e98aa7d7c
Event: 26.243 Thread 0x0000024eaab8a830 Implicit null exception at 0x0000024e98972a0c to 0x0000024e98972b42
Event: 26.574 Thread 0x0000024eaab8a830 Exception <a 'sun/nio/fs/WindowsException'{0x0000000087030f10}> (0x0000000087030f10) 
thrown [s\src\hotspot\share\prims\jni.cpp, line 517]
Event: 27.150 Thread 0x0000024eaab8a830 Exception <a 'java/lang/ClassNotFoundException'{0x0000000085d2bee0}: org/gradle/api/internal/project/DefaultProject_DecoratedBeanInfo> (0x0000000085d2bee0) 
thrown [s\src\hotspot\share\classfile\systemDictionary.cpp, line 256]
Event: 27.152 Thread 0x0000024eaab8a830 Exception <a 'java/lang/ClassNotFoundException'{0x0000000085d437e0}: org/gradle/api/internal/project/DefaultProjectBeanInfo> (0x0000000085d437e0) 
thrown [s\src\hotspot\share\classfile\systemDictionary.cpp, line 256]
Event: 27.154 Thread 0x0000024eaab8a830 Exception <a 'java/lang/ClassNotFoundException'{0x0000000085d5b268}: org/gradle/api/internal/project/DefaultProjectCustomizer> (0x0000000085d5b268) 
thrown [s\src\hotspot\share\classfile\systemDictionary.cpp, line 256]
Event: 27.164 Thread 0x0000024eaab8a830 Exception <a 'java/lang/ClassNotFoundException'{0x0000000085c0f7d8}: org/gradle/api/internal/project/DefaultProject_DecoratedCustomizer> (0x0000000085c0f7d8) 
thrown [s\src\hotspot\share\classfile\systemDictionary.cpp, line 256]
Event: 27.186 Thread 0x0000024eaab8a830 Exception <a 'java/lang/ClassNotFoundException'{0x0000000085cf2b58}: org/gradle/api/plugins/internal/DefaultBasePluginConvention_DecoratedBeanInfo> (0x0000000085cf2b58) 
thrown [s\src\hotspot\share\classfile\systemDictionary.cpp, line 256]
Event: 27.187 Thread 0x0000024eaab8a830 Exception <a 'java/lang/ClassNotFoundException'{0x0000000085b0e3d0}: org/gradle/api/plugins/internal/DefaultBasePluginConventionBeanInfo> (0x0000000085b0e3d0) 
thrown [s\src\hotspot\share\classfile\systemDictionary.cpp, line 256]
Event: 27.189 Thread 0x0000024eaab8a830 Exception <a 'java/lang/ClassNotFoundException'{0x0000000085b28d18}: org/gradle/api/plugins/BasePluginConventionBeanInfo> (0x0000000085b28d18) 
thrown [s\src\hotspot\share\classfile\systemDictionary.cpp, line 256]
Event: 27.191 Thread 0x0000024eaab8a830 Exception <a 'java/lang/ClassNotFoundException'{0x0000000085b43628}: org/gradle/api/plugins/BasePluginConventionCustomizer> (0x0000000085b43628) 
thrown [s\src\hotspot\share\classfile\systemDictionary.cpp, line 256]
Event: 27.194 Thread 0x0000024eaab8a830 Exception <a 'java/lang/ClassNotFoundException'{0x0000000085b68a18}: org/gradle/api/plugins/internal/DefaultBasePluginConventionCustomizer> (0x0000000085b68a18) 
thrown [s\src\hotspot\share\classfile\systemDictionary.cpp, line 256]
Event: 27.197 Thread 0x0000024eaab8a830 Exception <a 'java/lang/ClassNotFoundException'{0x0000000085b967e8}: org/gradle/api/plugins/internal/DefaultBasePluginConvention_DecoratedCustomizer> (0x0000000085b967e8) 
thrown [s\src\hotspot\share\classfile\systemDictionary.cpp, line 256]
Event: 27.205 Thread 0x0000024eaab8a830 Exception <a 'java/lang/ClassNotFoundException'{0x0000000085a0aec0}: org/gradle/api/plugins/internal/DefaultJavaPluginConvention_DecoratedBeanInfo> (0x0000000085a0aec0) 
thrown [s\src\hotspot\share\classfile\systemDictionary.cpp, line 256]
Event: 27.206 Thread 0x0000024eaab8a830 Exception <a 'java/lang/ClassNotFoundException'{0x0000000085a261d0}: org/gradle/api/plugins/internal/DefaultJavaPluginConventionBeanInfo> (0x0000000085a261d0) 
thrown [s\src\hotspot\share\classfile\systemDictionary.cpp, line 256]
Event: 27.208 Thread 0x0000024eaab8a830 Exception <a 'java/lang/ClassNotFoundException'{0x0000000085a40b18}: org/gradle/api/plugins/JavaPluginConventionBeanInfo> (0x0000000085a40b18) 
thrown [s\src\hotspot\share\classfile\systemDictionary.cpp, line 256]
Event: 27.209 Thread 0x0000024eaab8a830 Exception <a 'java/lang/ClassNotFoundException'{0x0000000085a5b428}: org/gradle/api/plugins/JavaPluginConventionCustomizer> (0x0000000085a5b428) 
thrown [s\src\hotspot\share\classfile\systemDictionary.cpp, line 256]
Event: 27.213 Thread 0x0000024eaab8a830 Exception <a 'java/lang/ClassNotFoundException'{0x0000000085a8a7c8}: org/gradle/api/plugins/internal/DefaultJavaPluginConventionCustomizer> (0x0000000085a8a7c8) 
thrown [s\src\hotspot\share\classfile\systemDictionary.cpp, line 256]
Event: 27.217 Thread 0x0000024eaab8a830 Exception <a 'java/lang/ClassNotFoundException'{0x0000000085acc4e0}: org/gradle/api/plugins/internal/DefaultJavaPluginConvention_DecoratedCustomizer> (0x0000000085acc4e0) 
thrown [s\src\hotspot\share\classfile\systemDictionary.cpp, line 256]

VM Operations (20 events):
Event: 26.187 Executing VM operation: HandshakeAllThreads done
Event: 26.260 Executing VM operation: HandshakeAllThreads
Event: 26.260 Executing VM operation: HandshakeAllThreads done
Event: 26.260 Executing VM operation: HandshakeAllThreads
Event: 26.261 Executing VM operation: HandshakeAllThreads done
Event: 26.262 Executing VM operation: HandshakeAllThreads
Event: 26.262 Executing VM operation: HandshakeAllThreads done
Event: 26.284 Executing VM operation: HandshakeAllThreads
Event: 26.284 Executing VM operation: HandshakeAllThreads done
Event: 26.307 Executing VM operation: HandshakeAllThreads
Event: 26.308 Executing VM operation: HandshakeAllThreads done
Event: 26.367 Executing VM operation: G1TryInitiateConcMark
Event: 26.372 Executing VM operation: G1TryInitiateConcMark done
Event: 26.438 Executing VM operation: G1Concurrent
Event: 26.443 Executing VM operation: G1Concurrent done
Event: 26.471 Executing VM operation: G1Concurrent
Event: 26.472 Executing VM operation: G1Concurrent done
Event: 26.668 Executing VM operation: G1CollectForAllocation
Event: 26.673 Executing VM operation: G1CollectForAllocation done
Event: 27.315 Executing VM operation: G1CollectForAllocation

Events (20 events):
Event: 26.356 loading class java/util/Base64$Encoder
Event: 26.356 loading class java/util/Base64$Encoder done
Event: 26.358 loading class java/util/jar/JarVerifier$VerifierStream
Event: 26.358 loading class java/util/jar/JarVerifier$VerifierStream done
Event: 26.358 loading class sun/security/util/ManifestEntryVerifier$SunProviderHolder
Event: 26.359 loading class sun/security/util/ManifestEntryVerifier$SunProviderHolder done
Event: 26.499 loading class java/security/KeyStore$ProtectionParameter
Event: 26.500 loading class java/security/KeyStore$ProtectionParameter done
Event: 26.574 loading class sun/nio/fs/WindowsException
Event: 26.574 loading class sun/nio/fs/WindowsException done
Event: 27.045 loading class java/security/KeyStore
Event: 27.046 loading class java/security/KeyStore done
Event: 27.046 loading class java/security/KeyStore$1
Event: 27.046 loading class java/security/KeyStore$1 done
Event: 27.169 loading class org/xml/sax/Locator
Event: 27.169 loading class org/xml/sax/Locator done
Event: 27.170 loading class org/xml/sax/SAXParseException
Event: 27.170 loading class org/xml/sax/SAXParseException done
Event: 27.172 loading class org/xml/sax/Attributes
Event: 27.173 loading class org/xml/sax/Attributes done


Dynamic libraries:
0x00007ff6ebb50000 - 0x00007ff6ebb5a000 	C:\Program Files\Android\Android Studio1\jbr\bin\java.exe
0x00007ffb38290000 - 0x00007ffb384a6000 	C:\WINDOWS\SYSTEM32\ntdll.dll
0x00007ffb37860000 - 0x00007ffb37924000 	C:\WINDOWS\System32\KERNEL32.DLL
0x00007ffb35860000 - 0x00007ffb35c07000 	C:\WINDOWS\System32\KERNELBASE.dll
0x00007ffb355b0000 - 0x00007ffb356c1000 	C:\WINDOWS\System32\ucrtbase.dll
0x00007ffb03540000 - 0x00007ffb0355b000 	C:\Program Files\Android\Android Studio1\jbr\bin\VCRUNTIME140.dll
0x00007ffb01b20000 - 0x00007ffb01b37000 	C:\Program Files\Android\Android Studio1\jbr\bin\jli.dll
0x00007ffb36c70000 - 0x00007ffb36e1e000 	C:\WINDOWS\System32\USER32.dll
0x00007ffb35f90000 - 0x00007ffb35fb6000 	C:\WINDOWS\System32\win32u.dll
0x00007ffb1abc0000 - 0x00007ffb1ae53000 	C:\WINDOWS\WinSxS\amd64_microsoft.windows.common-controls_6595b64144ccf1df_6.0.22621.3235_none_270f74e173860f98\COMCTL32.dll
0x00007ffb368d0000 - 0x00007ffb368f9000 	C:\WINDOWS\System32\GDI32.dll
0x00007ffb36ae0000 - 0x00007ffb36b87000 	C:\WINDOWS\System32\msvcrt.dll
0x00007ffb35d80000 - 0x00007ffb35e99000 	C:\WINDOWS\System32\gdi32full.dll
0x00007ffb357c0000 - 0x00007ffb3585a000 	C:\WINDOWS\System32\msvcp_win.dll
0x00007ffb372e0000 - 0x00007ffb37311000 	C:\WINDOWS\System32\IMM32.DLL
0x00007ffb1ab80000 - 0x00007ffb1ab8c000 	C:\Program Files\Android\Android Studio1\jbr\bin\vcruntime140_1.dll
0x00007ffaf0090000 - 0x00007ffaf011d000 	C:\Program Files\Android\Android Studio1\jbr\bin\msvcp140.dll
0x00007ffaac270000 - 0x00007ffaacedd000 	C:\Program Files\Android\Android Studio1\jbr\bin\server\jvm.dll
0x00007ffb37320000 - 0x00007ffb373d2000 	C:\WINDOWS\System32\ADVAPI32.dll
0x00007ffb36a30000 - 0x00007ffb36ad8000 	C:\WINDOWS\System32\sechost.dll
0x00007ffb35f60000 - 0x00007ffb35f88000 	C:\WINDOWS\System32\bcrypt.dll
0x00007ffb370d0000 - 0x00007ffb371e5000 	C:\WINDOWS\System32\RPCRT4.dll
0x00007ffb2e810000 - 0x00007ffb2e81a000 	C:\WINDOWS\SYSTEM32\VERSION.dll
0x00007ffb2e820000 - 0x00007ffb2e854000 	C:\WINDOWS\SYSTEM32\WINMM.dll
0x00007ffb215f0000 - 0x00007ffb215f9000 	C:\WINDOWS\SYSTEM32\WSOCK32.dll
0x00007ffb37930000 - 0x00007ffb379a1000 	C:\WINDOWS\System32\WS2_32.dll
0x00007ffb345f0000 - 0x00007ffb34608000 	C:\WINDOWS\SYSTEM32\kernel.appcore.dll
0x00007ffb32920000 - 0x00007ffb3292a000 	C:\Program Files\Android\Android Studio1\jbr\bin\jimage.dll
0x00007ffb32e10000 - 0x00007ffb33043000 	C:\WINDOWS\SYSTEM32\DBGHELP.DLL
0x00007ffb379b0000 - 0x00007ffb37d38000 	C:\WINDOWS\System32\combase.dll
0x00007ffb36b90000 - 0x00007ffb36c67000 	C:\WINDOWS\System32\OLEAUT32.dll
0x00007ffb2c770000 - 0x00007ffb2c7a2000 	C:\WINDOWS\SYSTEM32\dbgcore.DLL
0x00007ffb35740000 - 0x00007ffb357b9000 	C:\WINDOWS\System32\bcryptPrimitives.dll
0x00007ffb28360000 - 0x00007ffb28385000 	C:\Program Files\Android\Android Studio1\jbr\bin\java.dll
0x00007ffb2bd50000 - 0x00007ffb2bd68000 	C:\Program Files\Android\Android Studio1\jbr\bin\zip.dll
0x00007ffb35fc0000 - 0x00007ffb3681c000 	C:\WINDOWS\System32\SHELL32.dll
0x00007ffb33510000 - 0x00007ffb33e09000 	C:\WINDOWS\SYSTEM32\windows.storage.dll
0x00007ffb333d0000 - 0x00007ffb3350e000 	C:\WINDOWS\SYSTEM32\wintypes.dll
0x00007ffb36fd0000 - 0x00007ffb370c3000 	C:\WINDOWS\System32\SHCORE.dll
0x00007ffb371f0000 - 0x00007ffb3724e000 	C:\WINDOWS\System32\shlwapi.dll
0x00007ffb354e0000 - 0x00007ffb35501000 	C:\WINDOWS\SYSTEM32\profapi.dll
0x00007ffb2bb30000 - 0x00007ffb2bb49000 	C:\Program Files\Android\Android Studio1\jbr\bin\net.dll
0x00007ffb2b9f0000 - 0x00007ffb2bb26000 	C:\WINDOWS\SYSTEM32\WINHTTP.dll
0x00007ffb34a60000 - 0x00007ffb34ac9000 	C:\WINDOWS\system32\mswsock.dll
0x00007ffb2b5a0000 - 0x00007ffb2b5b6000 	C:\Program Files\Android\Android Studio1\jbr\bin\nio.dll
0x00007ffb2ad70000 - 0x00007ffb2ad80000 	C:\Program Files\Android\Android Studio1\jbr\bin\verify.dll
0x00007ffb0d250000 - 0x00007ffb0d277000 	C:\Users\ASHWANI KUMAR\.gradle\native\68d5fa5c4cc2d200863cafc0d521ce42e7d3e7ee720ec0a83991735586a16f82\windows-amd64\native-platform.dll
0x00007ffae5600000 - 0x00007ffae5744000 	C:\Users\ASHWANI KUMAR\.gradle\native\e376f236ea51e6404a007f0833ffe2c6e607c4080706a723a18a27aeea778392\windows-amd64\native-platform-file-events.dll
0x00007ffb328c0000 - 0x00007ffb328c9000 	C:\Program Files\Android\Android Studio1\jbr\bin\management.dll
0x00007ffb321e0000 - 0x00007ffb321eb000 	C:\Program Files\Android\Android Studio1\jbr\bin\management_ext.dll
0x00007ffb36900000 - 0x00007ffb36908000 	C:\WINDOWS\System32\PSAPI.DLL
0x00007ffb34cc0000 - 0x00007ffb34cdb000 	C:\WINDOWS\SYSTEM32\CRYPTSP.dll
0x00007ffb34550000 - 0x00007ffb34585000 	C:\WINDOWS\system32\rsaenh.dll
0x00007ffb34b60000 - 0x00007ffb34b88000 	C:\WINDOWS\SYSTEM32\USERENV.dll
0x00007ffb34ce0000 - 0x00007ffb34cec000 	C:\WINDOWS\SYSTEM32\CRYPTBASE.dll
0x00007ffb34070000 - 0x00007ffb3409d000 	C:\WINDOWS\SYSTEM32\IPHLPAPI.DLL
0x00007ffb36910000 - 0x00007ffb36919000 	C:\WINDOWS\System32\NSI.dll
0x00007ffb29910000 - 0x00007ffb29929000 	C:\WINDOWS\SYSTEM32\dhcpcsvc6.DLL
0x00007ffb295c0000 - 0x00007ffb295df000 	C:\WINDOWS\SYSTEM32\dhcpcsvc.DLL
0x00007ffb340a0000 - 0x00007ffb34199000 	C:\WINDOWS\SYSTEM32\DNSAPI.dll
0x00007ffb25e80000 - 0x00007ffb25e88000 	C:\WINDOWS\system32\wshunix.dll

dbghelp: loaded successfully - version: 4.0.5 - missing functions: none
symbol engine: initialized successfully - sym options: 0x614 - pdb path: .;C:\Program Files\Android\Android Studio1\jbr\bin;C:\WINDOWS\SYSTEM32;C:\WINDOWS\WinSxS\amd64_microsoft.windows.common-controls_6595b64144ccf1df_6.0.22621.3235_none_270f74e173860f98;C:\Program Files\Android\Android Studio1\jbr\bin\server;C:\Users\ASHWANI KUMAR\.gradle\native\68d5fa5c4cc2d200863cafc0d521ce42e7d3e7ee720ec0a83991735586a16f82\windows-amd64;C:\Users\ASHWANI KUMAR\.gradle\native\e376f236ea51e6404a007f0833ffe2c6e607c4080706a723a18a27aeea778392\windows-amd64

VM Arguments:
jvm_args: --add-opens=java.base/java.util=ALL-UNNAMED --add-opens=java.base/java.lang=ALL-UNNAMED --add-opens=java.base/java.lang.invoke=ALL-UNNAMED --add-opens=java.prefs/java.util.prefs=ALL-UNNAMED --add-opens=java.base/java.nio.charset=ALL-UNNAMED --add-opens=java.base/java.net=ALL-UNNAMED --add-opens=java.base/java.util.concurrent.atomic=ALL-UNNAMED -Xmx2048m -Dfile.encoding=UTF-8 -Duser.country=US -Duser.language=en -Duser.variant 
java_command: org.gradle.launcher.daemon.bootstrap.GradleDaemon 8.0
java_class_path (initial): C:\Users\ASHWANI KUMAR\.gradle\wrapper\dists\gradle-8.0-bin\ca5e32bp14vu59qr306oxotwh\gradle-8.0\lib\gradle-launcher-8.0.jar
Launcher Type: SUN_STANDARD

[Global flags]
     intx CICompilerCount                          = 4                                         {product} {ergonomic}
     uint ConcGCThreads                            = 2                                         {product} {ergonomic}
     uint G1ConcRefinementThreads                  = 8                                         {product} {ergonomic}
   size_t G1HeapRegionSize                         = 1048576                                   {product} {ergonomic}
    uintx GCDrainStackTargetSize                   = 64                                        {product} {ergonomic}
   size_t InitialHeapSize                          = 100663296                                 {product} {ergonomic}
   size_t MarkStackSize                            = 4194304                                   {product} {ergonomic}
   size_t MaxHeapSize                              = 2147483648                                {product} {command line}
   size_t MaxNewSize                               = 1287651328                                {product} {ergonomic}
   size_t MinHeapDeltaBytes                        = 1048576                                   {product} {ergonomic}
   size_t MinHeapSize                              = 8388608                                   {product} {ergonomic}
    uintx NonNMethodCodeHeapSize                   = 5839372                                {pd product} {ergonomic}
    uintx NonProfiledCodeHeapSize                  = 122909434                              {pd product} {ergonomic}
    uintx ProfiledCodeHeapSize                     = 122909434                              {pd product} {ergonomic}
    uintx ReservedCodeCacheSize                    = 251658240                              {pd product} {ergonomic}
     bool SegmentedCodeCache                       = true                                      {product} {ergonomic}
   size_t SoftMaxHeapSize                          = 2147483648                             {manageable} {ergonomic}
     bool UseCompressedClassPointers               = true                           {product lp64_product} {ergonomic}
     bool UseCompressedOops                        = true                           {product lp64_product} {ergonomic}
     bool UseG1GC                                  = true                                      {product} {ergonomic}
     bool UseLargePagesIndividualAllocation        = false                                  {pd product} {ergonomic}

Logging:
Log output configuration:
 #0: stdout all=warning uptime,level,tags
 #1: stderr all=off uptime,level,tags

Environment Variables:
JAVA_HOME=C:\Program Files\Java;C:\Program Files\Java\jdk-15;C:\Program Files\Java\jdk-15\bin
PATH=C:\Oracle21\dbhomeXE\bin;C:\Program Files\Common Files\Oracle\Java\javapath;C:\Program Files (x86)\Common Files\Oracle\Java\javapath;C:\Program Files (x86)\Python38-32\Scripts\;C:\Program Files (x86)\Python38-32\;C:\WINDOWS\system32;C:\WINDOWS;C:\WINDOWS\System32\Wbem;C:\WINDOWS\System32\WindowsPowerShell\v1.0\;C:\WINDOWS\System32\OpenSSH\;C:\Program Files\Intel\WiFi\bin\;C:\Program Files\Common Files\Intel\WirelessCommon\;C:\Program Files\Git\cmd;C:\Program Files\Geth;C:\Program Files\MATLAB\R2019b\bin;C:\Program Files\nodejs\;C:\Program Files\MySQL\MySQL Shell 8.0\bin\;C:\Users\ASHWANI KUMAR\AppData\Local\Microsoft\WindowsApps;C:\Users\ASHWANI KUMAR\AppData\Local\atom\bin;C:\Users\ASHWANI KUMAR\AppData\Local\Programs\Microsoft VS Code\bin;C:\Users\ASHWANI KUMAR\AppData\Local\Microsoft\WindowsApps;C:\flutter\bin;C:\Users\ASHWANI KUMAR\AppData\Roaming\npm;C:\Java\jdk1.8.0_202\bin;
USERNAME=ASHWANI KKUMAR
OS=Windows_NT
PROCESSOR_IDENTIFIER=AMD64 Family 23 Model 24 Stepping 1, AuthenticAMD
TMP=C:\Users\ASHWAN~1\AppData\Local\Temp
TEMP=C:\Users\ASHWAN~1\AppData\Local\Temp



---------------  S Y S T E M  ---------------

OS:
 Windows 11 , 64 bit Build 22621 (10.0.22621.3374)
OS uptime: 8 days 11:30 hours

CPU: total 8 (initial active 8) (8 cores per cpu, 2 threads per core) family 23 model 24 stepping 1 microcode 0x0, cx8, cmov, fxsr, ht, mmx, 3dnowpref, sse, sse2, sse3, ssse3, sse4a, sse4.1, sse4.2, popcnt, lzcnt, tsc, tscinvbit, avx, avx2, aes, clmul, bmi1, bmi2, adx, sha, fma, vzeroupper, clflush, clflushopt

Memory: 4k page, system-wide physical 6091M (266M free)
TotalPageFile size 24523M (AvailPageFile size 0M)
current process WorkingSet (physical memory assigned to process): 300M, peak: 300M
current process commit charge ("private bytes"): 341M, peak: 365M

vm_info: OpenJDK 64-Bit Server VM (17.0.6+0-b2043.56-9586694) for windows-amd64 JRE (17.0.6+0-b2043.56-9586694), built on Feb  9 2023 20:06:20 by "androidbuild" with MS VC++ 16.10 / 16.11 (VS2019)

END.
