#
# There is insufficient memory for the Java Runtime Environment to continue.
# Native memory allocation (malloc) failed to allocate 1423152 bytes for Chunk::new
# Possible reasons:
#   The system is out of physical RAM or swap space
#   The process is running with CompressedOops enabled, and the Java Heap may be blocking the growth of the native heap
# Possible solutions:
#   Reduce memory load on the system
#   Increase physical memory or swap space
#   Check if swap backing store is full
#   Decrease Java heap size (-Xmx/-Xms)
#   Decrease number of Java threads
#   Decrease Java thread stack sizes (-Xss)
#   Set larger code cache with -XX:ReservedCodeCacheSize=
#   JVM is running with Unscaled Compressed Oops mode in which the Java heap is
#     placed in the first 4GB address space. The Java Heap base address is the
#     maximum limit for the native heap growth. Please use -XX:HeapBaseMinAddress
#     to set the Java Heap base and to place the Java Heap above 4GB virtual address.
# This output file may be truncated or incomplete.
#
#  Out of Memory Error (arena.cpp:189), pid=9496, tid=11936
#
# JRE version: OpenJDK Runtime Environment (17.0.6) (build 17.0.6+0-b2043.56-9586694)
# Java VM: OpenJDK 64-Bit Server VM (17.0.6+0-b2043.56-9586694, mixed mode, tiered, compressed oops, compressed class ptrs, g1 gc, windows-amd64)
# No core dump will be written. Minidumps are not enabled by default on client versions of Windows
#

---------------  S U M M A R Y ------------

Command Line: --add-opens=java.base/java.util=ALL-UNNAMED --add-opens=java.base/java.lang=ALL-UNNAMED --add-opens=java.base/java.lang.invoke=ALL-UNNAMED --add-opens=java.prefs/java.util.prefs=ALL-UNNAMED --add-opens=java.base/java.nio.charset=ALL-UNNAMED --add-opens=java.base/java.net=ALL-UNNAMED --add-opens=java.base/java.util.concurrent.atomic=ALL-UNNAMED -Xmx2048m -Dfile.encoding=UTF-8 -Duser.country=US -Duser.language=en -Duser.variant org.gradle.launcher.daemon.bootstrap.GradleDaemon 8.0

Host: AMD Ryzen 5 3500U with Radeon Vega Mobile Gfx  , 8 cores, 5G,  Windows 11 , 64 bit Build 22621 (10.0.22621.3374)
Time: Mon May 27 12:47:45 2024 India Standard Time elapsed time: 21.850257 seconds (0d 0h 0m 21s)

---------------  T H R E A D  ---------------

Current thread (0x0000020146892e50):  JavaThread "C2 CompilerThread1" daemon [_thread_in_native, id=11936, stack(0x0000008209100000,0x0000008209200000)]


Current CompileTask:
C2:  21850 9534       4       java.util.ComparableTimSort::binarySort (223 bytes)

Stack: [0x0000008209100000,0x0000008209200000]
Native frames: (J=compiled Java code, j=interpreted, Vv=VM code, C=native code)
V  [jvm.dll+0x683b4a]
V  [jvm.dll+0x842654]
V  [jvm.dll+0x843dfe]
V  [jvm.dll+0x844463]
V  [jvm.dll+0x249b75]
V  [jvm.dll+0xabcac]
V  [jvm.dll+0xac27c]
V  [jvm.dll+0x368857]
V  [jvm.dll+0x1bced2]
V  [jvm.dll+0x21c359]
V  [jvm.dll+0x21b621]
V  [jvm.dll+0x1a4fdd]
V  [jvm.dll+0x22b098]
V  [jvm.dll+0x229159]
V  [jvm.dll+0x7f809c]
V  [jvm.dll+0x7f25fa]
V  [jvm.dll+0x682985]
C  [ucrtbase.dll+0x29333]
C  [KERNEL32.DLL+0x1257d]
C  [ntdll.dll+0x5aa48]


---------------  P R O C E S S  ---------------

Threads class SMR info:
_java_thread_list=0x000002014d47cdf0, length=137, elements={
0x000002012bb124b0, 0x0000020146412250, 0x0000020146412fd0, 0x0000020145983bf0,
0x0000020145984970, 0x0000020145986440, 0x0000020145986d00, 0x00000201459879a0,
0x000002014643a910, 0x000002014643b600, 0x00000201465dd340, 0x00000201465dd810,
0x0000020147fc7940, 0x00000201472cc770, 0x000002014738cdf0, 0x0000020147f69850,
0x0000020148908580, 0x0000020147bd7a10, 0x0000020147bdaa30, 0x0000020147bd7070,
0x0000020147bda090, 0x0000020147bd7540, 0x0000020147bd7ee0, 0x0000020147bd83b0,
0x0000020147bda560, 0x0000020147bd8880, 0x0000020147bd8d50, 0x0000020147bd9220,
0x0000020147bd96f0, 0x0000020147bd9bc0, 0x0000020149243590, 0x0000020149240a40,
0x0000020149240f10, 0x00000201492400a0, 0x0000020149242250, 0x000002014923d550,
0x000002014923e3c0, 0x000002014923e890, 0x000002014923fbd0, 0x0000020149243f30,
0x00000201492413e0, 0x000002014923ed60, 0x000002014923f230, 0x000002014923f700,
0x0000020149240570, 0x0000020149241d80, 0x00000201492430c0, 0x0000020149243a60,
0x000002014923def0, 0x0000020149244400, 0x00000201492448d0, 0x000002014923d080,
0x000002014923da20, 0x000002014a7303a0, 0x000002014a734700, 0x000002014a730d40,
0x000002014a731bb0, 0x000002014a7333c0, 0x000002014a7363e0, 0x000002014a7368b0,
0x000002014a731210, 0x000002014a732550, 0x000002014a733d60, 0x000002014a734230,
0x000002014a735f10, 0x000002014a730870, 0x000002014a734bd0, 0x000002014a732ef0,
0x000002014a72f060, 0x000002014a7350a0, 0x000002014a733890, 0x000002014a72f530,
0x000002014a72fa00, 0x000002014a7316e0, 0x000002014a735570, 0x000002014a72fed0,
0x000002014a735a40, 0x000002014a732080, 0x000002014a732a20, 0x000002014ae18380,
0x000002014ae1b870, 0x000002014ae1bd40, 0x000002014ae196c0, 0x000002014ae1d080,
0x000002014ae179e0, 0x000002014ae17eb0, 0x000002014ae1c210, 0x000002014ae1aa00,
0x000002014ae18850, 0x000002014ae18d20, 0x000002014ae191f0, 0x000002014ae1cbb0,
0x000002014ae19b90, 0x000002014ae1d550, 0x000002014ae1da20, 0x000002014ae1a060,
0x000002014ae1def0, 0x000002014ae1a530, 0x000002014ae1aed0, 0x000002014ae1b3a0,
0x000002014ae1c6e0, 0x000002014ae1e3c0, 0x000002014ae1e890, 0x000002014ae1ed60,
0x000002014ae17510, 0x000002014ab5c780, 0x000002014ab5a5d0, 0x000002014ab5bde0,
0x000002014ab5dac0, 0x000002014ab5b910, 0x000002014ab5fc70, 0x000002014ab5aaa0,
0x000002014ab5ee00, 0x000002014ab60140, 0x000002014ab5af70, 0x000002014ab5e930,
0x000002014ab5b440, 0x000002014ab5e460, 0x000002014ab59c30, 0x000002014ab61480,
0x000002014ab5cc50, 0x000002014ab5c2b0, 0x000002014ab5d120, 0x000002014ab5df90,
0x000002014ab5a100, 0x0000020146892e50, 0x000002014ab60fb0, 0x000002014b25f7c0,
0x000002014b25be00, 0x000002014b25fc90, 0x000002014b25e480, 0x000002014b25a120,
0x000002014b25c2d0, 0x000002014b2614a0, 0x000002014b260160, 0x000002014b260630,
0x000002014b25c7a0
}

Java Threads: ( => current thread )
  0x000002012bb124b0 JavaThread "main" [_thread_blocked, id=16160, stack(0x0000008200400000,0x0000008200500000)]
  0x0000020146412250 JavaThread "Reference Handler" daemon [_thread_blocked, id=20036, stack(0x0000008200b00000,0x0000008200c00000)]
  0x0000020146412fd0 JavaThread "Finalizer" daemon [_thread_blocked, id=19412, stack(0x0000008200c00000,0x0000008200d00000)]
  0x0000020145983bf0 JavaThread "Signal Dispatcher" daemon [_thread_blocked, id=14408, stack(0x0000008200d00000,0x0000008200e00000)]
  0x0000020145984970 JavaThread "Attach Listener" daemon [_thread_blocked, id=16524, stack(0x0000008200e00000,0x0000008200f00000)]
  0x0000020145986440 JavaThread "Service Thread" daemon [_thread_blocked, id=19756, stack(0x0000008200f00000,0x0000008201000000)]
  0x0000020145986d00 JavaThread "Monitor Deflation Thread" daemon [_thread_blocked, id=28532, stack(0x0000008201000000,0x0000008201100000)]
  0x00000201459879a0 JavaThread "C2 CompilerThread0" daemon [_thread_in_native, id=19004, stack(0x0000008201100000,0x0000008201200000)]
  0x000002014643a910 JavaThread "C1 CompilerThread0" daemon [_thread_blocked, id=17564, stack(0x0000008201200000,0x0000008201300000)]
  0x000002014643b600 JavaThread "Sweeper thread" daemon [_thread_blocked, id=25256, stack(0x0000008201300000,0x0000008201400000)]
  0x00000201465dd340 JavaThread "Common-Cleaner" daemon [_thread_blocked, id=16528, stack(0x0000008201400000,0x0000008201500000)]
  0x00000201465dd810 JavaThread "Notification Thread" daemon [_thread_blocked, id=26640, stack(0x0000008201500000,0x0000008201600000)]
  0x0000020147fc7940 JavaThread "Daemon health stats" [_thread_blocked, id=8660, stack(0x0000008201b00000,0x0000008201c00000)]
  0x00000201472cc770 JavaThread "Incoming local TCP Connector on port 49450" [_thread_in_native, id=18684, stack(0x0000008201c00000,0x0000008201d00000)]
  0x000002014738cdf0 JavaThread "Daemon periodic checks" [_thread_blocked, id=19580, stack(0x0000008201d00000,0x0000008201e00000)]
  0x0000020147f69850 JavaThread "Daemon" [_thread_blocked, id=28268, stack(0x0000008201e00000,0x0000008201f00000)]
  0x0000020148908580 JavaThread "Handler for socket connection from /127.0.0.1:49450 to /127.0.0.1:49451" [_thread_in_native, id=11764, stack(0x0000008201f00000,0x0000008202000000)]
  0x0000020147bd7a10 JavaThread "Cancel handler" [_thread_blocked, id=27956, stack(0x0000008202000000,0x0000008202100000)]
  0x0000020147bdaa30 JavaThread "Daemon worker" [_thread_blocked, id=10188, stack(0x0000008202100000,0x0000008202200000)]
  0x0000020147bd7070 JavaThread "Asynchronous log dispatcher for DefaultDaemonConnection: socket connection from /127.0.0.1:49450 to /127.0.0.1:49451" [_thread_blocked, id=28328, stack(0x0000008202200000,0x0000008202300000)]
  0x0000020147bda090 JavaThread "Stdin handler" [_thread_blocked, id=528, stack(0x0000008202300000,0x0000008202400000)]
  0x0000020147bd7540 JavaThread "Daemon client event forwarder" [_thread_blocked, id=16716, stack(0x0000008202400000,0x0000008202500000)]
  0x0000020147bd7ee0 JavaThread "Cache worker for journal cache (C:\Users\ASHWANI KUMAR\.gradle\caches\journal-1)" [_thread_blocked, id=15224, stack(0x0000008202900000,0x0000008202a00000)]
  0x0000020147bd83b0 JavaThread "File lock request listener" [_thread_in_native, id=3780, stack(0x0000008202a00000,0x0000008202b00000)]
  0x0000020147bda560 JavaThread "Cache worker for file hash cache (C:\Users\ASHWANI KUMAR\.gradle\caches\8.0\fileHashes)" [_thread_blocked, id=27156, stack(0x0000008202b00000,0x0000008202c00000)]
  0x0000020147bd8880 JavaThread "File watcher server" daemon [_thread_in_native, id=7208, stack(0x0000008202c00000,0x0000008202d00000)]
  0x0000020147bd8d50 JavaThread "File watcher consumer" daemon [_thread_blocked, id=26772, stack(0x0000008202d00000,0x0000008202e00000)]
  0x0000020147bd9220 JavaThread "Cache worker for checksums cache (C:\Users\ASHWANI KUMAR\AndroidStudioProjects\DashboardApp\.gradle\8.0\checksums)" [_thread_blocked, id=22256, stack(0x0000008202e00000,0x0000008202f00000)]
  0x0000020147bd96f0 JavaThread "Cache worker for cache directory md-rule (C:\Users\ASHWANI KUMAR\.gradle\caches\8.0\md-rule)" [_thread_blocked, id=26280, stack(0x0000008202f00000,0x0000008203000000)]
  0x0000020147bd9bc0 JavaThread "Cache worker for file content cache (C:\Users\ASHWANI KUMAR\.gradle\caches\8.0\fileContent)" [_thread_blocked, id=21740, stack(0x0000008203000000,0x0000008203100000)]
  0x0000020149243590 JavaThread "Cache worker for file hash cache (C:\Users\ASHWANI KUMAR\AndroidStudioProjects\DashboardApp\.gradle\8.0\fileHashes)" [_thread_blocked, id=27872, stack(0x0000008203100000,0x0000008203200000)]
  0x0000020149240a40 JavaThread "Cache worker for cache directory md-supplier (C:\Users\ASHWANI KUMAR\.gradle\caches\8.0\md-supplier)" [_thread_blocked, id=20548, stack(0x0000008203200000,0x0000008203300000)]
  0x0000020149240f10 JavaThread "Cache worker for execution history cache (C:\Users\ASHWANI KUMAR\.gradle\caches\8.0\executionHistory)" [_thread_blocked, id=13820, stack(0x0000008203300000,0x0000008203400000)]
  0x00000201492400a0 JavaThread "jar transforms" [_thread_blocked, id=1204, stack(0x0000008203400000,0x0000008203500000)]
  0x0000020149242250 JavaThread "jar transforms Thread 2" [_thread_blocked, id=20604, stack(0x0000008203500000,0x0000008203600000)]
  0x000002014923d550 JavaThread "jar transforms Thread 3" [_thread_blocked, id=12468, stack(0x0000008203700000,0x0000008203800000)]
  0x000002014923e3c0 JavaThread "jar transforms Thread 4" [_thread_blocked, id=12100, stack(0x0000008203800000,0x0000008203900000)]
  0x000002014923e890 JavaThread "Cache worker for dependencies-accessors (C:\Users\ASHWANI KUMAR\AndroidStudioProjects\DashboardApp\.gradle\8.0\dependencies-accessors)" [_thread_blocked, id=27608, stack(0x0000008203900000,0x0000008203a00000)]
  0x000002014923fbd0 JavaThread "jar transforms Thread 5" [_thread_blocked, id=23360, stack(0x0000008203a00000,0x0000008203b00000)]
  0x0000020149243f30 JavaThread "Cache worker for Build Output Cleanup Cache (C:\Users\ASHWANI KUMAR\AndroidStudioProjects\DashboardApp\.gradle\buildOutputCleanup)" [_thread_blocked, id=25576, stack(0x0000008203b00000,0x0000008203c00000)]
  0x00000201492413e0 JavaThread "Unconstrained build operations" [_thread_blocked, id=14568, stack(0x0000008203c00000,0x0000008203d00000)]
  0x000002014923ed60 JavaThread "Unconstrained build operations Thread 2" [_thread_blocked, id=10556, stack(0x0000008203d00000,0x0000008203e00000)]
  0x000002014923f230 JavaThread "Unconstrained build operations Thread 3" [_thread_blocked, id=15088, stack(0x0000008203e00000,0x0000008203f00000)]
  0x000002014923f700 JavaThread "Unconstrained build operations Thread 4" [_thread_blocked, id=27732, stack(0x0000008203f00000,0x0000008204000000)]
  0x0000020149240570 JavaThread "Unconstrained build operations Thread 5" [_thread_blocked, id=20208, stack(0x0000008204000000,0x0000008204100000)]
  0x0000020149241d80 JavaThread "Unconstrained build operations Thread 6" [_thread_blocked, id=26316, stack(0x0000008204100000,0x0000008204200000)]
  0x00000201492430c0 JavaThread "Unconstrained build operations Thread 7" [_thread_blocked, id=25260, stack(0x0000008204200000,0x0000008204300000)]
  0x0000020149243a60 JavaThread "Unconstrained build operations Thread 8" [_thread_blocked, id=26112, stack(0x0000008204300000,0x0000008204400000)]
  0x000002014923def0 JavaThread "Unconstrained build operations Thread 9" [_thread_blocked, id=26528, stack(0x0000008204400000,0x0000008204500000)]
  0x0000020149244400 JavaThread "Unconstrained build operations Thread 10" [_thread_blocked, id=8928, stack(0x0000008204500000,0x0000008204600000)]
  0x00000201492448d0 JavaThread "Unconstrained build operations Thread 11" [_thread_blocked, id=26424, stack(0x0000008204600000,0x0000008204700000)]
  0x000002014923d080 JavaThread "Unconstrained build operations Thread 12" [_thread_blocked, id=27640, stack(0x0000008204700000,0x0000008204800000)]
  0x000002014923da20 JavaThread "Unconstrained build operations Thread 13" [_thread_blocked, id=12312, stack(0x0000008204800000,0x0000008204900000)]
  0x000002014a7303a0 JavaThread "Unconstrained build operations Thread 14" [_thread_blocked, id=22804, stack(0x0000008204900000,0x0000008204a00000)]
  0x000002014a734700 JavaThread "Unconstrained build operations Thread 15" [_thread_blocked, id=26044, stack(0x0000008204a00000,0x0000008204b00000)]
  0x000002014a730d40 JavaThread "Unconstrained build operations Thread 16" [_thread_blocked, id=15520, stack(0x0000008204b00000,0x0000008204c00000)]
  0x000002014a731bb0 JavaThread "Unconstrained build operations Thread 17" [_thread_blocked, id=24420, stack(0x0000008204c00000,0x0000008204d00000)]
  0x000002014a7333c0 JavaThread "Unconstrained build operations Thread 18" [_thread_blocked, id=27780, stack(0x0000008204d00000,0x0000008204e00000)]
  0x000002014a7363e0 JavaThread "Unconstrained build operations Thread 19" [_thread_blocked, id=9608, stack(0x0000008204e00000,0x0000008204f00000)]
  0x000002014a7368b0 JavaThread "Unconstrained build operations Thread 20" [_thread_blocked, id=9332, stack(0x0000008204f00000,0x0000008205000000)]
  0x000002014a731210 JavaThread "Unconstrained build operations Thread 21" [_thread_blocked, id=5152, stack(0x0000008205000000,0x0000008205100000)]
  0x000002014a732550 JavaThread "Unconstrained build operations Thread 22" [_thread_blocked, id=11760, stack(0x0000008205100000,0x0000008205200000)]
  0x000002014a733d60 JavaThread "Unconstrained build operations Thread 23" [_thread_blocked, id=19240, stack(0x0000008205200000,0x0000008205300000)]
  0x000002014a734230 JavaThread "Unconstrained build operations Thread 24" [_thread_blocked, id=24912, stack(0x0000008205300000,0x0000008205400000)]
  0x000002014a735f10 JavaThread "Unconstrained build operations Thread 25" [_thread_blocked, id=27892, stack(0x0000008205400000,0x0000008205500000)]
  0x000002014a730870 JavaThread "Unconstrained build operations Thread 26" [_thread_blocked, id=8912, stack(0x0000008205500000,0x0000008205600000)]
  0x000002014a734bd0 JavaThread "Unconstrained build operations Thread 27" [_thread_blocked, id=27804, stack(0x0000008205600000,0x0000008205700000)]
  0x000002014a732ef0 JavaThread "Unconstrained build operations Thread 28" [_thread_blocked, id=14792, stack(0x0000008205700000,0x0000008205800000)]
  0x000002014a72f060 JavaThread "Unconstrained build operations Thread 29" [_thread_blocked, id=28384, stack(0x0000008205800000,0x0000008205900000)]
  0x000002014a7350a0 JavaThread "Unconstrained build operations Thread 30" [_thread_blocked, id=20592, stack(0x0000008205900000,0x0000008205a00000)]
  0x000002014a733890 JavaThread "Unconstrained build operations Thread 31" [_thread_blocked, id=19076, stack(0x0000008205a00000,0x0000008205b00000)]
  0x000002014a72f530 JavaThread "Unconstrained build operations Thread 32" [_thread_blocked, id=28540, stack(0x0000008205b00000,0x0000008205c00000)]
  0x000002014a72fa00 JavaThread "Unconstrained build operations Thread 33" [_thread_blocked, id=10524, stack(0x0000008205c00000,0x0000008205d00000)]
  0x000002014a7316e0 JavaThread "Unconstrained build operations Thread 34" [_thread_blocked, id=28044, stack(0x0000008205d00000,0x0000008205e00000)]
  0x000002014a735570 JavaThread "Unconstrained build operations Thread 35" [_thread_blocked, id=17936, stack(0x0000008205e00000,0x0000008205f00000)]
  0x000002014a72fed0 JavaThread "Unconstrained build operations Thread 36" [_thread_blocked, id=18420, stack(0x0000008205f00000,0x0000008206000000)]
  0x000002014a735a40 JavaThread "Unconstrained build operations Thread 37" [_thread_blocked, id=16748, stack(0x0000008206000000,0x0000008206100000)]
  0x000002014a732080 JavaThread "Unconstrained build operations Thread 38" [_thread_blocked, id=11708, stack(0x0000008206100000,0x0000008206200000)]
  0x000002014a732a20 JavaThread "Unconstrained build operations Thread 39" [_thread_blocked, id=20216, stack(0x0000008206200000,0x0000008206300000)]
  0x000002014ae18380 JavaThread "Unconstrained build operations Thread 40" [_thread_blocked, id=12532, stack(0x0000008206300000,0x0000008206400000)]
  0x000002014ae1b870 JavaThread "Unconstrained build operations Thread 41" [_thread_blocked, id=28136, stack(0x0000008206400000,0x0000008206500000)]
  0x000002014ae1bd40 JavaThread "Unconstrained build operations Thread 42" [_thread_blocked, id=13684, stack(0x0000008206500000,0x0000008206600000)]
  0x000002014ae196c0 JavaThread "Unconstrained build operations Thread 43" [_thread_blocked, id=10652, stack(0x0000008206600000,0x0000008206700000)]
  0x000002014ae1d080 JavaThread "Unconstrained build operations Thread 44" [_thread_blocked, id=13840, stack(0x0000008206700000,0x0000008206800000)]
  0x000002014ae179e0 JavaThread "Unconstrained build operations Thread 45" [_thread_blocked, id=27796, stack(0x0000008206800000,0x0000008206900000)]
  0x000002014ae17eb0 JavaThread "Unconstrained build operations Thread 46" [_thread_blocked, id=9320, stack(0x0000008206900000,0x0000008206a00000)]
  0x000002014ae1c210 JavaThread "Unconstrained build operations Thread 47" [_thread_blocked, id=12748, stack(0x0000008206a00000,0x0000008206b00000)]
  0x000002014ae1aa00 JavaThread "Unconstrained build operations Thread 48" [_thread_blocked, id=28528, stack(0x0000008206b00000,0x0000008206c00000)]
  0x000002014ae18850 JavaThread "Unconstrained build operations Thread 49" [_thread_blocked, id=10940, stack(0x0000008206c00000,0x0000008206d00000)]
  0x000002014ae18d20 JavaThread "Unconstrained build operations Thread 50" [_thread_blocked, id=28216, stack(0x0000008206d00000,0x0000008206e00000)]
  0x000002014ae191f0 JavaThread "Unconstrained build operations Thread 51" [_thread_blocked, id=25972, stack(0x0000008206e00000,0x0000008206f00000)]
  0x000002014ae1cbb0 JavaThread "Unconstrained build operations Thread 52" [_thread_blocked, id=23636, stack(0x0000008206f00000,0x0000008207000000)]
  0x000002014ae19b90 JavaThread "Unconstrained build operations Thread 53" [_thread_blocked, id=18712, stack(0x0000008207000000,0x0000008207100000)]
  0x000002014ae1d550 JavaThread "Unconstrained build operations Thread 54" [_thread_blocked, id=7212, stack(0x0000008207100000,0x0000008207200000)]
  0x000002014ae1da20 JavaThread "Unconstrained build operations Thread 55" [_thread_blocked, id=12852, stack(0x0000008207200000,0x0000008207300000)]
  0x000002014ae1a060 JavaThread "Unconstrained build operations Thread 56" [_thread_blocked, id=18500, stack(0x0000008207300000,0x0000008207400000)]
  0x000002014ae1def0 JavaThread "Unconstrained build operations Thread 57" [_thread_blocked, id=27996, stack(0x0000008207400000,0x0000008207500000)]
  0x000002014ae1a530 JavaThread "Unconstrained build operations Thread 58" [_thread_blocked, id=28408, stack(0x0000008207500000,0x0000008207600000)]
  0x000002014ae1aed0 JavaThread "Unconstrained build operations Thread 59" [_thread_blocked, id=12276, stack(0x0000008207600000,0x0000008207700000)]
  0x000002014ae1b3a0 JavaThread "Unconstrained build operations Thread 60" [_thread_blocked, id=13972, stack(0x0000008207700000,0x0000008207800000)]
  0x000002014ae1c6e0 JavaThread "Unconstrained build operations Thread 61" [_thread_blocked, id=5124, stack(0x0000008207800000,0x0000008207900000)]
  0x000002014ae1e3c0 JavaThread "Unconstrained build operations Thread 62" [_thread_blocked, id=18132, stack(0x0000008207900000,0x0000008207a00000)]
  0x000002014ae1e890 JavaThread "Unconstrained build operations Thread 63" [_thread_blocked, id=3276, stack(0x0000008207a00000,0x0000008207b00000)]
  0x000002014ae1ed60 JavaThread "Unconstrained build operations Thread 64" [_thread_blocked, id=24324, stack(0x0000008207b00000,0x0000008207c00000)]
  0x000002014ae17510 JavaThread "Unconstrained build operations Thread 65" [_thread_blocked, id=28336, stack(0x0000008207c00000,0x0000008207d00000)]
  0x000002014ab5c780 JavaThread "Unconstrained build operations Thread 66" [_thread_blocked, id=24644, stack(0x0000008207d00000,0x0000008207e00000)]
  0x000002014ab5a5d0 JavaThread "Unconstrained build operations Thread 67" [_thread_blocked, id=18084, stack(0x0000008207e00000,0x0000008207f00000)]
  0x000002014ab5bde0 JavaThread "Unconstrained build operations Thread 68" [_thread_blocked, id=5764, stack(0x0000008207f00000,0x0000008208000000)]
  0x000002014ab5dac0 JavaThread "Unconstrained build operations Thread 69" [_thread_blocked, id=16804, stack(0x0000008208000000,0x0000008208100000)]
  0x000002014ab5b910 JavaThread "Unconstrained build operations Thread 70" [_thread_blocked, id=9416, stack(0x0000008208100000,0x0000008208200000)]
  0x000002014ab5fc70 JavaThread "Unconstrained build operations Thread 71" [_thread_blocked, id=27328, stack(0x0000008208200000,0x0000008208300000)]
  0x000002014ab5aaa0 JavaThread "Unconstrained build operations Thread 72" [_thread_blocked, id=5572, stack(0x0000008208300000,0x0000008208400000)]
  0x000002014ab5ee00 JavaThread "Unconstrained build operations Thread 73" [_thread_blocked, id=28332, stack(0x0000008208400000,0x0000008208500000)]
  0x000002014ab60140 JavaThread "Unconstrained build operations Thread 74" [_thread_blocked, id=8120, stack(0x0000008208500000,0x0000008208600000)]
  0x000002014ab5af70 JavaThread "Unconstrained build operations Thread 75" [_thread_blocked, id=2056, stack(0x0000008208600000,0x0000008208700000)]
  0x000002014ab5e930 JavaThread "Unconstrained build operations Thread 76" [_thread_blocked, id=13904, stack(0x0000008208700000,0x0000008208800000)]
  0x000002014ab5b440 JavaThread "Unconstrained build operations Thread 77" [_thread_blocked, id=21368, stack(0x0000008208800000,0x0000008208900000)]
  0x000002014ab5e460 JavaThread "Unconstrained build operations Thread 78" [_thread_blocked, id=14888, stack(0x0000008208900000,0x0000008208a00000)]
  0x000002014ab59c30 JavaThread "Unconstrained build operations Thread 79" [_thread_blocked, id=26024, stack(0x0000008208a00000,0x0000008208b00000)]
  0x000002014ab61480 JavaThread "Unconstrained build operations Thread 80" [_thread_blocked, id=25024, stack(0x0000008208b00000,0x0000008208c00000)]
  0x000002014ab5cc50 JavaThread "jar transforms Thread 6" [_thread_blocked, id=8556, stack(0x0000008208c00000,0x0000008208d00000)]
  0x000002014ab5c2b0 JavaThread "jar transforms Thread 7" [_thread_blocked, id=20388, stack(0x0000008208d00000,0x0000008208e00000)]
  0x000002014ab5d120 JavaThread "jar transforms Thread 8" [_thread_blocked, id=22408, stack(0x0000008208e00000,0x0000008208f00000)]
  0x000002014ab5df90 JavaThread "build event listener" [_thread_blocked, id=26900, stack(0x0000008208f00000,0x0000008209000000)]
  0x000002014ab5a100 JavaThread "Memory manager" [_thread_blocked, id=24348, stack(0x0000008209000000,0x0000008209100000)]
=>0x0000020146892e50 JavaThread "C2 CompilerThread1" daemon [_thread_in_native, id=11936, stack(0x0000008209100000,0x0000008209200000)]
  0x000002014ab60fb0 JavaThread "pool-3-thread-1" [_thread_blocked, id=792, stack(0x0000008209200000,0x0000008209300000)]
  0x000002014b25f7c0 JavaThread "build event listener" [_thread_blocked, id=23840, stack(0x0000008209300000,0x0000008209400000)]
  0x000002014b25be00 JavaThread "included builds" [_thread_in_native, id=13424, stack(0x0000008209400000,0x0000008209500000)]
  0x000002014b25fc90 JavaThread "Execution worker" [_thread_blocked, id=16848, stack(0x0000008209500000,0x0000008209600000)]
  0x000002014b25e480 JavaThread "Execution worker Thread 2" [_thread_blocked, id=20412, stack(0x0000008209600000,0x0000008209700000)]
  0x000002014b25a120 JavaThread "Execution worker Thread 3" [_thread_blocked, id=8980, stack(0x0000008209700000,0x0000008209800000)]
  0x000002014b25c2d0 JavaThread "Execution worker Thread 4" [_thread_blocked, id=9536, stack(0x0000008209800000,0x0000008209900000)]
  0x000002014b2614a0 JavaThread "Execution worker Thread 5" [_thread_blocked, id=19192, stack(0x0000008209900000,0x0000008209a00000)]
  0x000002014b260160 JavaThread "Execution worker Thread 6" [_thread_blocked, id=21612, stack(0x0000008209a00000,0x0000008209b00000)]
  0x000002014b260630 JavaThread "Execution worker Thread 7" [_thread_blocked, id=28100, stack(0x0000008209b00000,0x0000008209c00000)]
  0x000002014b25c7a0 JavaThread "Cache worker for execution history cache (C:\Users\ASHWANI KUMAR\AndroidStudioProjects\DashboardApp\.gradle\8.0\executionHistory)" [_thread_blocked, id=28272, stack(0x0000008209c00000,0x0000008209d00000)]

Other Threads:
  0x0000020145975160 VMThread "VM Thread" [stack: 0x0000008200a00000,0x0000008200b00000] [id=27516]
  0x000002012bb891b0 WatcherThread [stack: 0x0000008201600000,0x0000008201700000] [id=5724]
  0x000002012bb6f5c0 GCTaskThread "GC Thread#0" [stack: 0x0000008200500000,0x0000008200600000] [id=28612]
  0x00000201470cf8d0 GCTaskThread "GC Thread#1" [stack: 0x0000008201700000,0x0000008201800000] [id=27536]
  0x0000020147907d10 GCTaskThread "GC Thread#2" [stack: 0x0000008201800000,0x0000008201900000] [id=22756]
  0x00000201470490e0 GCTaskThread "GC Thread#3" [stack: 0x0000008201900000,0x0000008201a00000] [id=19556]
  0x000002014783bf50 GCTaskThread "GC Thread#4" [stack: 0x0000008201a00000,0x0000008201b00000] [id=22492]
  0x0000020148a055e0 GCTaskThread "GC Thread#5" [stack: 0x0000008202500000,0x0000008202600000] [id=10120]
  0x0000020148a05890 GCTaskThread "GC Thread#6" [stack: 0x0000008202600000,0x0000008202700000] [id=13404]
  0x0000020148a05330 GCTaskThread "GC Thread#7" [stack: 0x0000008202700000,0x0000008202800000] [id=17504]
  0x000002012bb80410 ConcurrentGCThread "G1 Main Marker" [stack: 0x0000008200600000,0x0000008200700000] [id=28360]
  0x000002012bb80d30 ConcurrentGCThread "G1 Conc#0" [stack: 0x0000008200700000,0x0000008200800000] [id=27576]
  0x0000020148a04dd0 ConcurrentGCThread "G1 Conc#1" [stack: 0x0000008202800000,0x0000008202900000] [id=9456]
  0x000002012bbcdd40 ConcurrentGCThread "G1 Refine#0" [stack: 0x0000008200800000,0x0000008200900000] [id=9744]
  0x0000020148feb270 ConcurrentGCThread "G1 Refine#1" [stack: 0x0000008203600000,0x0000008203700000] [id=26164]
  0x000002012bbce670 ConcurrentGCThread "G1 Service" [stack: 0x0000008200900000,0x0000008200a00000] [id=24388]

Threads with active compile tasks:
C1 CompilerThread0    21926 9901       3       org.gradle.api.internal.artifacts.ivyservice.resolveengine.graph.builder.NodeState::getEndorsedStrictVersions (318 bytes)
C2 CompilerThread1    21926 9534       4       java.util.ComparableTimSort::binarySort (223 bytes)

VM state: not at safepoint (normal execution)

VM Mutex/Monitor currently owned by a thread: None

Heap address: 0x0000000080000000, size: 2048 MB, Compressed Oops mode: 32-bit

CDS archive(s) not mapped
Compressed class space mapped at: 0x0000000100000000-0x0000000140000000, reserved size: 1073741824
Narrow klass base: 0x0000000000000000, Narrow klass shift: 3, Narrow klass range: 0x140000000

GC Precious Log:
 CPUs: 8 total, 8 available
 Memory: 6091M
 Large Page Support: Disabled
 NUMA Support: Disabled
 Compressed Oops: Enabled (32-bit)
 Heap Region Size: 1M
 Heap Min Capacity: 8M
 Heap Initial Capacity: 96M
 Heap Max Capacity: 2G
 Pre-touch: Disabled
 Parallel Workers: 8
 Concurrent Workers: 2
 Concurrent Refinement Workers: 8
 Periodic GC: Disabled

Heap:
 garbage-first heap   total 253952K, used 153448K [0x0000000080000000, 0x0000000100000000)
  region size 1024K, 86 young (88064K), 16 survivors (16384K)
 Metaspace       used 96191K, committed 96832K, reserved 1138688K
  class space    used 13018K, committed 13312K, reserved 1048576K

Heap Regions: E=young(eden), S=young(survivor), O=old, HS=humongous(starts), HC=humongous(continues), CS=collection set, F=free, OA=open archive, CA=closed archive, TAMS=top-at-mark-start (previous, next)
|   0|0x0000000080000000, 0x0000000080100000, 0x0000000080100000|100%|HS|  |TAMS 0x0000000080100000, 0x0000000080000000| Complete 
|   1|0x0000000080100000, 0x0000000080200000, 0x0000000080200000|100%|HC|  |TAMS 0x0000000080200000, 0x0000000080100000| Complete 
|   2|0x0000000080200000, 0x0000000080300000, 0x0000000080300000|100%|HC|  |TAMS 0x0000000080300000, 0x0000000080200000| Complete 
|   3|0x0000000080300000, 0x0000000080400000, 0x0000000080400000|100%|HC|  |TAMS 0x0000000080400000, 0x0000000080300000| Complete 
|   4|0x0000000080400000, 0x0000000080500000, 0x0000000080500000|100%| O|  |TAMS 0x0000000080500000, 0x0000000080400000| Untracked 
|   5|0x0000000080500000, 0x0000000080600000, 0x0000000080600000|100%| O|  |TAMS 0x0000000080500000, 0x0000000080500000| Untracked 
|   6|0x0000000080600000, 0x0000000080700000, 0x0000000080700000|100%| O|  |TAMS 0x0000000080700000, 0x0000000080600000| Untracked 
|   7|0x0000000080700000, 0x0000000080800000, 0x0000000080800000|100%| O|  |TAMS 0x0000000080800000, 0x0000000080700000| Untracked 
|   8|0x0000000080800000, 0x0000000080900000, 0x0000000080900000|100%| O|  |TAMS 0x0000000080900000, 0x0000000080800000| Untracked 
|   9|0x0000000080900000, 0x0000000080a00000, 0x0000000080a00000|100%| O|  |TAMS 0x0000000080a00000, 0x0000000080900000| Untracked 
|  10|0x0000000080a00000, 0x0000000080b00000, 0x0000000080b00000|100%| O|  |TAMS 0x0000000080b00000, 0x0000000080a00000| Untracked 
|  11|0x0000000080b00000, 0x0000000080c00000, 0x0000000080c00000|100%| O|  |TAMS 0x0000000080c00000, 0x0000000080b00000| Untracked 
|  12|0x0000000080c00000, 0x0000000080d00000, 0x0000000080d00000|100%| O|  |TAMS 0x0000000080d00000, 0x0000000080c00000| Untracked 
|  13|0x0000000080d00000, 0x0000000080e00000, 0x0000000080e00000|100%| O|  |TAMS 0x0000000080e00000, 0x0000000080d00000| Untracked 
|  14|0x0000000080e00000, 0x0000000080f00000, 0x0000000080f00000|100%| O|  |TAMS 0x0000000080e00000, 0x0000000080e00000| Untracked 
|  15|0x0000000080f00000, 0x0000000081000000, 0x0000000081000000|100%| O|  |TAMS 0x0000000081000000, 0x0000000080f00000| Untracked 
|  16|0x0000000081000000, 0x0000000081100000, 0x0000000081100000|100%| O|  |TAMS 0x0000000081100000, 0x0000000081000000| Untracked 
|  17|0x0000000081100000, 0x0000000081200000, 0x0000000081200000|100%| O|  |TAMS 0x0000000081200000, 0x0000000081100000| Untracked 
|  18|0x0000000081200000, 0x0000000081300000, 0x0000000081300000|100%| O|  |TAMS 0x0000000081300000, 0x0000000081200000| Untracked 
|  19|0x0000000081300000, 0x0000000081400000, 0x0000000081400000|100%| O|  |TAMS 0x0000000081400000, 0x0000000081300000| Untracked 
|  20|0x0000000081400000, 0x0000000081500000, 0x0000000081500000|100%| O|  |TAMS 0x0000000081500000, 0x0000000081400000| Untracked 
|  21|0x0000000081500000, 0x0000000081600000, 0x0000000081600000|100%| O|  |TAMS 0x0000000081600000, 0x0000000081500000| Untracked 
|  22|0x0000000081600000, 0x0000000081700000, 0x0000000081700000|100%| O|  |TAMS 0x0000000081700000, 0x0000000081600000| Untracked 
|  23|0x0000000081700000, 0x0000000081800000, 0x0000000081800000|100%| O|  |TAMS 0x0000000081800000, 0x0000000081700000| Untracked 
|  24|0x0000000081800000, 0x0000000081900000, 0x0000000081900000|100%| O|  |TAMS 0x0000000081900000, 0x0000000081800000| Untracked 
|  25|0x0000000081900000, 0x0000000081a00000, 0x0000000081a00000|100%| O|  |TAMS 0x0000000081a00000, 0x0000000081900000| Untracked 
|  26|0x0000000081a00000, 0x0000000081b00000, 0x0000000081b00000|100%| O|  |TAMS 0x0000000081b00000, 0x0000000081a00000| Untracked 
|  27|0x0000000081b00000, 0x0000000081c00000, 0x0000000081c00000|100%| O|  |TAMS 0x0000000081c00000, 0x0000000081b00000| Untracked 
|  28|0x0000000081c00000, 0x0000000081d00000, 0x0000000081d00000|100%| O|  |TAMS 0x0000000081d00000, 0x0000000081c00000| Untracked 
|  29|0x0000000081d00000, 0x0000000081e00000, 0x0000000081e00000|100%| O|  |TAMS 0x0000000081e00000, 0x0000000081d00000| Untracked 
|  30|0x0000000081e00000, 0x0000000081f00000, 0x0000000081f00000|100%| O|  |TAMS 0x0000000081f00000, 0x0000000081e00000| Untracked 
|  31|0x0000000081f00000, 0x0000000082000000, 0x0000000082000000|100%| O|  |TAMS 0x0000000082000000, 0x0000000081f00000| Untracked 
|  32|0x0000000082000000, 0x0000000082100000, 0x0000000082100000|100%| O|  |TAMS 0x0000000082100000, 0x0000000082000000| Untracked 
|  33|0x0000000082100000, 0x0000000082200000, 0x0000000082200000|100%|HS|  |TAMS 0x0000000082200000, 0x0000000082100000| Complete 
|  34|0x0000000082200000, 0x0000000082300000, 0x0000000082300000|100%|HS|  |TAMS 0x0000000082300000, 0x0000000082200000| Complete 
|  35|0x0000000082300000, 0x0000000082400000, 0x0000000082400000|100%|HC|  |TAMS 0x0000000082400000, 0x0000000082300000| Complete 
|  36|0x0000000082400000, 0x0000000082500000, 0x0000000082500000|100%| O|  |TAMS 0x0000000082500000, 0x0000000082400000| Untracked 
|  37|0x0000000082500000, 0x0000000082600000, 0x0000000082600000|100%| O|  |TAMS 0x0000000082600000, 0x0000000082500000| Untracked 
|  38|0x0000000082600000, 0x0000000082700000, 0x0000000082700000|100%| O|  |TAMS 0x0000000082700000, 0x0000000082600000| Untracked 
|  39|0x0000000082700000, 0x0000000082800000, 0x0000000082800000|100%|HS|  |TAMS 0x0000000082800000, 0x0000000082700000| Complete 
|  40|0x0000000082800000, 0x0000000082900000, 0x0000000082900000|100%| O|  |TAMS 0x0000000082900000, 0x0000000082800000| Untracked 
|  41|0x0000000082900000, 0x0000000082a00000, 0x0000000082a00000|100%| O|  |TAMS 0x0000000082a00000, 0x0000000082900000| Untracked 
|  42|0x0000000082a00000, 0x0000000082b00000, 0x0000000082b00000|100%| O|  |TAMS 0x0000000082b00000, 0x0000000082a00000| Untracked 
|  43|0x0000000082b00000, 0x0000000082c00000, 0x0000000082c00000|100%| O|  |TAMS 0x0000000082c00000, 0x0000000082b00000| Untracked 
|  44|0x0000000082c00000, 0x0000000082d00000, 0x0000000082d00000|100%|HS|  |TAMS 0x0000000082d00000, 0x0000000082c00000| Complete 
|  45|0x0000000082d00000, 0x0000000082e00000, 0x0000000082e00000|100%|HC|  |TAMS 0x0000000082e00000, 0x0000000082d00000| Complete 
|  46|0x0000000082e00000, 0x0000000082f00000, 0x0000000082f00000|100%|HC|  |TAMS 0x0000000082f00000, 0x0000000082e00000| Complete 
|  47|0x0000000082f00000, 0x0000000083000000, 0x0000000083000000|100%|HC|  |TAMS 0x0000000083000000, 0x0000000082f00000| Complete 
|  48|0x0000000083000000, 0x0000000083100000, 0x0000000083100000|100%| O|  |TAMS 0x0000000083100000, 0x0000000083000000| Untracked 
|  49|0x0000000083100000, 0x0000000083200000, 0x0000000083200000|100%| O|  |TAMS 0x0000000083200000, 0x0000000083100000| Untracked 
|  50|0x0000000083200000, 0x0000000083300000, 0x0000000083300000|100%| O|  |TAMS 0x0000000083300000, 0x0000000083200000| Untracked 
|  51|0x0000000083300000, 0x0000000083400000, 0x0000000083400000|100%| O|  |TAMS 0x0000000083400000, 0x0000000083300000| Untracked 
|  52|0x0000000083400000, 0x0000000083500000, 0x0000000083500000|100%| O|  |TAMS 0x0000000083500000, 0x0000000083400000| Untracked 
|  53|0x0000000083500000, 0x0000000083600000, 0x0000000083600000|100%| O|  |TAMS 0x0000000083600000, 0x0000000083500000| Untracked 
|  54|0x0000000083600000, 0x0000000083700000, 0x0000000083700000|100%| O|  |TAMS 0x0000000083700000, 0x0000000083600000| Untracked 
|  55|0x0000000083700000, 0x0000000083800000, 0x0000000083800000|100%| O|  |TAMS 0x0000000083700000, 0x0000000083700000| Untracked 
|  56|0x0000000083800000, 0x00000000838ffff8, 0x0000000083900000| 99%| O|  |TAMS 0x0000000083800000, 0x0000000083800000| Untracked 
|  57|0x0000000083900000, 0x0000000083a00000, 0x0000000083a00000|100%| O|  |TAMS 0x0000000083900000, 0x0000000083900000| Untracked 
|  58|0x0000000083a00000, 0x0000000083b00000, 0x0000000083b00000|100%| O|  |TAMS 0x0000000083a00000, 0x0000000083a00000| Untracked 
|  59|0x0000000083b00000, 0x0000000083c00000, 0x0000000083c00000|100%| O|  |TAMS 0x0000000083c00000, 0x0000000083b00000| Untracked 
|  60|0x0000000083c00000, 0x0000000083cda200, 0x0000000083d00000| 85%| O|  |TAMS 0x0000000083c00000, 0x0000000083c00000| Untracked 
|  61|0x0000000083d00000, 0x0000000083e00000, 0x0000000083e00000|100%| O|  |TAMS 0x0000000083e00000, 0x0000000083d00000| Untracked 
|  62|0x0000000083e00000, 0x0000000083f00000, 0x0000000083f00000|100%| O|  |TAMS 0x0000000083f00000, 0x0000000083e00000| Untracked 
|  63|0x0000000083f00000, 0x0000000084000000, 0x0000000084000000|100%| O|  |TAMS 0x0000000084000000, 0x0000000083f00000| Untracked 
|  64|0x0000000084000000, 0x0000000084100000, 0x0000000084100000|100%| O|  |TAMS 0x0000000084065400, 0x0000000084000000| Untracked 
|  65|0x0000000084100000, 0x0000000084100000, 0x0000000084200000|  0%| F|  |TAMS 0x0000000084100000, 0x0000000084100000| Untracked 
|  66|0x0000000084200000, 0x0000000084200000, 0x0000000084300000|  0%| F|  |TAMS 0x0000000084200000, 0x0000000084200000| Untracked 
|  67|0x0000000084300000, 0x0000000084300000, 0x0000000084400000|  0%| F|  |TAMS 0x0000000084300000, 0x0000000084300000| Untracked 
|  68|0x0000000084400000, 0x0000000084400000, 0x0000000084500000|  0%| F|  |TAMS 0x0000000084400000, 0x0000000084400000| Untracked 
|  69|0x0000000084500000, 0x0000000084500000, 0x0000000084600000|  0%| F|  |TAMS 0x0000000084500000, 0x0000000084500000| Untracked 
|  70|0x0000000084600000, 0x0000000084600000, 0x0000000084700000|  0%| F|  |TAMS 0x0000000084600000, 0x0000000084600000| Untracked 
|  71|0x0000000084700000, 0x0000000084700000, 0x0000000084800000|  0%| F|  |TAMS 0x0000000084700000, 0x0000000084700000| Untracked 
|  72|0x0000000084800000, 0x0000000084800000, 0x0000000084900000|  0%| F|  |TAMS 0x0000000084800000, 0x0000000084800000| Untracked 
|  73|0x0000000084900000, 0x0000000084900000, 0x0000000084a00000|  0%| F|  |TAMS 0x0000000084900000, 0x0000000084900000| Untracked 
|  74|0x0000000084a00000, 0x0000000084a00000, 0x0000000084b00000|  0%| F|  |TAMS 0x0000000084a00000, 0x0000000084a00000| Untracked 
|  75|0x0000000084b00000, 0x0000000084b00000, 0x0000000084c00000|  0%| F|  |TAMS 0x0000000084b00000, 0x0000000084b00000| Untracked 
|  76|0x0000000084c00000, 0x0000000084c00000, 0x0000000084d00000|  0%| F|  |TAMS 0x0000000084c00000, 0x0000000084c00000| Untracked 
|  77|0x0000000084d00000, 0x0000000084d00000, 0x0000000084e00000|  0%| F|  |TAMS 0x0000000084d00000, 0x0000000084d00000| Untracked 
|  78|0x0000000084e00000, 0x0000000084e00000, 0x0000000084f00000|  0%| F|  |TAMS 0x0000000084e00000, 0x0000000084e00000| Untracked 
|  79|0x0000000084f00000, 0x0000000084f00000, 0x0000000085000000|  0%| F|  |TAMS 0x0000000084f00000, 0x0000000084f00000| Untracked 
|  80|0x0000000085000000, 0x0000000085000000, 0x0000000085100000|  0%| F|  |TAMS 0x0000000085000000, 0x0000000085000000| Untracked 
|  81|0x0000000085100000, 0x0000000085100000, 0x0000000085200000|  0%| F|  |TAMS 0x0000000085100000, 0x0000000085100000| Untracked 
|  82|0x0000000085200000, 0x0000000085200000, 0x0000000085300000|  0%| F|  |TAMS 0x0000000085200000, 0x0000000085200000| Untracked 
|  83|0x0000000085300000, 0x0000000085300000, 0x0000000085400000|  0%| F|  |TAMS 0x0000000085300000, 0x0000000085300000| Untracked 
|  84|0x0000000085400000, 0x0000000085400000, 0x0000000085500000|  0%| F|  |TAMS 0x0000000085400000, 0x0000000085400000| Untracked 
|  85|0x0000000085500000, 0x0000000085500000, 0x0000000085600000|  0%| F|  |TAMS 0x0000000085500000, 0x0000000085500000| Untracked 
|  86|0x0000000085600000, 0x0000000085600000, 0x0000000085700000|  0%| F|  |TAMS 0x0000000085600000, 0x0000000085600000| Untracked 
|  87|0x0000000085700000, 0x0000000085700000, 0x0000000085800000|  0%| F|  |TAMS 0x0000000085700000, 0x0000000085700000| Untracked 
|  88|0x0000000085800000, 0x0000000085800000, 0x0000000085900000|  0%| F|  |TAMS 0x0000000085800000, 0x0000000085800000| Untracked 
|  89|0x0000000085900000, 0x0000000085900000, 0x0000000085a00000|  0%| F|  |TAMS 0x0000000085900000, 0x0000000085900000| Untracked 
|  90|0x0000000085a00000, 0x0000000085a00000, 0x0000000085b00000|  0%| F|  |TAMS 0x0000000085a00000, 0x0000000085a00000| Untracked 
|  91|0x0000000085b00000, 0x0000000085b00000, 0x0000000085c00000|  0%| F|  |TAMS 0x0000000085b00000, 0x0000000085b00000| Untracked 
|  92|0x0000000085c00000, 0x0000000085c00000, 0x0000000085d00000|  0%| F|  |TAMS 0x0000000085c00000, 0x0000000085c00000| Untracked 
|  93|0x0000000085d00000, 0x0000000085d00000, 0x0000000085e00000|  0%| F|  |TAMS 0x0000000085d00000, 0x0000000085d00000| Untracked 
|  94|0x0000000085e00000, 0x0000000085e00000, 0x0000000085f00000|  0%| F|  |TAMS 0x0000000085e00000, 0x0000000085e00000| Untracked 
|  95|0x0000000085f00000, 0x0000000085f00000, 0x0000000086000000|  0%| F|  |TAMS 0x0000000085f00000, 0x0000000085f00000| Untracked 
|  96|0x0000000086000000, 0x0000000086000000, 0x0000000086100000|  0%| F|  |TAMS 0x0000000086000000, 0x0000000086000000| Untracked 
|  97|0x0000000086100000, 0x0000000086100000, 0x0000000086200000|  0%| F|  |TAMS 0x0000000086100000, 0x0000000086100000| Untracked 
|  98|0x0000000086200000, 0x0000000086200000, 0x0000000086300000|  0%| F|  |TAMS 0x0000000086200000, 0x0000000086200000| Untracked 
|  99|0x0000000086300000, 0x0000000086300000, 0x0000000086400000|  0%| F|  |TAMS 0x0000000086300000, 0x0000000086300000| Untracked 
| 100|0x0000000086400000, 0x0000000086400000, 0x0000000086500000|  0%| F|  |TAMS 0x0000000086400000, 0x0000000086400000| Untracked 
| 101|0x0000000086500000, 0x0000000086500000, 0x0000000086600000|  0%| F|  |TAMS 0x0000000086500000, 0x0000000086500000| Untracked 
| 102|0x0000000086600000, 0x0000000086600000, 0x0000000086700000|  0%| F|  |TAMS 0x0000000086600000, 0x0000000086600000| Untracked 
| 103|0x0000000086700000, 0x0000000086700000, 0x0000000086800000|  0%| F|  |TAMS 0x0000000086700000, 0x0000000086700000| Untracked 
| 104|0x0000000086800000, 0x0000000086800000, 0x0000000086900000|  0%| F|  |TAMS 0x0000000086800000, 0x0000000086800000| Untracked 
| 105|0x0000000086900000, 0x0000000086900000, 0x0000000086a00000|  0%| F|  |TAMS 0x0000000086900000, 0x0000000086900000| Untracked 
| 106|0x0000000086a00000, 0x0000000086a00000, 0x0000000086b00000|  0%| F|  |TAMS 0x0000000086a00000, 0x0000000086a00000| Untracked 
| 107|0x0000000086b00000, 0x0000000086b00000, 0x0000000086c00000|  0%| F|  |TAMS 0x0000000086b00000, 0x0000000086b00000| Untracked 
| 108|0x0000000086c00000, 0x0000000086c00000, 0x0000000086d00000|  0%| F|  |TAMS 0x0000000086c00000, 0x0000000086c00000| Untracked 
| 109|0x0000000086d00000, 0x0000000086e00000, 0x0000000086e00000|100%| S|CS|TAMS 0x0000000086d00000, 0x0000000086d00000| Complete 
| 110|0x0000000086e00000, 0x0000000086f00000, 0x0000000086f00000|100%| S|CS|TAMS 0x0000000086e00000, 0x0000000086e00000| Complete 
| 111|0x0000000086f00000, 0x0000000087000000, 0x0000000087000000|100%| S|CS|TAMS 0x0000000086f00000, 0x0000000086f00000| Complete 
| 112|0x0000000087000000, 0x0000000087100000, 0x0000000087100000|100%| S|CS|TAMS 0x0000000087000000, 0x0000000087000000| Complete 
| 113|0x0000000087100000, 0x0000000087200000, 0x0000000087200000|100%| S|CS|TAMS 0x0000000087100000, 0x0000000087100000| Complete 
| 114|0x0000000087200000, 0x0000000087300000, 0x0000000087300000|100%| S|CS|TAMS 0x0000000087200000, 0x0000000087200000| Complete 
| 115|0x0000000087300000, 0x0000000087400000, 0x0000000087400000|100%| S|CS|TAMS 0x0000000087300000, 0x0000000087300000| Complete 
| 116|0x0000000087400000, 0x0000000087500000, 0x0000000087500000|100%| S|CS|TAMS 0x0000000087400000, 0x0000000087400000| Complete 
| 117|0x0000000087500000, 0x0000000087600000, 0x0000000087600000|100%| S|CS|TAMS 0x0000000087500000, 0x0000000087500000| Complete 
| 118|0x0000000087600000, 0x0000000087700000, 0x0000000087700000|100%| S|CS|TAMS 0x0000000087600000, 0x0000000087600000| Complete 
| 119|0x0000000087700000, 0x0000000087800000, 0x0000000087800000|100%| S|CS|TAMS 0x0000000087700000, 0x0000000087700000| Complete 
| 120|0x0000000087800000, 0x0000000087900000, 0x0000000087900000|100%| S|CS|TAMS 0x0000000087800000, 0x0000000087800000| Complete 
| 121|0x0000000087900000, 0x0000000087a00000, 0x0000000087a00000|100%| S|CS|TAMS 0x0000000087900000, 0x0000000087900000| Complete 
| 122|0x0000000087a00000, 0x0000000087b00000, 0x0000000087b00000|100%| S|CS|TAMS 0x0000000087a00000, 0x0000000087a00000| Complete 
| 123|0x0000000087b00000, 0x0000000087c00000, 0x0000000087c00000|100%| S|CS|TAMS 0x0000000087b00000, 0x0000000087b00000| Complete 
| 124|0x0000000087c00000, 0x0000000087d00000, 0x0000000087d00000|100%| S|CS|TAMS 0x0000000087c00000, 0x0000000087c00000| Complete 
| 125|0x0000000087d00000, 0x0000000087d00000, 0x0000000087e00000|  0%| F|  |TAMS 0x0000000087d00000, 0x0000000087d00000| Untracked 
| 126|0x0000000087e00000, 0x0000000087e00000, 0x0000000087f00000|  0%| F|  |TAMS 0x0000000087e00000, 0x0000000087e00000| Untracked 
| 127|0x0000000087f00000, 0x0000000087f00000, 0x0000000088000000|  0%| F|  |TAMS 0x0000000087f00000, 0x0000000087f00000| Untracked 
| 128|0x0000000088000000, 0x0000000088000000, 0x0000000088100000|  0%| F|  |TAMS 0x0000000088000000, 0x0000000088000000| Untracked 
| 129|0x0000000088100000, 0x0000000088100000, 0x0000000088200000|  0%| F|  |TAMS 0x0000000088100000, 0x0000000088100000| Untracked 
| 130|0x0000000088200000, 0x0000000088200000, 0x0000000088300000|  0%| F|  |TAMS 0x0000000088200000, 0x0000000088200000| Untracked 
| 131|0x0000000088300000, 0x0000000088300000, 0x0000000088400000|  0%| F|  |TAMS 0x0000000088300000, 0x0000000088300000| Untracked 
| 132|0x0000000088400000, 0x0000000088400000, 0x0000000088500000|  0%| F|  |TAMS 0x0000000088400000, 0x0000000088400000| Untracked 
| 133|0x0000000088500000, 0x0000000088500000, 0x0000000088600000|  0%| F|  |TAMS 0x0000000088500000, 0x0000000088500000| Untracked 
| 134|0x0000000088600000, 0x0000000088600000, 0x0000000088700000|  0%| F|  |TAMS 0x0000000088600000, 0x0000000088600000| Untracked 
| 135|0x0000000088700000, 0x0000000088700000, 0x0000000088800000|  0%| F|  |TAMS 0x0000000088700000, 0x0000000088700000| Untracked 
| 136|0x0000000088800000, 0x0000000088800000, 0x0000000088900000|  0%| F|  |TAMS 0x0000000088800000, 0x0000000088800000| Untracked 
| 137|0x0000000088900000, 0x0000000088900000, 0x0000000088a00000|  0%| F|  |TAMS 0x0000000088900000, 0x0000000088900000| Untracked 
| 138|0x0000000088a00000, 0x0000000088a00000, 0x0000000088b00000|  0%| F|  |TAMS 0x0000000088a00000, 0x0000000088a00000| Untracked 
| 139|0x0000000088b00000, 0x0000000088b00000, 0x0000000088c00000|  0%| F|  |TAMS 0x0000000088b00000, 0x0000000088b00000| Untracked 
| 140|0x0000000088c00000, 0x0000000088c00000, 0x0000000088d00000|  0%| F|  |TAMS 0x0000000088c00000, 0x0000000088c00000| Untracked 
| 141|0x0000000088d00000, 0x0000000088d00000, 0x0000000088e00000|  0%| F|  |TAMS 0x0000000088d00000, 0x0000000088d00000| Untracked 
| 142|0x0000000088e00000, 0x0000000088e00000, 0x0000000088f00000|  0%| F|  |TAMS 0x0000000088e00000, 0x0000000088e00000| Untracked 
| 143|0x0000000088f00000, 0x0000000088f00000, 0x0000000089000000|  0%| F|  |TAMS 0x0000000088f00000, 0x0000000088f00000| Untracked 
| 144|0x0000000089000000, 0x0000000089000000, 0x0000000089100000|  0%| F|  |TAMS 0x0000000089000000, 0x0000000089000000| Untracked 
| 145|0x0000000089100000, 0x0000000089100000, 0x0000000089200000|  0%| F|  |TAMS 0x0000000089100000, 0x0000000089100000| Untracked 
| 146|0x0000000089200000, 0x0000000089200000, 0x0000000089300000|  0%| F|  |TAMS 0x0000000089200000, 0x0000000089200000| Untracked 
| 147|0x0000000089300000, 0x0000000089300000, 0x0000000089400000|  0%| F|  |TAMS 0x0000000089300000, 0x0000000089300000| Untracked 
| 148|0x0000000089400000, 0x0000000089400000, 0x0000000089500000|  0%| F|  |TAMS 0x0000000089400000, 0x0000000089400000| Untracked 
| 149|0x0000000089500000, 0x0000000089500000, 0x0000000089600000|  0%| F|  |TAMS 0x0000000089500000, 0x0000000089500000| Untracked 
| 150|0x0000000089600000, 0x0000000089600000, 0x0000000089700000|  0%| F|  |TAMS 0x0000000089600000, 0x0000000089600000| Untracked 
| 151|0x0000000089700000, 0x0000000089700000, 0x0000000089800000|  0%| F|  |TAMS 0x0000000089700000, 0x0000000089700000| Untracked 
| 152|0x0000000089800000, 0x0000000089800000, 0x0000000089900000|  0%| F|  |TAMS 0x0000000089800000, 0x0000000089800000| Untracked 
| 153|0x0000000089900000, 0x0000000089900000, 0x0000000089a00000|  0%| F|  |TAMS 0x0000000089900000, 0x0000000089900000| Untracked 
| 154|0x0000000089a00000, 0x0000000089a00000, 0x0000000089b00000|  0%| F|  |TAMS 0x0000000089a00000, 0x0000000089a00000| Untracked 
| 155|0x0000000089b00000, 0x0000000089b00000, 0x0000000089c00000|  0%| F|  |TAMS 0x0000000089b00000, 0x0000000089b00000| Untracked 
| 156|0x0000000089c00000, 0x0000000089c00000, 0x0000000089d00000|  0%| F|  |TAMS 0x0000000089c00000, 0x0000000089c00000| Untracked 
| 157|0x0000000089d00000, 0x0000000089d00000, 0x0000000089e00000|  0%| F|  |TAMS 0x0000000089d00000, 0x0000000089d00000| Untracked 
| 158|0x0000000089e00000, 0x0000000089e00000, 0x0000000089f00000|  0%| F|  |TAMS 0x0000000089e00000, 0x0000000089e00000| Untracked 
| 159|0x0000000089f00000, 0x0000000089f00000, 0x000000008a000000|  0%| F|  |TAMS 0x0000000089f00000, 0x0000000089f00000| Untracked 
| 160|0x000000008a000000, 0x000000008a000000, 0x000000008a100000|  0%| F|  |TAMS 0x000000008a000000, 0x000000008a000000| Untracked 
| 161|0x000000008a100000, 0x000000008a100000, 0x000000008a200000|  0%| F|  |TAMS 0x000000008a100000, 0x000000008a100000| Untracked 
| 162|0x000000008a200000, 0x000000008a200000, 0x000000008a300000|  0%| F|  |TAMS 0x000000008a200000, 0x000000008a200000| Untracked 
| 163|0x000000008a300000, 0x000000008a300000, 0x000000008a400000|  0%| F|  |TAMS 0x000000008a300000, 0x000000008a300000| Untracked 
| 164|0x000000008a400000, 0x000000008a400000, 0x000000008a500000|  0%| F|  |TAMS 0x000000008a400000, 0x000000008a400000| Untracked 
| 165|0x000000008a500000, 0x000000008a500000, 0x000000008a600000|  0%| F|  |TAMS 0x000000008a500000, 0x000000008a500000| Untracked 
| 166|0x000000008a600000, 0x000000008a600000, 0x000000008a700000|  0%| F|  |TAMS 0x000000008a600000, 0x000000008a600000| Untracked 
| 167|0x000000008a700000, 0x000000008a700000, 0x000000008a800000|  0%| F|  |TAMS 0x000000008a700000, 0x000000008a700000| Untracked 
| 168|0x000000008a800000, 0x000000008a800000, 0x000000008a900000|  0%| F|  |TAMS 0x000000008a800000, 0x000000008a800000| Untracked 
| 169|0x000000008a900000, 0x000000008a900000, 0x000000008aa00000|  0%| F|  |TAMS 0x000000008a900000, 0x000000008a900000| Untracked 
| 170|0x000000008aa00000, 0x000000008aa00000, 0x000000008ab00000|  0%| F|  |TAMS 0x000000008aa00000, 0x000000008aa00000| Untracked 
| 171|0x000000008ab00000, 0x000000008ab00000, 0x000000008ac00000|  0%| F|  |TAMS 0x000000008ab00000, 0x000000008ab00000| Untracked 
| 172|0x000000008ac00000, 0x000000008ac00000, 0x000000008ad00000|  0%| F|  |TAMS 0x000000008ac00000, 0x000000008ac00000| Untracked 
| 173|0x000000008ad00000, 0x000000008ad00000, 0x000000008ae00000|  0%| F|  |TAMS 0x000000008ad00000, 0x000000008ad00000| Untracked 
| 174|0x000000008ae00000, 0x000000008ae00000, 0x000000008af00000|  0%| F|  |TAMS 0x000000008ae00000, 0x000000008ae00000| Untracked 
| 175|0x000000008af00000, 0x000000008af00000, 0x000000008b000000|  0%| F|  |TAMS 0x000000008af00000, 0x000000008af00000| Untracked 
| 176|0x000000008b000000, 0x000000008b000000, 0x000000008b100000|  0%| F|  |TAMS 0x000000008b000000, 0x000000008b000000| Untracked 
| 177|0x000000008b100000, 0x000000008b100000, 0x000000008b200000|  0%| F|  |TAMS 0x000000008b100000, 0x000000008b100000| Untracked 
| 178|0x000000008b200000, 0x000000008b2bc4a8, 0x000000008b300000| 73%| E|  |TAMS 0x000000008b200000, 0x000000008b200000| Complete 
| 179|0x000000008b300000, 0x000000008b400000, 0x000000008b400000|100%| E|CS|TAMS 0x000000008b300000, 0x000000008b300000| Complete 
| 180|0x000000008b400000, 0x000000008b500000, 0x000000008b500000|100%| E|CS|TAMS 0x000000008b400000, 0x000000008b400000| Complete 
| 181|0x000000008b500000, 0x000000008b600000, 0x000000008b600000|100%| E|CS|TAMS 0x000000008b500000, 0x000000008b500000| Complete 
| 182|0x000000008b600000, 0x000000008b700000, 0x000000008b700000|100%| E|CS|TAMS 0x000000008b600000, 0x000000008b600000| Complete 
| 183|0x000000008b700000, 0x000000008b800000, 0x000000008b800000|100%| E|CS|TAMS 0x000000008b700000, 0x000000008b700000| Complete 
| 184|0x000000008b800000, 0x000000008b900000, 0x000000008b900000|100%| E|CS|TAMS 0x000000008b800000, 0x000000008b800000| Complete 
| 185|0x000000008b900000, 0x000000008ba00000, 0x000000008ba00000|100%| E|CS|TAMS 0x000000008b900000, 0x000000008b900000| Complete 
| 186|0x000000008ba00000, 0x000000008bb00000, 0x000000008bb00000|100%| E|CS|TAMS 0x000000008ba00000, 0x000000008ba00000| Complete 
| 187|0x000000008bb00000, 0x000000008bc00000, 0x000000008bc00000|100%| E|CS|TAMS 0x000000008bb00000, 0x000000008bb00000| Complete 
| 188|0x000000008bc00000, 0x000000008bd00000, 0x000000008bd00000|100%| E|CS|TAMS 0x000000008bc00000, 0x000000008bc00000| Complete 
| 189|0x000000008bd00000, 0x000000008be00000, 0x000000008be00000|100%| E|CS|TAMS 0x000000008bd00000, 0x000000008bd00000| Complete 
| 190|0x000000008be00000, 0x000000008bf00000, 0x000000008bf00000|100%| E|CS|TAMS 0x000000008be00000, 0x000000008be00000| Complete 
| 191|0x000000008bf00000, 0x000000008c000000, 0x000000008c000000|100%| E|CS|TAMS 0x000000008bf00000, 0x000000008bf00000| Complete 
| 192|0x000000008c000000, 0x000000008c100000, 0x000000008c100000|100%| E|CS|TAMS 0x000000008c000000, 0x000000008c000000| Complete 
| 193|0x000000008c100000, 0x000000008c200000, 0x000000008c200000|100%| E|CS|TAMS 0x000000008c100000, 0x000000008c100000| Complete 
| 194|0x000000008c200000, 0x000000008c300000, 0x000000008c300000|100%| E|CS|TAMS 0x000000008c200000, 0x000000008c200000| Complete 
| 195|0x000000008c300000, 0x000000008c400000, 0x000000008c400000|100%| E|CS|TAMS 0x000000008c300000, 0x000000008c300000| Complete 
| 196|0x000000008c400000, 0x000000008c500000, 0x000000008c500000|100%| E|CS|TAMS 0x000000008c400000, 0x000000008c400000| Complete 
| 197|0x000000008c500000, 0x000000008c600000, 0x000000008c600000|100%| E|CS|TAMS 0x000000008c500000, 0x000000008c500000| Complete 
| 198|0x000000008c600000, 0x000000008c700000, 0x000000008c700000|100%| E|CS|TAMS 0x000000008c600000, 0x000000008c600000| Complete 
| 199|0x000000008c700000, 0x000000008c800000, 0x000000008c800000|100%| E|CS|TAMS 0x000000008c700000, 0x000000008c700000| Complete 
| 200|0x000000008c800000, 0x000000008c900000, 0x000000008c900000|100%| E|CS|TAMS 0x000000008c800000, 0x000000008c800000| Complete 
| 201|0x000000008c900000, 0x000000008ca00000, 0x000000008ca00000|100%| E|CS|TAMS 0x000000008c900000, 0x000000008c900000| Complete 
| 202|0x000000008ca00000, 0x000000008cb00000, 0x000000008cb00000|100%| E|CS|TAMS 0x000000008ca00000, 0x000000008ca00000| Complete 
| 203|0x000000008cb00000, 0x000000008cc00000, 0x000000008cc00000|100%| E|CS|TAMS 0x000000008cb00000, 0x000000008cb00000| Complete 
| 204|0x000000008cc00000, 0x000000008cd00000, 0x000000008cd00000|100%| E|CS|TAMS 0x000000008cc00000, 0x000000008cc00000| Complete 
| 205|0x000000008cd00000, 0x000000008ce00000, 0x000000008ce00000|100%| E|CS|TAMS 0x000000008cd00000, 0x000000008cd00000| Complete 
| 206|0x000000008ce00000, 0x000000008cf00000, 0x000000008cf00000|100%| E|CS|TAMS 0x000000008ce00000, 0x000000008ce00000| Complete 
| 207|0x000000008cf00000, 0x000000008d000000, 0x000000008d000000|100%| E|CS|TAMS 0x000000008cf00000, 0x000000008cf00000| Complete 
| 208|0x000000008d000000, 0x000000008d100000, 0x000000008d100000|100%| E|CS|TAMS 0x000000008d000000, 0x000000008d000000| Complete 
| 209|0x000000008d100000, 0x000000008d200000, 0x000000008d200000|100%| E|CS|TAMS 0x000000008d100000, 0x000000008d100000| Complete 
| 210|0x000000008d200000, 0x000000008d300000, 0x000000008d300000|100%| E|CS|TAMS 0x000000008d200000, 0x000000008d200000| Complete 
| 211|0x000000008d300000, 0x000000008d400000, 0x000000008d400000|100%| E|CS|TAMS 0x000000008d300000, 0x000000008d300000| Complete 
| 212|0x000000008d400000, 0x000000008d500000, 0x000000008d500000|100%| E|CS|TAMS 0x000000008d400000, 0x000000008d400000| Complete 
| 213|0x000000008d500000, 0x000000008d600000, 0x000000008d600000|100%| E|CS|TAMS 0x000000008d500000, 0x000000008d500000| Complete 
| 214|0x000000008d600000, 0x000000008d700000, 0x000000008d700000|100%| E|CS|TAMS 0x000000008d600000, 0x000000008d600000| Complete 
| 215|0x000000008d700000, 0x000000008d800000, 0x000000008d800000|100%| E|CS|TAMS 0x000000008d700000, 0x000000008d700000| Complete 
| 216|0x000000008d800000, 0x000000008d900000, 0x000000008d900000|100%| E|CS|TAMS 0x000000008d800000, 0x000000008d800000| Complete 
| 217|0x000000008d900000, 0x000000008da00000, 0x000000008da00000|100%| E|CS|TAMS 0x000000008d900000, 0x000000008d900000| Complete 
| 218|0x000000008da00000, 0x000000008db00000, 0x000000008db00000|100%| E|CS|TAMS 0x000000008da00000, 0x000000008da00000| Complete 
| 219|0x000000008db00000, 0x000000008dc00000, 0x000000008dc00000|100%| E|CS|TAMS 0x000000008db00000, 0x000000008db00000| Complete 
| 220|0x000000008dc00000, 0x000000008dd00000, 0x000000008dd00000|100%| E|CS|TAMS 0x000000008dc00000, 0x000000008dc00000| Complete 
| 221|0x000000008dd00000, 0x000000008de00000, 0x000000008de00000|100%| E|CS|TAMS 0x000000008dd00000, 0x000000008dd00000| Complete 
| 222|0x000000008de00000, 0x000000008df00000, 0x000000008df00000|100%| E|CS|TAMS 0x000000008de00000, 0x000000008de00000| Complete 
| 223|0x000000008df00000, 0x000000008e000000, 0x000000008e000000|100%| E|CS|TAMS 0x000000008df00000, 0x000000008df00000| Complete 
| 224|0x000000008e000000, 0x000000008e100000, 0x000000008e100000|100%| E|CS|TAMS 0x000000008e000000, 0x000000008e000000| Complete 
| 225|0x000000008e100000, 0x000000008e200000, 0x000000008e200000|100%| E|CS|TAMS 0x000000008e100000, 0x000000008e100000| Complete 
| 226|0x000000008e200000, 0x000000008e300000, 0x000000008e300000|100%| E|CS|TAMS 0x000000008e200000, 0x000000008e200000| Complete 
| 227|0x000000008e300000, 0x000000008e400000, 0x000000008e400000|100%| E|CS|TAMS 0x000000008e300000, 0x000000008e300000| Complete 
| 228|0x000000008e400000, 0x000000008e500000, 0x000000008e500000|100%| E|CS|TAMS 0x000000008e400000, 0x000000008e400000| Complete 
| 229|0x000000008e500000, 0x000000008e600000, 0x000000008e600000|100%| E|CS|TAMS 0x000000008e500000, 0x000000008e500000| Complete 
| 230|0x000000008e600000, 0x000000008e700000, 0x000000008e700000|100%| E|CS|TAMS 0x000000008e600000, 0x000000008e600000| Complete 
| 231|0x000000008e700000, 0x000000008e800000, 0x000000008e800000|100%| E|CS|TAMS 0x000000008e700000, 0x000000008e700000| Complete 
| 232|0x000000008e800000, 0x000000008e900000, 0x000000008e900000|100%| E|CS|TAMS 0x000000008e800000, 0x000000008e800000| Complete 
| 233|0x000000008e900000, 0x000000008ea00000, 0x000000008ea00000|100%| E|CS|TAMS 0x000000008e900000, 0x000000008e900000| Complete 
| 234|0x000000008ea00000, 0x000000008eb00000, 0x000000008eb00000|100%| E|CS|TAMS 0x000000008ea00000, 0x000000008ea00000| Complete 
| 235|0x000000008eb00000, 0x000000008ec00000, 0x000000008ec00000|100%| E|CS|TAMS 0x000000008eb00000, 0x000000008eb00000| Complete 
| 236|0x000000008ec00000, 0x000000008ed00000, 0x000000008ed00000|100%| E|CS|TAMS 0x000000008ec00000, 0x000000008ec00000| Complete 
| 237|0x000000008ed00000, 0x000000008ee00000, 0x000000008ee00000|100%| E|CS|TAMS 0x000000008ed00000, 0x000000008ed00000| Complete 
| 238|0x000000008ee00000, 0x000000008ef00000, 0x000000008ef00000|100%| E|CS|TAMS 0x000000008ee00000, 0x000000008ee00000| Complete 
| 239|0x000000008ef00000, 0x000000008f000000, 0x000000008f000000|100%| E|CS|TAMS 0x000000008ef00000, 0x000000008ef00000| Complete 
| 240|0x000000008f000000, 0x000000008f100000, 0x000000008f100000|100%| E|CS|TAMS 0x000000008f000000, 0x000000008f000000| Complete 
| 241|0x000000008f100000, 0x000000008f200000, 0x000000008f200000|100%| E|CS|TAMS 0x000000008f100000, 0x000000008f100000| Complete 
| 242|0x000000008f200000, 0x000000008f300000, 0x000000008f300000|100%| E|CS|TAMS 0x000000008f200000, 0x000000008f200000| Complete 
| 243|0x000000008f300000, 0x000000008f400000, 0x000000008f400000|100%| E|CS|TAMS 0x000000008f300000, 0x000000008f300000| Complete 
| 244|0x000000008f400000, 0x000000008f500000, 0x000000008f500000|100%| E|CS|TAMS 0x000000008f400000, 0x000000008f400000| Complete 
| 245|0x000000008f500000, 0x000000008f600000, 0x000000008f600000|100%| E|CS|TAMS 0x000000008f500000, 0x000000008f500000| Complete 
| 246|0x000000008f600000, 0x000000008f700000, 0x000000008f700000|100%| E|CS|TAMS 0x000000008f600000, 0x000000008f600000| Complete 
| 247|0x000000008f700000, 0x000000008f800000, 0x000000008f800000|100%| E|CS|TAMS 0x000000008f700000, 0x000000008f700000| Complete 

Card table byte_map: [0x000002013e700000,0x000002013eb00000] _byte_map_base: 0x000002013e300000

Marking Bits (Prev, Next): (CMBitMap*) 0x000002012bb6fb20, (CMBitMap*) 0x000002012bb6fae0
 Prev Bits: [0x0000020140f00000, 0x0000020142f00000)
 Next Bits: [0x000002013ef00000, 0x0000020140f00000)

Polling page: 0x0000020129c60000

Metaspace:

Usage:
  Non-class:     81.23 MB used.
      Class:     12.71 MB used.
       Both:     93.94 MB used.

Virtual space:
  Non-class space:       88.00 MB reserved,      81.56 MB ( 93%) committed,  11 nodes.
      Class space:        1.00 GB reserved,      13.00 MB (  1%) committed,  1 nodes.
             Both:        1.09 GB reserved,      94.56 MB (  9%) committed. 

Chunk freelists:
   Non-Class:  2.20 MB
       Class:  2.95 MB
        Both:  5.15 MB

MaxMetaspaceSize: unlimited
CompressedClassSpaceSize: 1.00 GB
Initial GC threshold: 21.00 MB
Current GC threshold: 109.31 MB
CDS: off
MetaspaceReclaimPolicy: balanced
 - commit_granule_bytes: 65536.
 - commit_granule_words: 8192.
 - virtual_space_node_default_size: 1048576.
 - enlarge_chunks_in_place: 1.
 - new_chunks_are_fully_committed: 0.
 - uncommit_free_chunks: 1.
 - use_allocation_guard: 0.
 - handle_deallocations: 1.


Internal statistics:

num_allocs_failed_limit: 6.
num_arena_births: 882.
num_arena_deaths: 0.
num_vsnodes_births: 12.
num_vsnodes_deaths: 0.
num_space_committed: 1513.
num_space_uncommitted: 0.
num_chunks_returned_to_freelist: 6.
num_chunks_taken_from_freelist: 4382.
num_chunk_merges: 6.
num_chunk_splits: 2928.
num_chunks_enlarged: 1990.
num_purges: 0.
num_inconsistent_stats: 0.

CodeHeap 'non-profiled nmethods': size=120000Kb used=4067Kb max_used=4068Kb free=115932Kb
 bounds [0x0000020136aa0000, 0x0000020136ea0000, 0x000002013dfd0000]
CodeHeap 'profiled nmethods': size=120000Kb used=16827Kb max_used=16827Kb free=103173Kb
 bounds [0x000002012efd0000, 0x0000020130040000, 0x0000020136500000]
CodeHeap 'non-nmethods': size=5760Kb used=2389Kb max_used=2433Kb free=3370Kb
 bounds [0x0000020136500000, 0x0000020136770000, 0x0000020136aa0000]
 total_blobs=9719 nmethods=8794 adapters=837
 compilation: enabled
              stopped_count=0, restarted_count=0
 full_count=0

Compilation events (20 events):
Event: 21.834 Thread 0x000002014643a910 9816       3       org.gradle.api.internal.artifacts.ivyservice.resolveengine.graph.conflicts.ConflictContainer::newElement (108 bytes)
Event: 21.836 Thread 0x000002014643a910 nmethod 9816 0x000002013000a290 code [0x000002013000a560, 0x000002013000b4f8]
Event: 21.836 Thread 0x000002014643a910 9818       3       org.gradle.api.internal.artifacts.ivyservice.DefaultArtifactCaches$LateInitWritableArtifactCacheLockingManager::useCache (9 bytes)
Event: 21.836 Thread 0x000002014643a910 nmethod 9818 0x000002013000b990 code [0x000002013000bb40, 0x000002013000bdb8]
Event: 21.836 Thread 0x000002014643a910 9819       3       org.gradle.api.internal.artifacts.ivyservice.WritableArtifactCacheLockingManager$CacheLockingPersistentCache::getIfPresent (20 bytes)
Event: 21.837 Thread 0x000002014643a910 nmethod 9819 0x000002013000bf10 code [0x000002013000c120, 0x000002013000c838]
Event: 21.837 Thread 0x000002014643a910 9820       3       org.gradle.api.internal.artifacts.ivyservice.WritableArtifactCacheLockingManager$CacheLockingPersistentCache$$Lambda$592/0x000000010068d458::<init> (15 bytes)
Event: 21.837 Thread 0x000002014643a910 nmethod 9820 0x000002013000cb10 code [0x000002013000ccc0, 0x000002013000ced8]
Event: 21.837 Thread 0x000002014643a910 9821       3       org.gradle.api.internal.artifacts.ivyservice.WritableArtifactCacheLockingManager$CacheLockingPersistentCache$$Lambda$592/0x000000010068d458::create (12 bytes)
Event: 21.837 Thread 0x000002014643a910 nmethod 9821 0x000002013000cf90 code [0x000002013000d140, 0x000002013000d388]
Event: 21.838 Thread 0x000002014643a910 9823       3       org.gradle.api.internal.artifacts.ivyservice.resolveengine.graph.builder.DependencyGraphBuilder::attachToTargetRevisionsSerially (47 bytes)
Event: 21.838 Thread 0x000002014643a910 nmethod 9823 0x000002013000d490 code [0x000002013000d680, 0x000002013000dca8]
Event: 21.838 Thread 0x000002014643a910 9824       3       org.gradle.internal.snapshot.impl.AbstractScalarValueSnapshot::equals (41 bytes)
Event: 21.839 Thread 0x000002014643a910 nmethod 9824 0x000002013000de90 code [0x000002013000e060, 0x000002013000e468]
Event: 21.839 Thread 0x000002014643a910 9822       3       org.gradle.api.internal.artifacts.ivyservice.WritableArtifactCacheLockingManager$CacheLockingPersistentCache::lambda$getIfPresent$0 (11 bytes)
Event: 21.839 Thread 0x000002014643a910 nmethod 9822 0x000002013000e590 code [0x000002013000e740, 0x000002013000e908]
Event: 21.839 Thread 0x000002014643a910 9825       3       org.gradle.api.internal.artifacts.ivyservice.resolveengine.graph.builder.ComponentState::getMetadata (14 bytes)
Event: 21.840 Thread 0x000002014643a910 nmethod 9825 0x000002013000ea10 code [0x000002013000ebc0, 0x000002013000ede8]
Event: 21.844 Thread 0x000002014643a910 9826       3       org.gradle.internal.component.external.model.GradleDependencyMetadata::getSelector (5 bytes)
Event: 21.844 Thread 0x000002014643a910 nmethod 9826 0x000002013000ef10 code [0x000002013000f0a0, 0x000002013000f1b8]

GC Heap History (20 events):
Event: 11.943 GC heap before
{Heap before GC invocations=23 (full 0):
 garbage-first heap   total 97280K, used 58560K [0x0000000080000000, 0x0000000100000000)
  region size 1024K, 4 young (4096K), 1 survivors (1024K)
 Metaspace       used 58294K, committed 58752K, reserved 1105920K
  class space    used 7678K, committed 7872K, reserved 1048576K
}
Event: 11.945 GC heap after
{Heap after GC invocations=24 (full 0):
 garbage-first heap   total 97280K, used 55114K [0x0000000080000000, 0x0000000100000000)
  region size 1024K, 1 young (1024K), 1 survivors (1024K)
 Metaspace       used 58294K, committed 58752K, reserved 1105920K
  class space    used 7678K, committed 7872K, reserved 1048576K
}
Event: 12.518 GC heap before
{Heap before GC invocations=24 (full 0):
 garbage-first heap   total 97280K, used 74570K [0x0000000080000000, 0x0000000100000000)
  region size 1024K, 20 young (20480K), 1 survivors (1024K)
 Metaspace       used 61776K, committed 62336K, reserved 1105920K
  class space    used 8140K, committed 8384K, reserved 1048576K
}
Event: 12.522 GC heap after
{Heap after GC invocations=25 (full 0):
 garbage-first heap   total 97280K, used 56336K [0x0000000080000000, 0x0000000100000000)
  region size 1024K, 2 young (2048K), 2 survivors (2048K)
 Metaspace       used 61776K, committed 62336K, reserved 1105920K
  class space    used 8140K, committed 8384K, reserved 1048576K
}
Event: 12.943 GC heap before
{Heap before GC invocations=26 (full 0):
 garbage-first heap   total 101376K, used 79888K [0x0000000080000000, 0x0000000100000000)
  region size 1024K, 21 young (21504K), 2 survivors (2048K)
 Metaspace       used 63863K, committed 64384K, reserved 1105920K
  class space    used 8401K, committed 8640K, reserved 1048576K
}
Event: 12.949 GC heap after
{Heap after GC invocations=27 (full 0):
 garbage-first heap   total 121856K, used 63460K [0x0000000080000000, 0x0000000100000000)
  region size 1024K, 3 young (3072K), 3 survivors (3072K)
 Metaspace       used 63863K, committed 64384K, reserved 1105920K
  class space    used 8401K, committed 8640K, reserved 1048576K
}
Event: 12.959 GC heap before
{Heap before GC invocations=27 (full 0):
 garbage-first heap   total 121856K, used 67556K [0x0000000080000000, 0x0000000100000000)
  region size 1024K, 5 young (5120K), 3 survivors (3072K)
 Metaspace       used 63875K, committed 64448K, reserved 1105920K
  class space    used 8403K, committed 8640K, reserved 1048576K
}
Event: 12.963 GC heap after
{Heap after GC invocations=28 (full 0):
 garbage-first heap   total 121856K, used 64917K [0x0000000080000000, 0x0000000100000000)
  region size 1024K, 1 young (1024K), 1 survivors (1024K)
 Metaspace       used 63875K, committed 64448K, reserved 1105920K
  class space    used 8403K, committed 8640K, reserved 1048576K
}
Event: 13.492 GC heap before
{Heap before GC invocations=28 (full 0):
 garbage-first heap   total 121856K, used 92565K [0x0000000080000000, 0x0000000100000000)
  region size 1024K, 28 young (28672K), 1 survivors (1024K)
 Metaspace       used 66549K, committed 67072K, reserved 1114112K
  class space    used 8735K, committed 8960K, reserved 1048576K
}
Event: 13.495 GC heap after
{Heap after GC invocations=29 (full 0):
 garbage-first heap   total 121856K, used 66319K [0x0000000080000000, 0x0000000100000000)
  region size 1024K, 3 young (3072K), 3 survivors (3072K)
 Metaspace       used 66549K, committed 67072K, reserved 1114112K
  class space    used 8735K, committed 8960K, reserved 1048576K
}
Event: 14.042 GC heap before
{Heap before GC invocations=30 (full 0):
 garbage-first heap   total 121856K, used 91919K [0x0000000080000000, 0x0000000100000000)
  region size 1024K, 30 young (30720K), 3 survivors (3072K)
 Metaspace       used 69375K, committed 69888K, reserved 1114112K
  class space    used 9095K, committed 9344K, reserved 1048576K
}
Event: 14.047 GC heap after
{Heap after GC invocations=31 (full 0):
 garbage-first heap   total 121856K, used 64235K [0x0000000080000000, 0x0000000100000000)
  region size 1024K, 4 young (4096K), 4 survivors (4096K)
 Metaspace       used 69375K, committed 69888K, reserved 1114112K
  class space    used 9095K, committed 9344K, reserved 1048576K
}
Event: 14.057 GC heap before
{Heap before GC invocations=31 (full 0):
 garbage-first heap   total 121856K, used 65259K [0x0000000080000000, 0x0000000100000000)
  region size 1024K, 5 young (5120K), 4 survivors (4096K)
 Metaspace       used 69375K, committed 69888K, reserved 1114112K
  class space    used 9095K, committed 9344K, reserved 1048576K
}
Event: 14.061 GC heap after
{Heap after GC invocations=32 (full 0):
 garbage-first heap   total 121856K, used 64247K [0x0000000080000000, 0x0000000100000000)
  region size 1024K, 1 young (1024K), 1 survivors (1024K)
 Metaspace       used 69375K, committed 69888K, reserved 1114112K
  class space    used 9095K, committed 9344K, reserved 1048576K
}
Event: 14.716 GC heap before
{Heap before GC invocations=32 (full 0):
 garbage-first heap   total 121856K, used 93943K [0x0000000080000000, 0x0000000100000000)
  region size 1024K, 30 young (30720K), 1 survivors (1024K)
 Metaspace       used 71938K, committed 72512K, reserved 1114112K
  class space    used 9452K, committed 9728K, reserved 1048576K
}
Event: 14.721 GC heap after
{Heap after GC invocations=33 (full 0):
 garbage-first heap   total 253952K, used 66146K [0x0000000080000000, 0x0000000100000000)
  region size 1024K, 3 young (3072K), 3 survivors (3072K)
 Metaspace       used 71938K, committed 72512K, reserved 1114112K
  class space    used 9452K, committed 9728K, reserved 1048576K
}
Event: 17.035 GC heap before
{Heap before GC invocations=33 (full 0):
 garbage-first heap   total 253952K, used 175714K [0x0000000080000000, 0x0000000100000000)
  region size 1024K, 110 young (112640K), 3 survivors (3072K)
 Metaspace       used 81943K, committed 82560K, reserved 1122304K
  class space    used 11035K, committed 11328K, reserved 1048576K
}
Event: 17.059 GC heap after
{Heap after GC invocations=34 (full 0):
 garbage-first heap   total 253952K, used 72959K [0x0000000080000000, 0x0000000100000000)
  region size 1024K, 10 young (10240K), 10 survivors (10240K)
 Metaspace       used 81943K, committed 82560K, reserved 1122304K
  class space    used 11035K, committed 11328K, reserved 1048576K
}
Event: 20.299 GC heap before
{Heap before GC invocations=34 (full 0):
 garbage-first heap   total 253952K, used 188671K [0x0000000080000000, 0x0000000100000000)
  region size 1024K, 123 young (125952K), 10 survivors (10240K)
 Metaspace       used 92834K, committed 93504K, reserved 1130496K
  class space    used 12591K, committed 12928K, reserved 1048576K
}
Event: 20.330 GC heap after
{Heap after GC invocations=35 (full 0):
 garbage-first heap   total 253952K, used 82792K [0x0000000080000000, 0x0000000100000000)
  region size 1024K, 16 young (16384K), 16 survivors (16384K)
 Metaspace       used 92834K, committed 93504K, reserved 1130496K
  class space    used 12591K, committed 12928K, reserved 1048576K
}

Dll operation events (2 events):
Event: 0.013 Loaded shared library C:\Program Files\Android\Android Studio1\jbr\bin\java.dll
Event: 0.626 Loaded shared library C:\Program Files\Android\Android Studio1\jbr\bin\verify.dll

Deoptimization events (20 events):
Event: 21.438 Thread 0x000002014b25be00 Uncommon trap: trap_request=0xffffffde fr.pc=0x0000020136c43f80 relative=0x0000000000000060
Event: 21.439 Thread 0x000002014b25be00 Uncommon trap: reason=class_check action=maybe_recompile pc=0x0000020136c43f80 method=java.util.stream.StreamOpFlag.fromCharacteristics(Ljava/util/Spliterator;)I @ 14 c2
Event: 21.439 Thread 0x000002014b25be00 DEOPT PACKING pc=0x0000020136c43f80 sp=0x00000082094fd0b0
Event: 21.439 Thread 0x000002014b25be00 DEOPT UNPACKING pc=0x00000201365569a3 sp=0x00000082094fd048 mode 2
Event: 21.439 Thread 0x000002014b25be00 Uncommon trap: trap_request=0xffffffde fr.pc=0x0000020136c43f80 relative=0x0000000000000060
Event: 21.439 Thread 0x000002014b25be00 Uncommon trap: reason=class_check action=maybe_recompile pc=0x0000020136c43f80 method=java.util.stream.StreamOpFlag.fromCharacteristics(Ljava/util/Spliterator;)I @ 14 c2
Event: 21.439 Thread 0x000002014b25be00 DEOPT PACKING pc=0x0000020136c43f80 sp=0x00000082094fd0b0
Event: 21.439 Thread 0x000002014b25be00 DEOPT UNPACKING pc=0x00000201365569a3 sp=0x00000082094fd048 mode 2
Event: 21.440 Thread 0x000002014b25be00 Uncommon trap: trap_request=0xffffffde fr.pc=0x0000020136be0218 relative=0x0000000000000078
Event: 21.440 Thread 0x000002014b25be00 Uncommon trap: reason=class_check action=maybe_recompile pc=0x0000020136be0218 method=java.util.Collections$SetFromMap.remove(Ljava/lang/Object;)Z @ 5 c2
Event: 21.440 Thread 0x000002014b25be00 DEOPT PACKING pc=0x0000020136be0218 sp=0x00000082094fd8a0
Event: 21.440 Thread 0x000002014b25be00 DEOPT UNPACKING pc=0x00000201365569a3 sp=0x00000082094fd838 mode 2
Event: 21.480 Thread 0x000002014b25be00 Uncommon trap: trap_request=0xffffff45 fr.pc=0x0000020136adbdc8 relative=0x0000000000000688
Event: 21.480 Thread 0x000002014b25be00 Uncommon trap: reason=unstable_if action=reinterpret pc=0x0000020136adbdc8 method=java.lang.ThreadLocal$ThreadLocalMap.set(Ljava/lang/ThreadLocal;Ljava/lang/Object;)V @ 125 c2
Event: 21.480 Thread 0x000002014b25be00 DEOPT PACKING pc=0x0000020136adbdc8 sp=0x00000082094fa380
Event: 21.480 Thread 0x000002014b25be00 DEOPT UNPACKING pc=0x00000201365569a3 sp=0x00000082094fa330 mode 2
Event: 21.490 Thread 0x000002014ab5df90 DEOPT PACKING pc=0x000002012f2f73ba sp=0x0000008208ffda20
Event: 21.490 Thread 0x000002014ab5df90 DEOPT UNPACKING pc=0x0000020136557143 sp=0x0000008208ffce98 mode 0
Event: 21.825 Thread 0x000002014b25be00 DEOPT PACKING pc=0x000002012f9cffc3 sp=0x00000082094f74f0
Event: 21.825 Thread 0x000002014b25be00 DEOPT UNPACKING pc=0x0000020136557143 sp=0x00000082094f6978 mode 0

Classes unloaded (0 events):
No events

Classes redefined (0 events):
No events

Internal exceptions (20 events):
Event: 21.029 Thread 0x0000020147bdaa30 Exception <a 'java/lang/NoSuchMethodError'{0x000000008c902768}: 'void java.lang.invoke.DirectMethodHandle$Holder.invokeSpecial(java.lang.Object, java.lang.Object, java.lang.Object, int)'> (0x000000008c902768) 
thrown [s\src\hotspot\share\interpreter\linkResolver.cpp, line 771]
Event: 21.096 Thread 0x0000020147bdaa30 Exception <a 'sun/nio/fs/WindowsException'{0x000000008c7189e8}> (0x000000008c7189e8) 
thrown [s\src\hotspot\share\prims\jni.cpp, line 517]
Event: 21.110 Thread 0x0000020147bdaa30 Exception <a 'java/lang/NoSuchMethodError'{0x000000008c74ce48}: 'java.lang.Object java.lang.invoke.DirectMethodHandle$Holder.newInvokeSpecial(java.lang.Object, java.lang.Object, java.lang.Object, java.lang.Object, int, java.lang.Object)'> (0x000000008c74ce48) 
thrown [s\src\hotspot\share\interpreter\linkResolver.cpp, line 771]
Event: 21.111 Thread 0x0000020147bdaa30 Exception <a 'java/lang/NoSuchMethodError'{0x000000008c751c50}: 'java.lang.Object java.lang.invoke.Invokers$Holder.linkToTargetMethod(java.lang.Object, java.lang.Object, java.lang.Object, int, java.lang.Object, java.lang.Object)'> (0x000000008c751c50) 
thrown [s\src\hotspot\share\interpreter\linkResolver.cpp, line 771]
Event: 21.235 Thread 0x000002014b25be00 Exception <a 'java/lang/NoSuchMethodError'{0x000000008c554528}: 'void java.lang.invoke.DirectMethodHandle$Holder.invokeInterface(java.lang.Object, java.lang.Object, java.lang.Object, java.lang.Object)'> (0x000000008c554528) 
thrown [s\src\hotspot\share\interpreter\linkResolver.cpp, line 771]
Event: 21.298 Thread 0x0000020147bd7540 Exception <a 'java/lang/NoSuchMethodError'{0x000000008c1c3da0}: static Lorg/gradle/internal/build/event/types/DefaultTaskStartedProgressEvent;.<clinit>()V> (0x000000008c1c3da0) 
thrown [s\src\hotspot\share\prims\jni.cpp, line 1108]
Event: 21.300 Thread 0x0000020147bd7540 Exception <a 'java/lang/NoSuchMethodError'{0x000000008c1d0360}: static Lorg/gradle/internal/build/event/types/DefaultTaskDescriptor;.<clinit>()V> (0x000000008c1d0360) 
thrown [s\src\hotspot\share\prims\jni.cpp, line 1108]
Event: 21.310 Thread 0x000002014b25be00 Exception <a 'java/lang/IncompatibleClassChangeError'{0x000000008c197738}: Found class java.lang.Object, but interface was expected> (0x000000008c197738) 
thrown [s\src\hotspot\share\interpreter\linkResolver.cpp, line 838]
Event: 21.371 Thread 0x000002014b25be00 Exception <a 'java/lang/IncompatibleClassChangeError'{0x000000008c0cd0e0}: Found class java.lang.Object, but interface was expected> (0x000000008c0cd0e0) 
thrown [s\src\hotspot\share\interpreter\linkResolver.cpp, line 838]
Event: 21.410 Thread 0x000002014b25be00 Exception <a 'java/lang/NoSuchMethodError'{0x000000008be96d48}: 'int java.lang.invoke.DirectMethodHandle$Holder.invokeStaticInit(java.lang.Object, java.lang.Object, java.lang.Object, java.lang.Object, java.lang.Object)'> (0x000000008be96d48) 
thrown [s\src\hotspot\share\interpreter\linkResolver.cpp, line 771]
Event: 21.438 Thread 0x0000020147bd7540 Exception <a 'java/lang/NoSuchMethodError'{0x000000008bd92810}: static Lorg/gradle/internal/build/event/types/DefaultTaskFinishedProgressEvent;.<clinit>()V> (0x000000008bd92810) 
thrown [s\src\hotspot\share\prims\jni.cpp, line 1108]
Event: 21.441 Thread 0x0000020147bd7540 Exception <a 'java/lang/NoSuchMethodError'{0x000000008bda7608}: static Lorg/gradle/internal/build/event/types/DefaultTaskSuccessResult;.<clinit>()V> (0x000000008bda7608) 
thrown [s\src\hotspot\share\prims\jni.cpp, line 1108]
Event: 21.441 Thread 0x0000020147bd7540 Exception <a 'java/lang/NoSuchMethodError'{0x000000008bda8d10}: static Lorg/gradle/internal/build/event/types/AbstractTaskResult;.<clinit>()V> (0x000000008bda8d10) 
thrown [s\src\hotspot\share\prims\jni.cpp, line 1108]
Event: 21.458 Thread 0x000002014b25be00 Exception <a 'sun/nio/fs/WindowsException'{0x000000008bc1dd58}> (0x000000008bc1dd58) 
thrown [s\src\hotspot\share\prims\jni.cpp, line 517]
Event: 21.471 Thread 0x0000020147bd7540 Exception <a 'java/lang/NoSuchMethodError'{0x000000008bb09428}: static Lorg/gradle/internal/build/event/types/DefaultTaskSkippedResult;.<clinit>()V> (0x000000008bb09428) 
thrown [s\src\hotspot\share\prims\jni.cpp, line 1108]
Event: 21.484 Thread 0x000002014ab5df90 Exception <a 'java/lang/NoSuchMethodError'{0x000000008bb980a0}: static Lcom/android/buildanalyzer/common/AndroidGradlePluginAttributionData$BuildInfo;.<clinit>()V> (0x000000008bb980a0) 
thrown [s\src\hotspot\share\prims\jni.cpp, line 1108]
Event: 21.490 Thread 0x000002014ab5df90 Exception <a 'java/lang/NoSuchMethodError'{0x000000008bbae378}: static Lcom/android/buildanalyzer/common/AndroidGradlePluginAttributionData$JavaInfo;.<clinit>()V> (0x000000008bbae378) 
thrown [s\src\hotspot\share\prims\jni.cpp, line 1108]
Event: 21.497 Thread 0x000002014ab5df90 Exception <a 'java/lang/NoSuchMethodError'{0x000000008ba12510}: static [Ljava/lang/String;.<clinit>()V> (0x000000008ba12510) 
thrown [s\src\hotspot\share\prims\jni.cpp, line 1108]
Event: 21.499 Thread 0x000002014ab5df90 Exception <a 'java/lang/NoSuchMethodError'{0x000000008ba1dfb0}: static Lcom/android/buildanalyzer/common/AndroidGradlePluginAttributionData$TaskInfo;.<clinit>()V> (0x000000008ba1dfb0) 
thrown [s\src\hotspot\share\prims\jni.cpp, line 1108]
Event: 21.501 Thread 0x000002014ab5df90 Exception <a 'java/lang/NoSuchMethodError'{0x000000008ba2a940}: static Lcom/android/buildanalyzer/common/AndroidGradlePluginAttributionData$TaskCategoryInfo;.<clinit>()V> (0x000000008ba2a940) 
thrown [s\src\hotspot\share\prims\jni.cpp, line 1108]

VM Operations (20 events):
Event: 20.112 Executing VM operation: HandshakeAllThreads
Event: 20.112 Executing VM operation: HandshakeAllThreads done
Event: 20.299 Executing VM operation: G1CollectForAllocation
Event: 20.330 Executing VM operation: G1CollectForAllocation done
Event: 21.016 Executing VM operation: HandshakeAllThreads
Event: 21.017 Executing VM operation: HandshakeAllThreads done
Event: 21.225 Executing VM operation: HandshakeAllThreads
Event: 21.225 Executing VM operation: HandshakeAllThreads done
Event: 21.278 Executing VM operation: HandshakeAllThreads
Event: 21.278 Executing VM operation: HandshakeAllThreads done
Event: 21.280 Executing VM operation: HandshakeAllThreads
Event: 21.281 Executing VM operation: HandshakeAllThreads done
Event: 21.294 Executing VM operation: ICBufferFull
Event: 21.294 Executing VM operation: ICBufferFull done
Event: 21.385 Executing VM operation: HandshakeAllThreads
Event: 21.385 Executing VM operation: HandshakeAllThreads done
Event: 21.434 Executing VM operation: HandshakeAllThreads
Event: 21.435 Executing VM operation: HandshakeAllThreads done
Event: 21.740 Executing VM operation: ICBufferFull
Event: 21.741 Executing VM operation: ICBufferFull done

Events (20 events):
Event: 21.103 Thread 0x000002014b25f7c0 Thread added: 0x000002014b25f7c0
Event: 21.161 Thread 0x000002014b25be00 Thread added: 0x000002014b25be00
Event: 21.177 Thread 0x000002014b25fc90 Thread added: 0x000002014b25fc90
Event: 21.177 Thread 0x000002014b25e480 Thread added: 0x000002014b25e480
Event: 21.177 Thread 0x000002014b25a120 Thread added: 0x000002014b25a120
Event: 21.178 Thread 0x000002014b25c2d0 Thread added: 0x000002014b25c2d0
Event: 21.178 Thread 0x000002014b2614a0 Thread added: 0x000002014b2614a0
Event: 21.179 Thread 0x000002014b260160 Thread added: 0x000002014b260160
Event: 21.179 Thread 0x000002014b260630 Thread added: 0x000002014b260630
Event: 21.254 Thread 0x000002014b25c7a0 Thread added: 0x000002014b25c7a0
Event: 21.292 loading class java/util/TreeMap$KeySpliterator
Event: 21.292 loading class java/util/TreeMap$KeySpliterator done
Event: 21.484 loading class java/time/Clock
Event: 21.484 loading class java/time/InstantSource
Event: 21.485 loading class java/time/InstantSource done
Event: 21.485 loading class java/time/Clock done
Event: 21.485 loading class java/time/Clock$SystemClock
Event: 21.485 loading class java/time/Clock$SystemClock done
Event: 21.496 loading class java/io/ObjectStreamClass$ExceptionInfo
Event: 21.496 loading class java/io/ObjectStreamClass$ExceptionInfo done


Dynamic libraries:
0x00007ff6a57b0000 - 0x00007ff6a57ba000 	C:\Program Files\Android\Android Studio1\jbr\bin\java.exe
0x00007ffb38290000 - 0x00007ffb384a6000 	C:\WINDOWS\SYSTEM32\ntdll.dll
0x00007ffb37860000 - 0x00007ffb37924000 	C:\WINDOWS\System32\KERNEL32.DLL
0x00007ffb35860000 - 0x00007ffb35c07000 	C:\WINDOWS\System32\KERNELBASE.dll
0x00007ffb355b0000 - 0x00007ffb356c1000 	C:\WINDOWS\System32\ucrtbase.dll
0x00007ffb03540000 - 0x00007ffb03557000 	C:\Program Files\Android\Android Studio1\jbr\bin\jli.dll
0x00007ffb01b20000 - 0x00007ffb01b3b000 	C:\Program Files\Android\Android Studio1\jbr\bin\VCRUNTIME140.dll
0x00007ffb36c70000 - 0x00007ffb36e1e000 	C:\WINDOWS\System32\USER32.dll
0x00007ffb35f90000 - 0x00007ffb35fb6000 	C:\WINDOWS\System32\win32u.dll
0x00007ffb1abc0000 - 0x00007ffb1ae53000 	C:\WINDOWS\WinSxS\amd64_microsoft.windows.common-controls_6595b64144ccf1df_6.0.22621.3235_none_270f74e173860f98\COMCTL32.dll
0x00007ffb368d0000 - 0x00007ffb368f9000 	C:\WINDOWS\System32\GDI32.dll
0x00007ffb36ae0000 - 0x00007ffb36b87000 	C:\WINDOWS\System32\msvcrt.dll
0x00007ffb35d80000 - 0x00007ffb35e99000 	C:\WINDOWS\System32\gdi32full.dll
0x00007ffb357c0000 - 0x00007ffb3585a000 	C:\WINDOWS\System32\msvcp_win.dll
0x00007ffb372e0000 - 0x00007ffb37311000 	C:\WINDOWS\System32\IMM32.DLL
0x00007ffb16870000 - 0x00007ffb1687c000 	C:\Program Files\Android\Android Studio1\jbr\bin\vcruntime140_1.dll
0x00007ffaeb8f0000 - 0x00007ffaeb97d000 	C:\Program Files\Android\Android Studio1\jbr\bin\msvcp140.dll
0x00007ffaac270000 - 0x00007ffaacedd000 	C:\Program Files\Android\Android Studio1\jbr\bin\server\jvm.dll
0x00007ffb37320000 - 0x00007ffb373d2000 	C:\WINDOWS\System32\ADVAPI32.dll
0x00007ffb36a30000 - 0x00007ffb36ad8000 	C:\WINDOWS\System32\sechost.dll
0x00007ffb35f60000 - 0x00007ffb35f88000 	C:\WINDOWS\System32\bcrypt.dll
0x00007ffb370d0000 - 0x00007ffb371e5000 	C:\WINDOWS\System32\RPCRT4.dll
0x00007ffb2e810000 - 0x00007ffb2e81a000 	C:\WINDOWS\SYSTEM32\VERSION.dll
0x00007ffb215f0000 - 0x00007ffb215f9000 	C:\WINDOWS\SYSTEM32\WSOCK32.dll
0x00007ffb2e820000 - 0x00007ffb2e854000 	C:\WINDOWS\SYSTEM32\WINMM.dll
0x00007ffb37930000 - 0x00007ffb379a1000 	C:\WINDOWS\System32\WS2_32.dll
0x00007ffb345f0000 - 0x00007ffb34608000 	C:\WINDOWS\SYSTEM32\kernel.appcore.dll
0x00007ffb32920000 - 0x00007ffb3292a000 	C:\Program Files\Android\Android Studio1\jbr\bin\jimage.dll
0x00007ffb32e10000 - 0x00007ffb33043000 	C:\WINDOWS\SYSTEM32\DBGHELP.DLL
0x00007ffb379b0000 - 0x00007ffb37d38000 	C:\WINDOWS\System32\combase.dll
0x00007ffb36b90000 - 0x00007ffb36c67000 	C:\WINDOWS\System32\OLEAUT32.dll
0x00007ffb2c770000 - 0x00007ffb2c7a2000 	C:\WINDOWS\SYSTEM32\dbgcore.DLL
0x00007ffb35740000 - 0x00007ffb357b9000 	C:\WINDOWS\System32\bcryptPrimitives.dll
0x00007ffb28360000 - 0x00007ffb28385000 	C:\Program Files\Android\Android Studio1\jbr\bin\java.dll
0x00007ffb2bd50000 - 0x00007ffb2bd68000 	C:\Program Files\Android\Android Studio1\jbr\bin\zip.dll
0x00007ffb35fc0000 - 0x00007ffb3681c000 	C:\WINDOWS\System32\SHELL32.dll
0x00007ffb33510000 - 0x00007ffb33e09000 	C:\WINDOWS\SYSTEM32\windows.storage.dll
0x00007ffb333d0000 - 0x00007ffb3350e000 	C:\WINDOWS\SYSTEM32\wintypes.dll
0x00007ffb36fd0000 - 0x00007ffb370c3000 	C:\WINDOWS\System32\SHCORE.dll
0x00007ffb371f0000 - 0x00007ffb3724e000 	C:\WINDOWS\System32\shlwapi.dll
0x00007ffb354e0000 - 0x00007ffb35501000 	C:\WINDOWS\SYSTEM32\profapi.dll
0x00007ffb2bb30000 - 0x00007ffb2bb49000 	C:\Program Files\Android\Android Studio1\jbr\bin\net.dll
0x00007ffb2b9f0000 - 0x00007ffb2bb26000 	C:\WINDOWS\SYSTEM32\WINHTTP.dll
0x00007ffb34a60000 - 0x00007ffb34ac9000 	C:\WINDOWS\system32\mswsock.dll
0x00007ffb2b5a0000 - 0x00007ffb2b5b6000 	C:\Program Files\Android\Android Studio1\jbr\bin\nio.dll
0x00007ffb2ad70000 - 0x00007ffb2ad80000 	C:\Program Files\Android\Android Studio1\jbr\bin\verify.dll
0x00007ffb0d250000 - 0x00007ffb0d277000 	C:\Users\ASHWANI KUMAR\.gradle\native\68d5fa5c4cc2d200863cafc0d521ce42e7d3e7ee720ec0a83991735586a16f82\windows-amd64\native-platform.dll
0x00007ffad3280000 - 0x00007ffad33c4000 	C:\Users\ASHWANI KUMAR\.gradle\native\e376f236ea51e6404a007f0833ffe2c6e607c4080706a723a18a27aeea778392\windows-amd64\native-platform-file-events.dll
0x00007ffb328c0000 - 0x00007ffb328c9000 	C:\Program Files\Android\Android Studio1\jbr\bin\management.dll
0x00007ffb321e0000 - 0x00007ffb321eb000 	C:\Program Files\Android\Android Studio1\jbr\bin\management_ext.dll
0x00007ffb36900000 - 0x00007ffb36908000 	C:\WINDOWS\System32\PSAPI.DLL
0x00007ffb34cc0000 - 0x00007ffb34cdb000 	C:\WINDOWS\SYSTEM32\CRYPTSP.dll
0x00007ffb34550000 - 0x00007ffb34585000 	C:\WINDOWS\system32\rsaenh.dll
0x00007ffb34b60000 - 0x00007ffb34b88000 	C:\WINDOWS\SYSTEM32\USERENV.dll
0x00007ffb34ce0000 - 0x00007ffb34cec000 	C:\WINDOWS\SYSTEM32\CRYPTBASE.dll
0x00007ffb34070000 - 0x00007ffb3409d000 	C:\WINDOWS\SYSTEM32\IPHLPAPI.DLL
0x00007ffb36910000 - 0x00007ffb36919000 	C:\WINDOWS\System32\NSI.dll
0x00007ffb29910000 - 0x00007ffb29929000 	C:\WINDOWS\SYSTEM32\dhcpcsvc6.DLL
0x00007ffb295c0000 - 0x00007ffb295df000 	C:\WINDOWS\SYSTEM32\dhcpcsvc.DLL
0x00007ffb340a0000 - 0x00007ffb34199000 	C:\WINDOWS\SYSTEM32\DNSAPI.dll
0x00007ffb25e80000 - 0x00007ffb25e88000 	C:\WINDOWS\system32\wshunix.dll
0x00007ffb1c3f0000 - 0x00007ffb1c407000 	C:\WINDOWS\system32\napinsp.dll
0x00007ffb1c3d0000 - 0x00007ffb1c3eb000 	C:\WINDOWS\system32\pnrpnsp.dll
0x00007ffb1c3b0000 - 0x00007ffb1c3c1000 	C:\WINDOWS\System32\winrnr.dll
0x00007ffb28b00000 - 0x00007ffb28b15000 	C:\WINDOWS\system32\wshbth.dll
0x00007ffb1c380000 - 0x00007ffb1c3a1000 	C:\WINDOWS\system32\nlansp_c.dll
0x00007ffb27050000 - 0x00007ffb2705a000 	C:\Windows\System32\rasadhlp.dll
0x00007ffb28a60000 - 0x00007ffb28ae3000 	C:\WINDOWS\System32\fwpuclnt.dll

dbghelp: loaded successfully - version: 4.0.5 - missing functions: none
symbol engine: initialized successfully - sym options: 0x614 - pdb path: .;C:\Program Files\Android\Android Studio1\jbr\bin;C:\WINDOWS\SYSTEM32;C:\WINDOWS\WinSxS\amd64_microsoft.windows.common-controls_6595b64144ccf1df_6.0.22621.3235_none_270f74e173860f98;C:\Program Files\Android\Android Studio1\jbr\bin\server;C:\Users\ASHWANI KUMAR\.gradle\native\68d5fa5c4cc2d200863cafc0d521ce42e7d3e7ee720ec0a83991735586a16f82\windows-amd64;C:\Users\ASHWANI KUMAR\.gradle\native\e376f236ea51e6404a007f0833ffe2c6e607c4080706a723a18a27aeea778392\windows-amd64

VM Arguments:
jvm_args: --add-opens=java.base/java.util=ALL-UNNAMED --add-opens=java.base/java.lang=ALL-UNNAMED --add-opens=java.base/java.lang.invoke=ALL-UNNAMED --add-opens=java.prefs/java.util.prefs=ALL-UNNAMED --add-opens=java.base/java.nio.charset=ALL-UNNAMED --add-opens=java.base/java.net=ALL-UNNAMED --add-opens=java.base/java.util.concurrent.atomic=ALL-UNNAMED -Xmx2048m -Dfile.encoding=UTF-8 -Duser.country=US -Duser.language=en -Duser.variant 
java_command: org.gradle.launcher.daemon.bootstrap.GradleDaemon 8.0
java_class_path (initial): C:\Users\ASHWANI KUMAR\.gradle\wrapper\dists\gradle-8.0-bin\ca5e32bp14vu59qr306oxotwh\gradle-8.0\lib\gradle-launcher-8.0.jar
Launcher Type: SUN_STANDARD

[Global flags]
     intx CICompilerCount                          = 4                                         {product} {ergonomic}
     uint ConcGCThreads                            = 2                                         {product} {ergonomic}
     uint G1ConcRefinementThreads                  = 8                                         {product} {ergonomic}
   size_t G1HeapRegionSize                         = 1048576                                   {product} {ergonomic}
    uintx GCDrainStackTargetSize                   = 64                                        {product} {ergonomic}
   size_t InitialHeapSize                          = 100663296                                 {product} {ergonomic}
   size_t MarkStackSize                            = 4194304                                   {product} {ergonomic}
   size_t MaxHeapSize                              = 2147483648                                {product} {command line}
   size_t MaxNewSize                               = 1287651328                                {product} {ergonomic}
   size_t MinHeapDeltaBytes                        = 1048576                                   {product} {ergonomic}
   size_t MinHeapSize                              = 8388608                                   {product} {ergonomic}
    uintx NonNMethodCodeHeapSize                   = 5839372                                {pd product} {ergonomic}
    uintx NonProfiledCodeHeapSize                  = 122909434                              {pd product} {ergonomic}
    uintx ProfiledCodeHeapSize                     = 122909434                              {pd product} {ergonomic}
    uintx ReservedCodeCacheSize                    = 251658240                              {pd product} {ergonomic}
     bool SegmentedCodeCache                       = true                                      {product} {ergonomic}
   size_t SoftMaxHeapSize                          = 2147483648                             {manageable} {ergonomic}
     bool UseCompressedClassPointers               = true                           {product lp64_product} {ergonomic}
     bool UseCompressedOops                        = true                           {product lp64_product} {ergonomic}
     bool UseG1GC                                  = true                                      {product} {ergonomic}
     bool UseLargePagesIndividualAllocation        = false                                  {pd product} {ergonomic}

Logging:
Log output configuration:
 #0: stdout all=warning uptime,level,tags
 #1: stderr all=off uptime,level,tags

Environment Variables:
JAVA_HOME=C:\Program Files\Java;C:\Program Files\Java\jdk-15;C:\Program Files\Java\jdk-15\bin
PATH=C:\Oracle21\dbhomeXE\bin;C:\Program Files\Common Files\Oracle\Java\javapath;C:\Program Files (x86)\Common Files\Oracle\Java\javapath;C:\Program Files (x86)\Python38-32\Scripts\;C:\Program Files (x86)\Python38-32\;C:\WINDOWS\system32;C:\WINDOWS;C:\WINDOWS\System32\Wbem;C:\WINDOWS\System32\WindowsPowerShell\v1.0\;C:\WINDOWS\System32\OpenSSH\;C:\Program Files\Intel\WiFi\bin\;C:\Program Files\Common Files\Intel\WirelessCommon\;C:\Program Files\Git\cmd;C:\Program Files\Geth;C:\Program Files\MATLAB\R2019b\bin;C:\Program Files\nodejs\;C:\Program Files\MySQL\MySQL Shell 8.0\bin\;C:\Users\ASHWANI KUMAR\AppData\Local\Microsoft\WindowsApps;C:\Users\ASHWANI KUMAR\AppData\Local\atom\bin;C:\Users\ASHWANI KUMAR\AppData\Local\Programs\Microsoft VS Code\bin;C:\Users\ASHWANI KUMAR\AppData\Local\Microsoft\WindowsApps;C:\flutter\bin;C:\Users\ASHWANI KUMAR\AppData\Roaming\npm;C:\Java\jdk1.8.0_202\bin;
USERNAME=ASHWANI KKUMAR
OS=Windows_NT
PROCESSOR_IDENTIFIER=AMD64 Family 23 Model 24 Stepping 1, AuthenticAMD
TMP=C:\Users\ASHWAN~1\AppData\Local\Temp
TEMP=C:\Users\ASHWAN~1\AppData\Local\Temp



---------------  S Y S T E M  ---------------

OS:
 Windows 11 , 64 bit Build 22621 (10.0.22621.3374)
OS uptime: 8 days 11:32 hours

CPU: total 8 (initial active 8) (8 cores per cpu, 2 threads per core) family 23 model 24 stepping 1 microcode 0x0, cx8, cmov, fxsr, ht, mmx, 3dnowpref, sse, sse2, sse3, ssse3, sse4a, sse4.1, sse4.2, popcnt, lzcnt, tsc, tscinvbit, avx, avx2, aes, clmul, bmi1, bmi2, adx, sha, fma, vzeroupper, clflush, clflushopt

Memory: 4k page, system-wide physical 6091M (339M free)
TotalPageFile size 24523M (AvailPageFile size 5M)
current process WorkingSet (physical memory assigned to process): 438M, peak: 441M
current process commit charge ("private bytes"): 541M, peak: 549M

vm_info: OpenJDK 64-Bit Server VM (17.0.6+0-b2043.56-9586694) for windows-amd64 JRE (17.0.6+0-b2043.56-9586694), built on Feb  9 2023 20:06:20 by "androidbuild" with MS VC++ 16.10 / 16.11 (VS2019)

END.
